# timestamp,resident_bytes,total_bytes,system_millis,user_millis
1619544584513,6533120,7909376,15,15
1619544585454,6533120,7909376,15,15
1619544586326,6533120,7909376,15,15
1619544587153,6533120,7909376,15,15
1619544587992,6533120,7909376,15,15
1619544588989,6533120,7909376,15,15
1619544589891,6533120,7909376,15,15
1619544590714,6533120,7909376,15,15
1619544591512,6533120,7909376,15,15
1619544592365,6533120,7909376,15,15
1619544593184,6533120,7909376,15,15
1619544594044,6533120,7909376,15,15
1619544594886,6533120,7909376,15,15
1619544595752,6533120,7909376,15,15
1619544596616,6533120,7909376,15,15
1619544597459,6533120,7909376,15,15
1619544598349,6533120,7909376,15,15
1619544599288,6533120,7909376,15,15
1619544600113,6533120,7909376,15,15
1619544600940,6533120,7909376,15,15
1619544601748,6533120,7909376,15,15
1619544602548,6533120,7909376,15,15
1619544603374,6533120,7909376,15,15
1619544604202,6533120,7909376,15,15
1619544605032,6533120,7909376,15,15
1619544605850,6533120,7909376,15,15
1619544606633,6533120,7909376,15,15
1619544607497,6533120,7909376,15,15
1619544608314,6533120,7909376,15,15
1619544609121,6533120,7909376,15,15
1619544609914,6533120,7909376,15,15
1619544610709,6533120,7909376,15,15
1619544611661,6533120,7909376,15,15
1619544612452,6533120,7909376,15,15
1619544613270,6533120,7909376,15,15
1619544614073,6565888,8003584,15,15
1619544614870,6565888,8003584,15,15
1619544615679,6565888,8003584,15,15
1619544616460,6565888,8003584,15,15
1619544617256,6565888,8003584,15,15
1619544618029,6565888,8003584,15,15
1619544618840,6565888,8003584,15,15
1619544619646,6565888,8003584,15,15
1619544620445,6565888,8003584,15,15
1619544621244,6565888,8003584,15,15
1619544622054,6565888,8003584,15,15
1619544622842,6565888,8003584,15,15
1619544623627,6565888,8003584,15,15
1619544624406,6565888,8003584,15,15
1619544625195,6565888,8003584,15,15
1619544626013,6565888,8003584,15,15
1619544626838,6565888,8003584,15,15
1619544627836,6565888,8003584,15,15
1619544628780,6565888,8003584,15,15
1619544629663,6578176,8015872,15,15
1619544630500,6578176,8015872,15,15
1619544631346,6578176,8015872,15,15
1619544632185,6578176,8015872,15,15
1619544633026,6578176,8015872,15,15
1619544633884,6578176,8015872,15,15
1619544634731,6578176,8015872,15,15
1619544635563,6578176,8015872,15,15
1619544636380,6578176,8015872,15,15
1619544637184,6578176,8015872,15,15
1619544638001,6578176,8015872,15,15
1619544638860,6578176,8015872,15,15
1619544639713,6578176,8015872,15,15
1619544640552,6578176,8015872,15,15
1619544641410,6578176,8015872,15,15
1619544642253,6578176,8015872,15,15
1619544643077,6578176,8015872,15,15
1619544643887,6516736,7852032,31,15
1619544644719,6516736,7852032,31,15
1619544645556,6516736,7852032,31,15
1619544646390,6516736,7852032,31,15
1619544647268,6516736,7852032,31,15
1619544648103,6516736,7852032,31,15
1619544648927,6516736,7852032,31,15
1619544649790,6516736,7852032,31,15
1619544650707,6516736,7852032,31,15
1619544651601,6516736,7852032,31,15
1619544652594,6516736,7852032,31,15
1619544653531,6516736,7852032,31,15
1619544654432,6516736,7852032,31,15
1619544655277,6516736,7852032,31,15
1619544656169,6516736,7852032,31,15
1619544657019,6516736,7852032,31,15
1619544658012,6516736,7852032,31,15
1619544658911,6516736,7852032,31,15
1619544659887,6516736,7852032,31,15
1619544660785,6516736,7852032,31,15
1619544661661,6516736,7852032,31,15
1619544662561,6516736,7852032,31,15
1619544663468,6516736,7852032,31,15
1619544664358,6516736,7852032,31,15
1619544665314,6516736,7852032,31,15
1619544666217,6516736,7852032,31,15
1619544667242,6516736,7852032,31,15
1619544668205,6516736,7852032,31,15
1619544669056,6516736,7852032,31,15
1619544670047,6516736,7852032,31,15
1619544671026,6516736,7852032,31,15
1619544671925,6516736,7852032,31,15
1619544672843,6516736,7852032,31,15
1619544673725,6516736,7852032,31,15
1619544674679,6516736,7852032,31,15
1619544675649,6516736,7852032,31,15
1619544676557,6516736,7852032,31,15
1619544677488,6516736,7852032,31,15
1619544678342,6516736,7852032,31,15
1619544679260,6516736,7852032,31,15
1619544680134,6516736,7852032,31,15
1619544680988,6516736,7852032,31,15
1619544681865,6516736,7852032,31,15
1619544682746,6516736,7852032,31,15
1619544683605,6516736,7852032,31,15
1619544684496,6516736,7852032,31,15
1619544685381,6516736,7852032,31,15
1619544686283,6516736,7852032,31,15
1619544687139,6516736,7852032,31,15
1619544687989,6516736,7852032,31,15
1619544688846,6516736,7852032,31,15
1619544689680,6516736,7852032,31,15
1619544690530,6516736,7852032,31,15
1619544691388,6516736,7852032,31,15
1619544692231,6516736,7852032,31,15
1619544693084,6516736,7852032,31,15
1619544694048,6516736,7852032,31,15
1619544694902,6516736,7852032,31,15
1619544695822,6516736,7852032,31,15
1619544696683,6516736,7852032,31,15
1619544697569,6516736,7852032,31,31
1619544698517,6516736,7852032,31,31
1619544699348,6516736,7852032,31,31
1619544700249,6516736,7852032,31,31
1619544701190,6516736,7852032,31,31
1619544702122,6516736,7852032,31,31
1619544703004,6516736,7852032,31,31
1619544703877,6516736,7852032,31,31
1619544704699,6516736,7852032,31,31
1619544705521,6516736,7852032,31,31
1619544706360,6516736,7852032,31,31
1619544707230,6516736,7852032,31,31
1619544708073,6516736,7852032,31,31
1619544708917,6516736,7852032,31,31
1619544709750,6516736,7852032,31,31
1619544710700,6516736,7852032,31,31
1619544711589,6516736,7852032,31,31
1619544712432,6516736,7852032,31,31
1619544713279,6516736,7852032,31,31
1619544714123,6516736,7852032,31,31
1619544715038,6516736,7852032,31,31
1619544715970,6516736,7852032,31,31
1619544716858,6516736,7852032,31,31
1619544717726,6516736,7852032,31,31
1619544718624,6492160,7766016,31,31
1619544719500,6492160,7766016,31,31
1619544720388,6492160,7766016,31,31
1619544721244,6492160,7766016,31,31
1619544722099,6492160,7766016,31,31
1619544722961,6492160,7766016,31,31
1619544723769,6492160,7766016,31,31
1619544724625,6492160,7766016,31,31
1619544725509,6492160,7766016,31,31
1619544726359,6492160,7766016,31,31
1619544727218,6492160,7766016,31,31
1619544728096,6492160,7766016,31,31
1619544728970,6492160,7766016,31,31
1619544729804,6492160,7766016,31,31
1619544730721,6492160,7766016,31,31
1619544731564,6492160,7766016,31,31
1619544732412,6492160,7766016,31,31
1619544733279,6492160,7766016,31,31
1619544734112,6492160,7766016,31,31
1619544734963,6492160,7766016,31,31
1619544735975,6492160,7766016,31,31
1619544736919,6492160,7766016,31,31
1619544737856,6492160,7766016,31,31
1619544738773,6492160,7766016,31,31
1619544739653,6492160,7766016,31,31
1619544740560,6492160,7766016,31,31
1619544741461,6492160,7766016,31,31
1619544742386,6492160,7766016,31,31
1619544743249,6492160,7766016,31,31
1619544744105,6492160,7766016,31,31
1619544744990,6492160,7766016,31,31
1619544745854,6492160,7766016,31,31
1619544746765,6492160,7766016,31,31
1619544747636,6492160,7766016,31,31
1619544748512,6492160,7766016,31,31
1619544749406,6492160,7766016,31,31
1619544750392,6492160,7766016,31,31
1619544751279,6492160,7766016,31,31
1619544752177,6492160,7766016,31,31
1619544753137,6492160,7766016,31,31
1619544753998,6492160,7766016,31,31
1619544754889,6492160,7766016,31,31
1619544755805,6492160,7766016,31,31
1619544756872,6492160,7766016,31,31
1619544757804,6492160,7766016,31,31
1619544758720,6492160,7766016,31,31
1619544759653,6492160,7766016,31,31
1619544760540,6492160,7766016,31,31
1619544761395,6492160,7766016,31,31
1619544762251,6492160,7766016,31,31
1619544763157,6492160,7766016,31,31
1619544764027,6492160,7766016,31,31
1619544764886,6492160,7766016,31,31
1619544765776,6492160,7766016,31,31
1619544766656,6492160,7766016,31,31
1619544767538,6492160,7766016,31,31
1619544768397,6492160,7766016,31,31
1619544769251,6492160,7766016,31,31
1619544770107,6492160,7766016,31,31
1619544770977,6492160,7766016,31,31
1619544771830,6492160,7766016,31,31
1619544772726,6492160,7766016,31,31
1619544773618,6492160,7766016,31,31
1619544774494,6492160,7766016,31,31
1619544775391,6492160,7766016,31,31
1619544776278,6492160,7766016,31,31
1619544777149,6492160,7766016,31,31
1619544778035,6492160,7766016,31,31
1619544778905,6492160,7766016,31,31
1619544779799,6492160,7766016,31,31
1619544780671,6492160,7766016,31,31
1619544781551,6492160,7766016,31,31
1619544782469,6492160,7766016,31,31
1619544783385,6492160,7766016,31,31
1619544784280,6492160,7766016,31,31
1619544785152,6492160,7766016,31,31
1619544786093,6492160,7766016,31,31
1619544787075,6492160,7766016,31,31
1619544787980,6492160,7766016,31,31
1619544788874,6492160,7766016,31,31
1619544789727,6492160,7766016,31,31
1619544790602,6492160,7766016,31,31
1619544791503,6492160,7766016,31,31
1619544792383,6492160,7766016,31,31
1619544793267,6492160,7766016,31,31
1619544794217,6492160,7766016,31,31
1619544795093,6492160,7766016,31,31
1619544795974,6492160,7766016,31,31
1619544796844,6492160,7766016,31,31
1619544797700,6492160,7766016,31,31
1619544798578,6492160,7766016,31,31
1619544799583,6492160,7766016,31,31
1619544800590,6492160,7766016,31,31
1619544801698,6492160,7766016,31,31
1619544802785,6492160,7766016,31,31
1619544803788,6492160,7766016,31,31
1619544804823,6492160,7766016,31,31
1619544805939,6492160,7766016,31,31
1619544807076,6492160,7766016,31,31
1619544807937,6492160,7766016,31,31
1619544808837,6492160,7766016,31,31
1619544809849,6492160,7766016,31,31
1619544810815,6492160,7766016,31,31
1619544811874,6492160,7766016,31,31
1619544812771,6492160,7766016,31,31
1619544813647,6492160,7766016,31,31
1619544814543,6492160,7766016,31,31
1619544815489,6492160,7766016,31,31
1619544816479,6492160,7766016,31,31
1619544817509,6492160,7766016,31,31
1619544818386,6492160,7766016,31,31
1619544819244,6492160,7766016,31,31
1619544820130,6492160,7766016,31,31
1619544821026,6492160,7766016,31,31
1619544821906,6492160,7766016,31,31
1619544822884,6492160,7766016,31,31
1619544823877,6492160,7766016,31,31
1619544824787,6492160,7766016,31,31
1619544825671,6492160,7766016,31,31
1619544826554,6492160,7766016,31,31
1619544827462,6492160,7766016,31,31
1619544828326,6492160,7766016,31,31
1619544829193,6492160,7766016,31,31
1619544830052,6492160,7766016,31,31
1619544830924,6492160,7766016,31,31
1619544831915,6492160,7766016,31,31
1619544832793,6492160,7766016,31,31
1619544833671,6492160,7766016,31,31
1619544834574,6492160,7766016,31,31
1619544835452,6492160,7766016,31,31
1619544836349,6492160,7766016,31,31
1619544837224,6492160,7766016,31,31
1619544838068,6492160,7766016,31,31
1619544838939,6492160,7766016,31,31
1619544839822,6492160,7766016,31,31
1619544840736,6492160,7766016,31,31
1619544841601,6492160,7766016,31,31
1619544842529,6492160,7766016,31,31
1619544843453,6492160,7766016,31,31
1619544844331,6492160,7766016,31,31
1619544845255,6492160,7766016,31,31
1619544846145,6492160,7766016,31,31
1619544847075,6492160,7766016,31,31
1619544848041,6492160,7766016,31,31
1619544848927,6492160,7766016,31,31
1619544849848,6492160,7766016,31,31
1619544850788,6492160,7766016,31,31
1619544851762,6492160,7766016,31,31
1619544852753,6492160,7766016,31,31
1619544853628,6492160,7766016,31,31
1619544854513,6492160,7766016,31,31
1619544855392,6492160,7766016,31,31
1619544856273,6492160,7766016,31,31
1619544857163,6492160,7766016,31,31
1619544858053,6492160,7766016,31,31
1619544859197,6492160,7766016,31,31
1619544860108,6492160,7766016,31,31
1619544860994,6492160,7766016,31,31
1619544861933,6492160,7766016,31,31
1619544862944,6492160,7766016,31,31
1619544863934,6492160,7766016,31,31
1619544864841,6492160,7766016,31,31
1619544865747,6492160,7766016,31,31
1619544866693,6492160,7766016,31,31
1619544867600,6492160,7766016,31,31
1619544868499,6492160,7766016,31,31
1619544869391,6492160,7766016,31,31
1619544870318,6492160,7766016,31,31
1619544871254,6492160,7766016,31,31
1619544872148,6492160,7766016,31,31
1619544873080,6492160,7766016,31,31
1619544874002,6492160,7766016,31,31
1619544874889,6492160,7766016,31,31
1619544875785,6492160,7766016,31,31
1619544876679,6492160,7766016,31,31
1619544877589,6492160,7766016,31,31
1619544878513,6492160,7766016,31,31
1619544879381,6492160,7766016,31,31
1619544880259,6492160,7766016,31,31
1619544881153,6492160,7766016,31,31
1619544882030,6492160,7766016,31,31
1619544882942,6492160,7766016,31,31
1619544883837,6479872,7720960,31,31
1619544884738,6479872,7720960,31,31
1619544885721,6479872,7720960,31,31
1619544886713,6479872,7720960,31,31
1619544887653,6479872,7720960,31,31
1619544888555,6479872,7720960,31,31
1619544889451,6479872,7720960,31,31
1619544890360,6479872,7720960,31,31
1619544891252,6479872,7720960,31,31
1619544892131,6479872,7720960,31,31
1619544893066,6479872,7720960,31,31
1619544893964,6479872,7720960,31,31
1619544894858,6479872,7720960,31,31
1619544895750,6479872,7720960,31,31
1619544896616,6479872,7720960,31,31
1619544897564,6479872,7720960,31,31
1619544898488,6479872,7720960,31,31
1619544899384,6479872,7720960,31,31
1619544900313,6479872,7720960,31,31
1619544901228,6479872,7720960,31,31
1619544902132,6479872,7720960,31,31
1619544903034,6479872,7720960,31,31
1619544903934,6479872,7720960,31,31
1619544904854,6479872,7720960,31,31
1619544905728,6479872,7720960,31,31
1619544906640,6479872,7720960,31,31
1619544907540,6479872,7720960,31,31
1619544908422,6479872,7720960,31,31
1619544909374,6479872,7720960,31,31
1619544910294,6479872,7720960,31,31
1619544911220,6479872,7720960,31,31
1619544912133,6479872,7720960,31,31
1619544913037,6479872,7720960,31,31
1619544913981,6479872,7720960,31,31
1619544915081,6479872,7720960,31,31
1619544916045,6479872,7720960,31,31
1619544916952,6479872,7720960,31,31
1619544917914,6479872,7720960,31,31
1619544918816,6479872,7720960,31,31
1619544919799,6479872,7720960,31,31
1619544920862,6479872,7720960,31,31
1619544921916,6479872,7720960,31,31
1619544923021,6479872,7720960,31,31
1619544924031,6479872,7720960,31,31
1619544925135,6479872,7720960,31,31
1619544926174,6479872,7720960,31,31
1619544927201,6479872,7720960,31,31
1619544928201,6479872,7720960,31,31
1619544929320,6479872,7720960,31,31
1619544930305,6479872,7720960,31,31
1619544931182,6479872,7720960,31,31
1619544932036,6479872,7720960,31,31
1619544932932,6479872,7720960,31,31
1619544933853,6479872,7720960,31,31
1619544934757,6479872,7720960,31,31
1619544935665,6479872,7720960,31,31
1619544936588,6479872,7720960,31,31
1619544937495,6479872,7720960,31,31
1619544938463,6479872,7720960,31,31
1619544939375,6479872,7720960,31,31
1619544940486,6479872,7720960,31,31
1619544941859,6479872,7720960,31,31
1619544943062,6479872,7720960,31,31
1619544944093,6479872,7720960,31,31
1619544945417,6479872,7720960,31,31
1619544946409,6479872,7720960,31,31
1619544947329,6479872,7720960,31,31
1619544948297,6479872,7720960,31,31
1619544949182,6479872,7720960,31,31
1619544950110,6479872,7720960,31,31
1619544951006,6479872,7720960,31,31
1619544951979,6479872,7720960,31,31
1619544952933,6479872,7720960,31,31
1619544953953,6479872,7720960,31,31
1619544954845,6479872,7720960,31,31
1619544955781,6479872,7720960,31,31
1619544956681,6479872,7720960,31,31
1619544957615,6479872,7720960,31,31
1619544958538,6479872,7720960,31,31
1619544959426,6479872,7720960,31,31
1619544960316,6479872,7720960,31,31
1619544961233,6479872,7720960,31,31
1619544962168,6479872,7720960,31,31
1619544963094,6479872,7720960,31,31
1619544964028,6479872,7720960,31,31
1619544964966,6479872,7720960,31,31
1619544965901,6479872,7720960,31,31
1619544966845,6479872,7720960,31,31
1619544967774,6479872,7720960,31,31
1619544968673,6479872,7720960,31,31
1619544969643,6479872,7720960,31,31
1619544970601,6479872,7720960,31,31
1619544971675,6479872,7720960,31,31
1619544972615,6479872,7720960,31,31
1619544973662,6479872,7720960,31,31
1619544974782,6479872,7720960,31,31
1619544975917,6479872,7720960,31,31
1619544977102,6479872,7720960,31,31
1619544978123,6479872,7720960,31,31
1619544979198,6479872,7720960,31,31
1619544980321,6479872,7720960,31,31
1619544981380,6479872,7720960,31,31
1619544982420,6479872,7720960,31,31
1619544983490,6479872,7720960,31,31
1619544984441,6479872,7720960,31,31
1619544985398,6479872,7720960,31,31
1619544986451,6479872,7720960,31,31
1619544987433,6479872,7720960,31,31
1619544988384,6479872,7720960,31,31
1619544989345,6479872,7720960,31,31
1619544990312,6479872,7720960,31,31
1619544991348,6479872,7720960,31,31
1619544992315,6479872,7720960,31,31
1619544993321,6479872,7720960,31,31
1619544994297,6479872,7720960,31,31
1619544995332,6479872,7720960,31,31
1619544996463,6479872,7720960,31,31
1619544997437,6479872,7720960,31,31
1619544998484,6479872,7720960,31,31
1619544999412,6479872,7720960,31,31
1619545000315,6479872,7720960,31,31
1619545001241,6479872,7720960,31,31
1619545002134,6479872,7720960,31,31
1619545003020,6479872,7720960,31,31
1619545003898,6479872,7720960,31,31
1619545004776,6479872,7720960,31,31
1619545005680,6479872,7720960,31,31
1619545006606,6479872,7720960,31,31
1619545007491,6479872,7720960,31,31
1619545008395,6479872,7720960,31,31
1619545009305,6479872,7720960,31,31
1619545010227,6479872,7720960,31,31
1619545011111,6479872,7720960,31,31
1619545012006,6479872,7720960,31,31
1619545012912,6479872,7720960,31,31
1619545013803,6479872,7720960,31,31
1619545014739,6479872,7720960,31,31
1619545015715,6479872,7720960,31,31
1619545016728,6479872,7720960,31,31
1619545017806,6479872,7720960,31,31
1619545018832,6479872,7720960,31,31
1619545019802,6479872,7720960,31,31
1619545020886,6479872,7720960,31,31
1619545021903,6479872,7720960,31,31
1619545022862,6479872,7720960,31,31
1619545023820,6479872,7720960,31,31
1619545024761,6479872,7720960,31,31
1619545025725,6479872,7720960,31,31
1619545026669,6479872,7720960,31,31
1619545027738,6479872,7720960,31,31
1619545028849,6479872,7720960,31,31
1619545029775,6479872,7720960,31,31
1619545030662,6479872,7720960,31,31
1619545031557,6479872,7720960,31,31
1619545032470,6479872,7720960,31,31
1619545033372,6479872,7720960,31,31
1619545034250,6479872,7720960,31,31
1619545035118,6479872,7720960,31,31
1619545036039,6479872,7720960,31,31
1619545037063,6479872,7720960,31,31
1619545038027,6479872,7720960,31,31
1619545038988,6479872,7720960,31,31
1619545039912,6479872,7720960,31,31
1619545040868,6479872,7720960,31,31
1619545041857,6479872,7720960,31,31
1619545042821,6479872,7720960,31,31
1619545043807,6479872,7720960,31,31
1619545044803,6479872,7720960,31,31
1619545045907,6479872,7720960,31,31
1619545046848,6479872,7720960,31,31
1619545047834,6479872,7720960,31,31
1619545048842,6479872,7720960,31,31
1619545049773,6479872,7720960,31,31
1619545050777,6479872,7720960,31,31
1619545051765,6479872,7720960,31,31
1619545052697,6479872,7720960,31,31
1619545053646,6479872,7720960,31,31
1619545054575,6479872,7720960,31,31
1619545055517,6479872,7720960,31,31
1619545056458,6479872,7720960,31,31
1619545057414,6479872,7720960,31,31
1619545058304,6479872,7720960,31,31
1619545059274,6479872,7720960,31,31
1619545060333,6479872,7720960,31,31
1619545061306,6479872,7720960,31,31
1619545062374,6479872,7720960,31,31
1619545063276,6479872,7720960,31,31
1619545064232,6479872,7720960,31,31
1619545065180,6479872,7720960,31,31
1619545066117,6479872,7720960,31,31
1619545067044,6479872,7720960,31,31
1619545067991,6479872,7720960,31,31
1619545068888,6479872,7720960,31,31
1619545069795,6479872,7720960,31,31
1619545070768,6479872,7720960,31,31
1619545071680,6479872,7720960,31,31
1619545072604,6479872,7720960,31,31
1619545073573,6479872,7720960,31,31
1619545074501,6479872,7720960,31,31
1619545075363,6479872,7720960,31,31
1619545076275,6479872,7720960,31,31
1619545077144,6479872,7720960,31,31
1619545078089,6479872,7720960,31,31
1619545078977,6479872,7720960,31,31
1619545079849,6479872,7720960,31,31
1619545080704,6479872,7720960,31,31
1619545081581,6479872,7720960,31,31
1619545082480,6479872,7720960,31,31
1619545083342,6479872,7720960,31,31
1619545084196,6479872,7720960,31,31
1619545085054,6479872,7720960,31,31
1619545085937,6479872,7720960,31,31
1619545086837,6479872,7720960,31,31
1619545087686,6479872,7720960,31,31
1619545088572,6479872,7720960,31,31
1619545089454,6479872,7720960,31,31
1619545090315,6479872,7720960,31,31
1619545091168,6479872,7720960,31,31
1619545092013,6479872,7720960,31,31
1619545092930,6479872,7720960,31,31
1619545093792,6479872,7720960,31,31
1619545094651,6479872,7720960,31,31
1619545095527,6479872,7720960,31,31
1619545096402,6479872,7720960,31,31
1619545097300,6479872,7720960,31,31
1619545098146,6479872,7720960,31,31
1619545099034,6479872,7720960,31,31
1619545099936,6479872,7720960,31,31
1619545100873,6479872,7720960,31,31
1619545101758,6479872,7720960,31,31
1619545102654,6479872,7720960,31,31
1619545103528,6479872,7720960,31,31
1619545104396,6479872,7720960,31,31
1619545105253,6479872,7720960,31,31
1619545106127,6479872,7720960,31,31
1619545106973,6479872,7720960,31,31
1619545107815,6479872,7720960,31,31
1619545108710,6479872,7720960,31,31
1619545109572,6479872,7720960,31,31
1619545110463,6479872,7720960,31,31
1619545111457,6479872,7720960,31,31
1619545112434,6479872,7720960,31,31
1619545113422,6479872,7720960,31,31
1619545114493,6479872,7720960,31,31
1619545115471,6479872,7720960,31,31
1619545116378,6479872,7720960,31,31
1619545117279,6479872,7720960,31,31
1619545118194,6479872,7720960,31,31
1619545119143,6479872,7720960,31,31
1619545120160,6479872,7720960,31,31
1619545121146,6479872,7720960,31,31
1619545122146,6479872,7720960,31,31
1619545123134,6479872,7720960,31,31
1619545124263,6479872,7720960,31,31
1619545125271,6479872,7720960,31,31
1619545126286,6479872,7720960,31,31
1619545127300,6479872,7720960,31,31
1619545128400,6479872,7720960,31,31
1619545129421,6479872,7720960,31,31
1619545130443,6479872,7720960,31,31
1619545131464,6479872,7720960,31,31
1619545132463,6479872,7720960,31,31
1619545133432,6479872,7720960,31,31
1619545134387,6479872,7720960,31,31
1619545135318,6479872,7720960,31,31
1619545136288,6479872,7720960,31,31
1619545137373,6479872,7720960,31,31
1619545138487,6479872,7720960,31,31
1619545139481,6479872,7720960,31,31
1619545140464,6479872,7720960,31,31
1619545141561,6479872,7720960,31,31
1619545142531,6479872,7720960,31,31
1619545143489,6479872,7720960,31,31
1619545144433,6479872,7720960,31,31
1619545145357,6479872,7720960,31,31
1619545146345,6479872,7720960,31,31
1619545147259,6479872,7720960,31,31
1619545148193,6479872,7720960,31,31
1619545149146,6479872,7720960,31,31
1619545150062,6479872,7720960,31,31
1619545151142,6479872,7720960,31,31
1619545152210,6479872,7720960,31,31
1619545153134,6479872,7720960,31,31
1619545154024,6479872,7720960,31,31
1619545154900,6479872,7720960,31,31
1619545155781,6479872,7720960,31,31
1619545156650,6479872,7720960,31,31
1619545157557,6479872,7720960,31,31
1619545158457,6479872,7720960,31,31
1619545159320,6479872,7720960,31,31
1619545160164,6479872,7720960,31,31
1619545161052,6479872,7720960,31,31
1619545162054,6479872,7720960,31,31
1619545162931,6479872,7720960,31,31
1619545163794,6479872,7720960,31,31
1619545164685,6479872,7720960,31,31
1619545165513,6479872,7720960,31,31
1619545166372,6479872,7720960,31,31
1619545167241,6479872,7720960,31,31
1619545168134,6479872,7720960,31,31
1619545169006,6479872,7720960,31,31
1619545169933,6479872,7720960,31,31
1619545171109,6479872,7720960,31,31
1619545172003,6479872,7720960,31,31
1619545172882,6479872,7720960,31,31
1619545173765,6479872,7720960,31,31
1619545174637,6479872,7720960,31,31
1619545175477,6479872,7720960,31,31
1619545176360,6479872,7720960,31,31
1619545177310,6479872,7720960,31,31
1619545178208,6479872,7720960,31,31
1619545179151,6479872,7720960,31,31
1619545180029,6479872,7720960,31,31
1619545180930,6479872,7720960,31,31
1619545181768,6479872,7720960,31,31
1619545182640,6479872,7720960,31,31
1619545183505,6479872,7720960,31,31
1619545184355,6479872,7720960,31,31
1619545185208,6479872,7720960,31,31
1619545186094,6479872,7720960,31,31
1619545187091,6479872,7720960,31,31
1619545188214,6479872,7720960,31,31
1619545189388,6479872,7720960,31,31
1619545190376,6479872,7720960,31,31
1619545191420,6479872,7720960,31,31
1619545192457,6479872,7720960,31,31
1619545193321,6479872,7720960,31,31
1619545194228,6479872,7720960,31,31
1619545195082,6479872,7720960,31,31
1619545196006,6479872,7720960,31,31
1619545196872,6479872,7720960,31,31
1619545197807,6479872,7720960,31,31
1619545198843,6479872,7720960,31,31
1619545199849,6479872,7720960,31,31
1619545200723,6479872,7720960,31,31
1619545201621,6479872,7720960,31,31
1619545202522,6479872,7720960,31,31
1619545203382,6479872,7720960,31,31
1619545204233,6479872,7720960,31,31
1619545205102,6479872,7720960,31,31
1619545205982,6479872,7720960,31,31
1619545206844,6479872,7720960,31,31
1619545207691,6479872,7720960,31,31
1619545208579,6479872,7720960,31,31
1619545209469,6479872,7720960,31,31
1619545210363,6479872,7720960,31,31
1619545211235,6479872,7720960,31,31
1619545212103,6479872,7720960,31,31
1619545212965,6479872,7720960,31,31
1619545213813,6479872,7720960,31,31
1619545214657,6479872,7720960,31,31
1619545215557,6479872,7720960,31,31
1619545216398,6479872,7720960,31,31
1619545217233,6479872,7720960,31,31
1619545218095,6479872,7720960,31,31
1619545218939,6479872,7720960,31,31
1619545219880,6479872,7720960,31,31
1619545220809,6479872,7720960,31,31
1619545221681,6479872,7720960,31,31
1619545222656,6479872,7720960,31,31
1619545223537,6479872,7720960,31,31
1619545224415,6479872,7720960,31,31
1619545225370,6479872,7720960,31,31
1619545226281,6479872,7720960,31,31
1619545227171,6479872,7720960,31,31
1619545228059,6479872,7720960,31,31
1619545228901,6479872,7720960,31,31
1619545229773,6479872,7720960,31,31
1619545230660,6479872,7720960,31,31
1619545231523,6479872,7720960,31,31
1619545232371,6479872,7720960,31,31
1619545233246,6479872,7720960,31,31
1619545234174,6479872,7720960,31,31
1619545235301,6479872,7720960,31,31
1619545236162,6479872,7720960,31,31
1619545237057,6479872,7720960,31,31
1619545238071,6479872,7720960,31,31
1619545238981,6479872,7720960,31,31
1619545239939,6479872,7720960,31,31
1619545240808,6479872,7720960,31,31
1619545241697,6479872,7720960,31,31
1619545242593,6479872,7720960,31,31
1619545243511,6479872,7720960,31,31
1619545244416,6479872,7720960,31,31
1619545245387,6479872,7720960,31,31
1619545246311,6479872,7720960,31,31
1619545247415,6479872,7720960,31,31
1619545248261,6479872,7720960,31,31
1619545249128,6479872,7720960,31,31
1619545249989,6479872,7720960,31,31
1619545250874,6479872,7720960,31,31
1619545251750,6479872,7720960,31,31
1619545252640,6479872,7720960,31,31
1619545253514,6479872,7720960,31,31
1619545254374,6479872,7720960,31,31
1619545255235,6479872,7720960,46,31
1619545256116,6479872,7720960,46,31
1619545256973,6479872,7720960,46,31
1619545257838,6479872,7720960,46,31
1619545258726,6479872,7720960,46,31
1619545259618,6479872,7720960,46,31
1619545260527,6479872,7720960,46,31
1619545261386,6479872,7720960,46,31
1619545262244,6479872,7720960,46,31
1619545263101,6479872,7720960,46,31
1619545263980,6479872,7720960,46,31
1619545264848,6479872,7720960,46,31
1619545265714,6479872,7720960,46,31
1619545266639,6479872,7720960,46,31
1619545267528,6479872,7720960,46,31
1619545268371,6479872,7720960,46,31
1619545269208,6479872,7720960,46,31
1619545270083,6479872,7720960,46,31
1619545270938,6479872,7720960,46,31
1619545271785,6479872,7720960,46,31
1619545272711,6479872,7720960,46,31
1619545273607,6479872,7720960,46,31
1619545274479,6479872,7720960,46,31
1619545275329,6479872,7720960,46,31
1619545276190,6479872,7720960,46,31
1619545277054,6479872,7720960,46,31
1619545277960,6479872,7720960,46,31
1619545278828,6479872,7720960,46,31
1619545279764,6479872,7720960,46,31
1619545280587,6479872,7720960,46,31
1619545281522,6479872,7720960,46,31
1619545282376,6479872,7720960,46,31
1619545283240,6479872,7720960,46,31
1619545284069,6479872,7720960,46,31
1619545284909,6479872,7720960,46,31
1619545285753,6479872,7720960,46,31
1619545286635,6479872,7720960,46,31
1619545287493,6479872,7720960,46,31
1619545288367,6479872,7720960,46,31
1619545289236,6479872,7720960,46,31
1619545290152,6479872,7720960,46,31
1619545290993,6479872,7720960,46,31
1619545291898,6479872,7720960,46,31
1619545292777,6479872,7720960,46,31
1619545293671,6479872,7720960,46,31
1619545294543,6479872,7720960,46,31
1619545295444,6479872,7720960,46,31
1619545296329,6479872,7720960,46,31
1619545297182,6479872,7720960,46,31
1619545298070,6479872,7720960,46,31
1619545298950,6479872,7720960,46,31
1619545299799,6479872,7720960,46,31
1619545300666,6479872,7720960,46,31
1619545301565,6479872,7720960,46,31
1619545302457,6479872,7720960,46,31
1619545303340,6479872,7720960,46,31
1619545304222,6479872,7720960,46,31
1619545305093,6479872,7720960,46,31
1619545306008,6479872,7720960,46,31
1619545306940,6479872,7720960,46,31
1619545307844,6479872,7720960,46,31
1619545308822,6479872,7720960,46,31
1619545309762,6479872,7720960,46,31
1619545310697,6479872,7720960,46,31
1619545311694,6479872,7720960,46,31
1619545312686,6479872,7720960,46,31
1619545313593,6479872,7720960,46,31
1619545314491,6479872,7720960,46,31
1619545315349,6479872,7720960,46,31
1619545316358,6479872,7720960,62,31
1619545317225,6479872,7720960,62,31
1619545318090,6479872,7720960,62,31
1619545318999,6479872,7720960,62,31
1619545319939,6479872,7720960,62,31
1619545320835,6479872,7720960,62,31
1619545321761,6479872,7720960,62,31
1619545322622,6479872,7720960,62,31
1619545323496,6479872,7720960,62,31
1619545324385,6479872,7720960,62,31
1619545325245,6479872,7720960,62,31
1619545326125,6479872,7720960,62,31
1619545326982,6479872,7720960,62,31
1619545327868,6479872,7720960,62,31
1619545328768,6479872,7720960,62,31
1619545329636,6479872,7720960,62,31
1619545330504,6479872,7720960,62,31
1619545331431,6479872,7720960,62,31
1619545332357,6479872,7720960,62,31
1619545333235,6479872,7720960,62,31
1619545334137,6479872,7720960,62,31
1619545334994,6479872,7720960,62,31
1619545335845,6479872,7720960,62,31
1619545336753,6479872,7720960,62,31
1619545337634,6479872,7720960,62,31
1619545338530,6479872,7720960,62,31
1619545339444,6479872,7720960,62,31
1619545340378,6479872,7720960,62,31
1619545341333,6479872,7720960,62,31
1619545342184,6479872,7720960,62,31
1619545343048,6479872,7720960,62,31
1619545343932,6479872,7720960,62,31
1619545344831,6479872,7720960,62,31
1619545345717,6479872,7720960,62,31
1619545346598,6479872,7720960,62,31
1619545347489,6479872,7720960,62,31
1619545348324,6479872,7720960,62,31
1619545349179,6479872,7720960,62,31
1619545350034,6479872,7720960,62,31
1619545350894,6479872,7720960,62,31
1619545351787,6479872,7720960,62,31
1619545352682,6479872,7720960,62,31
1619545353528,6479872,7720960,62,31
1619545354374,6479872,7720960,62,31
1619545355234,6479872,7720960,62,46
1619545356120,6479872,7720960,62,46
1619545356978,6479872,7720960,62,46
1619545357857,6479872,7720960,62,46
1619545358747,6479872,7720960,62,46
1619545359650,6479872,7720960,62,46
1619545360548,6479872,7720960,62,46
1619545361392,6479872,7720960,62,46
1619545362253,6479872,7720960,62,46
1619545363101,6479872,7720960,62,46
1619545363956,6479872,7720960,62,46
1619545364845,6479872,7720960,62,46
1619545365689,6479872,7720960,62,46
1619545366561,6479872,7720960,78,46
1619545367418,6479872,7720960,78,46
1619545368340,6479872,7720960,78,46
1619545369251,6479872,7720960,78,46
1619545370189,6479872,7720960,78,46
1619545371058,6479872,7720960,78,46
1619545371922,6479872,7720960,78,46
1619545372770,6479872,7720960,78,46
1619545373642,6479872,7720960,78,46
1619545374592,6479872,7720960,78,46
1619545375524,6479872,7720960,78,46
1619545376499,6479872,7720960,93,46
1619545377431,6479872,7720960,93,46
1619545378333,6479872,7720960,93,46
1619545379250,6479872,7720960,93,46
1619545380194,6479872,7720960,93,46
1619545381027,6479872,7720960,93,46
1619545381899,6479872,7720960,93,46
1619545382837,6479872,7720960,93,46
1619545383775,6479872,7720960,93,46
1619545384679,6479872,7720960,93,46
1619545385575,6479872,7720960,93,46
1619545386468,6479872,7720960,93,46
1619545387329,6479872,7720960,93,46
1619545388290,6479872,7720960,93,46
1619545389157,6479872,7720960,93,46
1619545390026,6479872,7720960,93,46
1619545390870,6479872,7720960,93,46
1619545391749,6479872,7720960,93,46
1619545392664,6479872,7720960,93,46
1619545393543,6479872,7720960,93,46
1619545394429,6479872,7720960,93,46
1619545395322,6479872,7720960,93,46
1619545396200,6479872,7720960,93,46
1619545397063,6479872,7720960,93,46
1619545397928,6479872,7720960,93,46
1619545398791,6479872,7720960,93,46
1619545399664,6479872,7720960,93,46
1619545400539,6479872,7720960,93,46
1619545401376,6479872,7720960,93,46
1619545402259,6479872,7720960,93,46
1619545403130,6479872,7720960,93,46
1619545403997,6479872,7720960,93,46
1619545404833,6479872,7720960,93,46
1619545405678,6479872,7720960,93,46
1619545406517,6479872,7720960,93,46
1619545407377,6479872,7720960,93,46
1619545408226,6479872,7720960,93,46
1619545409115,6479872,7720960,93,46
1619545409994,6479872,7720960,93,46
1619545410867,6479872,7720960,93,46
1619545411799,6479872,7720960,93,46
1619545412665,6479872,7720960,93,46
1619545413603,6479872,7720960,93,46
1619545414468,6479872,7720960,93,46
1619545415345,6479872,7720960,93,46
1619545416198,6479872,7720960,93,46
1619545417086,6479872,7720960,93,46
1619545417984,6479872,7720960,93,46
1619545418859,6479872,7720960,93,46
1619545419750,6479872,7720960,93,46
1619545420655,6479872,7720960,93,46
1619545421560,6479872,7720960,93,46
1619545422471,6479872,7720960,93,46
1619545423337,6479872,7720960,93,46
1619545424236,6479872,7720960,93,46
1619545425140,6479872,7720960,93,46
1619545426035,6479872,7720960,93,46
1619545426918,6479872,7720960,93,46
1619545427817,6479872,7720960,93,46
1619545428710,6479872,7720960,93,46
1619545429594,6479872,7720960,93,46
1619545430440,6479872,7720960,93,46
1619545431303,6479872,7720960,93,46
1619545432158,6479872,7720960,93,46
1619545433057,6479872,7720960,93,46
1619545433981,6479872,7720960,93,46
1619545434879,6479872,7720960,93,46
1619545435790,6479872,7720960,93,46
1619545436690,6479872,7720960,93,46
1619545437570,6479872,7720960,93,46
1619545438423,6479872,7720960,93,46
1619545439351,6479872,7720960,93,46
1619545440237,6479872,7720960,93,46
1619545441176,6479872,7720960,93,46
1619545442119,6479872,7720960,93,46
1619545443009,6479872,7720960,93,46
1619545443941,6479872,7720960,93,46
1619545444863,6479872,7720960,93,46
1619545445739,6479872,7720960,93,46
1619545446621,6479872,7720960,93,46
1619545447495,6479872,7720960,93,46
1619545448366,6479872,7720960,93,46
1619545449199,6479872,7720960,93,46
1619545450089,6479872,7720960,93,46
1619545451006,6479872,7720960,93,46
1619545451863,6479872,7720960,93,46
1619545452729,6479872,7720960,93,46
1619545453574,6479872,7720960,93,46
1619545454440,6479872,7720960,93,46
1619545455301,6479872,7720960,93,46
1619545456175,6479872,7720960,93,46
1619545457069,6479872,7720960,93,46
1619545457968,6479872,7720960,93,46
1619545458867,6479872,7720960,93,46
1619545459840,6479872,7720960,93,46
1619545460775,6479872,7720960,93,46
1619545461663,6479872,7720960,93,46
1619545462551,6479872,7720960,93,46
1619545463412,6479872,7720960,93,46
1619545464269,6479872,7720960,93,46
1619545465176,6479872,7720960,93,46
1619545466057,6479872,7720960,93,46
1619545466959,6479872,7720960,93,46
1619545467853,6479872,7720960,93,46
1619545468764,6479872,7720960,93,46
1619545469663,6479872,7720960,93,46
1619545470549,6479872,7720960,93,46
1619545471439,6479872,7720960,93,46
1619545472312,6479872,7720960,93,46
1619545473193,6479872,7720960,93,46
1619545474085,6479872,7720960,93,46
1619545474952,6479872,7720960,93,46
1619545475869,6479872,7720960,93,46
1619545476761,6479872,7720960,93,46
1619545477670,6479872,7720960,93,46
1619545478596,6479872,7720960,93,46
1619545479525,6479872,7720960,93,46
1619545480455,6479872,7720960,93,46
1619545481359,6479872,7720960,93,46
1619545482253,6479872,7720960,93,46
1619545483175,6479872,7720960,93,46
1619545484082,6479872,7720960,93,46
1619545485001,6479872,7720960,93,46
1619545485927,6479872,7720960,93,46
1619545486839,6479872,7720960,93,46
1619545487796,6479872,7720960,93,46
1619545488738,6479872,7720960,93,46
1619545489721,6479872,7720960,93,46
1619545490634,6479872,7720960,93,46
1619545491574,6479872,7720960,93,46
1619545492518,6479872,7720960,93,46
1619545493481,6479872,7720960,93,46
1619545494400,6479872,7720960,93,46
1619545495292,6479872,7720960,93,46
1619545496225,6479872,7720960,93,46
1619545497136,6479872,7720960,93,46
1619545498086,6479872,7720960,93,46
1619545499086,6479872,7720960,93,46
1619545500091,6479872,7720960,93,46
1619545501043,6479872,7720960,93,46
1619545501993,6479872,7720960,93,46
1619545502954,6479872,7720960,93,46
1619545503890,6479872,7720960,93,46
1619545504902,6479872,7720960,93,46
1619545505872,6479872,7720960,93,46
1619545506904,6479872,7720960,93,46
1619545507888,6479872,7720960,93,46
1619545508817,6479872,7720960,93,46
1619545509736,6479872,7720960,93,46
1619545510666,6479872,7720960,93,46
1619545511577,6479872,7720960,93,46
1619545512490,6479872,7720960,93,46
1619545513397,6479872,7720960,93,46
1619545514329,6479872,7720960,93,46
1619545515327,6479872,7720960,93,46
1619545516299,6479872,7720960,93,46
1619545517235,6479872,7720960,93,46
1619545518141,6479872,7720960,93,46
1619545519042,6479872,7720960,93,46
1619545519939,6479872,7720960,93,46
1619545520876,6479872,7720960,93,46
1619545521792,6479872,7720960,93,46
1619545522703,6479872,7720960,93,46
1619545523716,6479872,7720960,93,46
1619545524654,6479872,7720960,93,46
1619545525578,6479872,7720960,93,46
1619545526489,6479872,7720960,93,46
1619545527377,6479872,7720960,93,46
1619545528289,6479872,7720960,93,46
1619545529219,6479872,7720960,93,46
1619545530172,6479872,7720960,93,46
1619545531123,6479872,7720960,93,46
1619545532062,6479872,7720960,93,46
1619545532962,6479872,7720960,93,46
1619545533893,6479872,7720960,93,46
1619545534800,6479872,7720960,93,46
1619545535692,6479872,7720960,93,46
1619545536613,6479872,7720960,93,46
1619545537508,6479872,7720960,93,46
1619545538413,6479872,7720960,93,46
1619545539311,6479872,7720960,93,46
1619545540238,6479872,7720960,93,46
1619545541136,6479872,7720960,93,46
1619545542018,6479872,7720960,93,46
1619545542920,6479872,7720960,93,46
1619545543827,6479872,7720960,93,46
1619545544709,6479872,7720960,93,46
1619545545613,6479872,7720960,93,46
1619545546514,6479872,7720960,93,46
1619545547408,6479872,7720960,93,46
1619545548345,6479872,7720960,93,46
1619545549236,6479872,7720960,93,46
1619545550146,6479872,7720960,93,46
1619545551055,6479872,7720960,93,46
1619545551944,6479872,7720960,93,46
1619545552870,6479872,7720960,93,46
1619545553782,6479872,7720960,93,46
1619545554657,6479872,7720960,93,46
1619545555579,6479872,7720960,93,46
1619545556506,6479872,7720960,93,46
1619545557441,6479872,7720960,93,46
1619545558385,6479872,7720960,93,46
1619545559293,6479872,7720960,93,46
1619545560230,6479872,7720960,93,46
1619545561206,6479872,7720960,93,46
1619545562153,6479872,7720960,93,46
1619545563112,6479872,7720960,93,46
1619545564060,6479872,7720960,93,46
1619545565029,6479872,7720960,93,46
1619545565934,6479872,7720960,93,46
1619545566874,6479872,7720960,93,46
1619545567779,6479872,7720960,93,46
1619545568698,6479872,7720960,93,46
1619545569580,6479872,7720960,93,46
1619545570462,6479872,7720960,93,46
1619545571365,6479872,7720960,93,46
1619545572293,6479872,7720960,93,46
1619545573217,6479872,7720960,93,46
1619545574161,6479872,7720960,93,46
1619545575115,6479872,7720960,93,46
1619545576033,6479872,7720960,93,46
1619545576952,6479872,7720960,93,46
1619545577869,6479872,7720960,93,46
1619545578749,6479872,7720960,93,46
1619545579719,6479872,7720960,93,46
1619545580630,6479872,7720960,93,46
1619545581510,6479872,7720960,93,46
1619545582393,6479872,7720960,93,46
1619545583305,6479872,7720960,93,46
1619545584288,6479872,7720960,93,46
1619545585213,6479872,7720960,93,46
1619545586135,6479872,7720960,93,46
1619545587137,6479872,7720960,93,46
1619545588098,6479872,7720960,93,46
1619545588990,6479872,7720960,93,46
1619545589922,6479872,7720960,93,46
1619545590831,6479872,7720960,93,46
1619545591731,6479872,7720960,93,46
1619545592678,6479872,7720960,93,46
1619545593586,6479872,7720960,93,46
1619545594482,6479872,7720960,93,46
1619545595380,6479872,7720960,93,46
1619545596299,6479872,7720960,93,46
1619545597179,6479872,7720960,93,46
1619545598095,6479872,7720960,93,46
1619545598980,6479872,7720960,93,46
1619545599907,6479872,7720960,93,46
1619545600800,6479872,7720960,93,46
1619545601699,6479872,7720960,93,46
1619545602636,6479872,7720960,93,46
1619545603548,6479872,7720960,93,46
1619545604472,6479872,7720960,93,46
1619545605383,6479872,7720960,93,46
1619545606304,6479872,7720960,93,46
1619545607265,6479872,7720960,93,46
1619545608279,6479872,7720960,93,46
1619545609371,6479872,7720960,93,46
1619545610324,6479872,7720960,93,46
1619545611279,6479872,7720960,93,46
1619545612243,6479872,7720960,93,46
1619545613209,6479872,7720960,93,46
1619545614170,6479872,7720960,93,62
1619545615136,6479872,7720960,93,62
1619545616098,6479872,7720960,93,62
1619545617036,6479872,7720960,93,62
1619545617992,6479872,7720960,93,62
1619545618914,6479872,7720960,93,62
1619545619893,6479872,7720960,93,62
1619545620796,6479872,7720960,93,62
1619545621714,6479872,7720960,93,62
1619545622665,6479872,7720960,93,62
1619545623641,6479872,7720960,93,62
1619545624691,6479872,7720960,93,62
1619545625601,6479872,7720960,93,62
1619545626570,6479872,7720960,93,62
1619545627545,6479872,7720960,93,62
1619545628513,6479872,7720960,93,62
1619545629509,6479872,7720960,93,62
1619545630489,6479872,7720960,93,78
1619545631426,6479872,7720960,93,78
1619545632334,6479872,7720960,93,78
1619545633267,6479872,7720960,93,78
1619545634192,6479872,7720960,93,78
1619545635101,6479872,7720960,93,78
1619545636026,6479872,7720960,93,78
1619545636987,6479872,7720960,93,78
1619545638018,6479872,7720960,93,78
1619545639060,6479872,7720960,93,78
1619545640010,6479872,7720960,93,78
1619545641078,6479872,7720960,93,78
1619545642137,6479872,7720960,93,78
1619545643107,6479872,7720960,93,78
1619545644021,6479872,7720960,93,78
1619545644984,6479872,7720960,93,78
1619545645964,6479872,7720960,93,78
1619545646879,6479872,7720960,93,78
1619545647784,6479872,7720960,93,78
1619545648718,6479872,7720960,93,78
1619545649659,6479872,7720960,93,78
1619545650574,6479872,7720960,93,78
1619545651504,6479872,7720960,93,78
1619545652426,6479872,7720960,93,78
1619545653343,6479872,7720960,93,78
1619545654259,6479872,7720960,93,78
1619545655169,6479872,7720960,93,78
1619545656061,6479872,7720960,93,78
1619545656993,6479872,7720960,93,78
1619545657937,6479872,7720960,93,78
1619545658826,6479872,7720960,93,78
1619545659684,6479872,7720960,93,78
1619545660549,6479872,7720960,93,78
1619545661445,6479872,7720960,93,78
1619545662335,6479872,7720960,93,78
1619545663211,6479872,7720960,93,78
1619545664124,6479872,7720960,93,78
1619545665040,6479872,7720960,93,78
1619545665940,6479872,7720960,93,78
1619545666849,6479872,7720960,93,78
1619545667720,6479872,7720960,93,78
1619545668641,6479872,7720960,93,78
1619545669536,6479872,7720960,93,78
1619545670537,6479872,7720960,93,78
1619545671465,6479872,7720960,93,78
1619545672398,6479872,7720960,93,78
1619545673311,6479872,7720960,93,78
1619545674207,6479872,7720960,93,78
1619545675105,6479872,7720960,93,78
1619545675965,6479872,7720960,93,78
1619545676867,6479872,7720960,93,78
1619545677784,6479872,7720960,93,78
1619545678704,6479872,7720960,93,78
1619545679608,6479872,7720960,93,78
1619545680617,6479872,7720960,93,93
1619545681507,6479872,7720960,93,93
1619545682378,6479872,7720960,93,93
1619545683249,6479872,7720960,93,93
1619545684114,6479872,7720960,93,93
1619545685008,6479872,7720960,93,93
1619545685944,6479872,7720960,93,93
1619545686860,6479872,7720960,93,93
1619545687811,6479872,7720960,93,93
1619545688694,6479872,7720960,93,93
1619545689619,6479872,7720960,93,93
1619545690517,6479872,7720960,93,93
1619545691396,6479872,7720960,93,93
1619545692283,6479872,7720960,93,93
1619545693149,6479872,7720960,93,93
1619545694012,6479872,7720960,93,93
1619545694874,6479872,7720960,93,93
1619545695774,6479872,7720960,93,93
1619545696647,6479872,7720960,93,93
1619545697539,6479872,7720960,93,93
1619545698416,6479872,7720960,93,93
1619545699312,6479872,7720960,93,93
1619545700178,6479872,7720960,93,93
1619545701070,6479872,7720960,93,93
1619545702034,6479872,7720960,93,93
1619545702958,6479872,7720960,93,93
1619545703938,6479872,7720960,93,93
1619545704944,6479872,7720960,93,93
1619545705876,6479872,7720960,93,93
1619545706795,6479872,7720960,93,93
1619545707721,6479872,7720960,93,93
1619545708669,6479872,7720960,93,93
1619545709545,6479872,7720960,93,93
1619545710474,6479872,7720960,93,93
1619545711402,6479872,7720960,93,93
1619545712333,6479872,7720960,93,93
1619545713270,6479872,7720960,93,93
1619545714187,6479872,7720960,93,93
1619545715145,6479872,7720960,93,93
1619545716090,6479872,7720960,93,93
1619545716962,6479872,7720960,93,93
1619545717848,6479872,7720960,93,93
1619545718748,6479872,7720960,93,93
1619545719631,6479872,7720960,93,93
1619545720547,6479872,7720960,93,93
1619545721423,6479872,7720960,93,93
1619545722319,6479872,7720960,93,93
1619545723252,6479872,7720960,93,93
1619545724132,6479872,7720960,93,93
1619545725038,6479872,7720960,93,93
1619545725965,6479872,7720960,93,93
1619545726848,6479872,7720960,93,93
1619545727760,6479872,7720960,93,93
1619545728672,6479872,7720960,93,93
1619545729688,6479872,7720960,93,93
1619545730556,6479872,7720960,93,93
1619545731475,6479872,7720960,93,93
1619545732375,6479872,7720960,93,93
1619545733292,6479872,7720960,93,93
1619545734228,6479872,7720960,93,93
1619545735149,6479872,7720960,93,93
1619545736123,6479872,7720960,93,93
1619545737066,6479872,7720960,93,93
1619545737979,6479872,7720960,93,93
1619545738876,6479872,7720960,93,93
1619545739781,6479872,7720960,93,93
1619545740704,6479872,7720960,93,93
1619545741569,6479872,7720960,93,93
1619545742460,6479872,7720960,93,93
1619545743331,6479872,7720960,93,93
1619545744207,6479872,7720960,93,93
1619545745115,6479872,7720960,93,93
1619545745987,6479872,7720960,93,93
1619545746979,6479872,7720960,93,109
1619545747856,6479872,7720960,93,109
1619545748778,6479872,7720960,93,109
1619545749763,6479872,7720960,93,109
1619545750626,6479872,7720960,109,109
1619545751518,6479872,7720960,109,109
1619545752447,6479872,7720960,109,109
1619545753443,6479872,7720960,109,109
1619545754286,6479872,7720960,109,109
1619545755231,6479872,7720960,109,109
1619545756128,6479872,7720960,109,109
1619545757044,6479872,7720960,109,109
1619545757915,6479872,7720960,109,109
1619545758784,6479872,7720960,109,109
1619545759663,6479872,7720960,109,109
1619545760628,6479872,7720960,109,109
1619545761552,6479872,7720960,109,109
1619545762490,6479872,7720960,109,109
1619545763430,6479872,7720960,109,109
1619545764430,6479872,7720960,109,109
1619545765394,6479872,7720960,109,109
1619545766319,6479872,7720960,109,109
1619545767226,6479872,7720960,109,109
1619545768176,6479872,7720960,109,109
1619545769210,6479872,7720960,109,109
1619545770264,6479872,7720960,109,109
1619545771289,6479872,7720960,109,109
1619545772277,6479872,7720960,109,109
1619545773176,6479872,7720960,109,109
1619545774119,6479872,7720960,109,109
1619545775060,6479872,7720960,109,109
1619545775984,6479872,7720960,109,109
1619545776962,6479872,7720960,109,109
1619545777925,6479872,7720960,109,109
1619545778985,6479872,7720960,109,109
1619545779936,6479872,7720960,109,109
1619545780885,6479872,7720960,109,109
1619545781829,6479872,7720960,109,109
1619545782820,6479872,7720960,109,109
1619545783729,6479872,7720960,109,109
1619545784695,6479872,7720960,109,109
1619545785769,6479872,7720960,109,109
1619545786934,6479872,7720960,109,109
1619545788030,6479872,7720960,109,109
1619545789041,6479872,7720960,109,109
1619545790062,6479872,7720960,109,109
1619545791010,6479872,7720960,109,109
1619545791927,6479872,7720960,109,109
1619545792879,6479872,7720960,109,109
1619545793813,6479872,7720960,109,109
16