# timestamp,resident_bytes,total_bytes,system_millis,user_millis
1619544578922,23113728,50683904,593,390
1619544579768,22757376,49864704,593,437
1619544580534,22355968,49061888,593,437
1619544581294,21962752,48275456,593,437
1619544582088,21544960,47439872,593,437
1619544582881,21127168,46604288,593,437
1619544583705,20676608,45703168,593,437
1619544584622,20176896,44703744,593,437
1619544585503,19693568,43737088,593,437
1619544586325,19259392,42868736,593,437
1619544587130,19021824,42393600,593,437
1619544587979,19021824,42393600,593,437
1619544588945,19021824,42393600,593,437
1619544589846,19021824,42393600,593,437
1619544590657,19021824,42393600,593,437
1619544591462,19021824,42393600,593,437
1619544592317,19021824,42393600,593,437
1619544593120,19021824,42393600,593,437
1619544593985,19021824,42393600,593,437
1619544594792,19021824,42393600,593,437
1619544595671,19021824,42393600,593,437
1619544596517,19021824,42393600,593,437
1619544597355,19021824,42393600,593,437
1619544598216,19021824,42393600,593,437
1619544599131,19021824,42393600,593,437
1619544599964,19021824,42393600,593,437
1619544600775,19021824,42393600,593,437
1619544601566,19021824,42393600,593,437
1619544602368,19021824,42393600,593,437
1619544603196,19021824,42393600,593,437
1619544604019,19021824,42393600,593,437
1619544604843,19021824,42393600,593,437
1619544605645,19021824,42393600,593,437
1619544606454,19021824,42393600,593,437
1619544607297,19021824,42393600,593,437
1619544608090,18989056,42295296,593,437
1619544608877,18989056,42295296,593,437
1619544609677,18989056,42295296,593,437
1619544610480,18989056,42295296,593,437
1619544611418,18989056,42295296,593,437
1619544612252,18989056,42295296,593,437
1619544613069,18989056,42295296,593,437
1619544613877,18989056,42295296,593,437
1619544614691,18989056,42295296,593,437
1619544615507,18989056,42295296,593,437
1619544616285,18989056,42295296,593,437
1619544617067,18989056,42295296,593,437
1619544617844,18989056,42295296,593,437
1619544618645,18989056,42295296,593,437
1619544619453,18989056,42295296,593,437
1619544620266,18989056,42295296,593,437
1619544621077,18989056,42295296,593,437
1619544621880,18989056,42295296,593,437
1619544622667,18989056,42295296,593,437
1619544623444,18989056,42295296,593,437
1619544624228,18989056,42295296,593,437
1619544625021,18989056,42295296,593,437
1619544625835,18989056,42295296,593,437
1619544626675,18989056,42295296,593,437
1619544627654,18989056,42295296,593,437
1619544628585,18989056,42295296,593,437
1619544629492,18989056,42295296,593,437
1619544630331,18989056,42295296,593,437
1619544631155,18989056,42295296,593,437
1619544631994,18989056,42295296,593,437
1619544632811,18989056,42295296,593,437
1619544633667,18989056,42295296,593,437
1619544634555,18989056,42295296,593,437
1619544635399,18989056,42295296,593,437
1619544636233,18989056,42295296,593,437
1619544637062,18989056,42295296,593,437
1619544637911,18989056,42295296,593,437
1619544638797,18989056,42295296,593,437
1619544639683,18989056,42295296,593,437
1619544640541,18989056,42295296,593,437
1619544641410,18989056,42295296,593,437
1619544642257,18989056,42295296,593,437
1619544643071,18989056,42295296,593,437
1619544643914,18989056,42295296,593,437
1619544644740,18989056,42295296,593,437
1619544645586,18989056,42295296,593,437
1619544646430,18989056,42295296,593,437
1619544647297,18989056,42295296,593,437
1619544648120,18989056,42295296,593,437
1619544648929,18989056,42295296,593,437
1619544649773,18989056,42295296,593,437
1619544650694,18989056,42295296,593,437
1619544651599,18989056,42295296,593,437
1619544652578,18989056,42295296,593,437
1619544653527,18989056,42295296,593,437
1619544654424,18989056,42295296,593,437
1619544655266,18989056,42295296,593,437
1619544656164,18989056,42295296,593,437
1619544656996,18989056,42295296,593,437
1619544657984,18989056,42295296,593,437
1619544658898,18989056,42295296,593,437
1619544659895,18989056,42295296,593,437
1619544660801,18989056,42295296,593,437
1619544661678,18989056,42295296,593,437
1619544662574,18989056,42295296,593,437
1619544663507,18989056,42295296,593,437
1619544664427,18989056,42295296,593,437
1619544665374,18989056,42295296,593,437
1619544666311,18989056,42295296,593,437
1619544667317,18989056,42295296,593,437
1619544668331,18989056,42295296,593,437
1619544669204,18989056,42295296,593,437
1619544670218,18989056,42295296,593,437
1619544671197,18989056,42295296,593,437
1619544672105,18989056,42295296,593,437
1619544673010,18989056,42295296,593,437
1619544673962,18989056,42295296,593,437
1619544674943,18989056,42295296,593,437
1619544675929,18989056,42295296,593,437
1619544676807,18989056,42295296,593,437
1619544677711,18989056,42295296,593,437
1619544678577,18989056,42295296,593,437
1619544679485,18989056,42295296,593,437
1619544680340,18989056,42295296,593,437
1619544681195,18989056,42295296,593,437
1619544682042,18989056,42295296,593,437
1619544682931,18989056,42295296,593,437
1619544683767,18989056,42295296,593,437
1619544684649,18989056,42295296,593,437
1619544685550,18989056,42295296,593,437
1619544686466,18989056,42295296,593,437
1619544687334,18989056,42295296,593,437
1619544688228,18989056,42295296,593,437
1619544689062,18989056,42295296,593,437
1619544689893,18989056,42295296,593,437
1619544690800,18989056,42295296,593,437
1619544691639,18989056,42295296,593,437
1619544692476,18989056,42295296,593,437
1619544693318,18989056,42295296,593,437
1619544694279,18989056,42295296,593,437
1619544695158,18989056,42295296,593,437
1619544696026,18989056,42295296,593,437
1619544696911,18989056,42295296,593,437
1619544697772,18989056,42295296,593,437
1619544698673,18989056,42295296,593,437
1619544699507,18989056,42295296,593,437
1619544700434,18989056,42295296,593,437
1619544701350,18989056,42295296,593,437
1619544702279,18989056,42295296,593,437
1619544703164,18989056,42295296,593,437
1619544704029,18989056,42295296,593,437
1619544704869,18989056,42295296,593,437
1619544705694,18989056,42295296,593,437
1619544706545,18989056,42295296,593,437
1619544707362,19054592,42426368,593,437
1619544708204,19054592,42426368,593,437
1619544709048,19054592,42426368,593,437
1619544709868,19054592,42426368,593,437
1619544710829,19054592,42426368,593,437
1619544711644,19054592,42426368,593,437
1619544712472,19054592,42426368,593,437
1619544713317,19054592,42426368,593,437
1619544714167,19054592,42426368,593,437
1619544715066,19054592,42426368,593,437
1619544715979,19054592,42426368,593,437
1619544716864,19054592,42426368,593,437
1619544717786,19054592,42426368,593,437
1619544718671,19054592,42426368,593,437
1619544719550,19054592,42426368,593,437
1619544720433,19054592,42426368,593,437
1619544721291,19054592,42426368,593,437
1619544722128,19054592,42426368,593,437
1619544722985,19054592,42426368,593,437
1619544723826,19054592,42426368,593,437
1619544724661,19054592,42426368,593,437
1619544725523,19054592,42426368,593,437
1619544726390,19054592,42426368,593,437
1619544727239,19054592,42426368,593,437
1619544728125,19054592,42426368,593,437
1619544728982,19054592,42426368,593,437
1619544729824,19054592,42426368,593,437
1619544730725,19054592,42426368,593,437
1619544731541,19054592,42426368,593,437
1619544732392,19054592,42426368,593,437
1619544733261,19054592,42426368,593,437
1619544734085,19054592,42426368,593,437
1619544734937,19054592,42426368,593,437
1619544735921,19054592,42426368,593,437
1619544736855,19054592,42426368,593,437
1619544737781,19054592,42426368,593,437
1619544738682,19054592,42426368,593,437
1619544739561,19054592,42426368,593,437
1619544740487,19054592,42426368,593,437
1619544741404,19054592,42426368,593,437
1619544742337,19054592,42426368,593,437
1619544743217,19054592,42426368,593,437
1619544744103,19054592,42426368,593,437
1619544744999,19054592,42426368,593,437
1619544745850,19054592,42426368,593,437
1619544746753,19054592,42426368,593,437
1619544747619,19054592,42426368,593,437
1619544748494,19054592,42426368,593,437
1619544749373,19054592,42426368,593,437
1619544750347,19054592,42426368,593,437
1619544751237,19054592,42426368,593,437
1619544752142,19054592,42426368,593,437
1619544753103,19054592,42426368,593,437
1619544753972,19054592,42426368,593,437
1619544754869,19054592,42426368,593,437
1619544755778,19054592,42426368,593,437
1619544756847,19054592,42426368,593,437
1619544757763,19054592,42426368,593,437
1619544758685,19054592,42426368,593,437
1619544759593,19054592,42426368,593,437
1619544760466,19054592,42426368,593,437
1619544761316,19054592,42426368,593,437
1619544762176,19054592,42426368,593,437
1619544763078,19054592,42426368,593,437
1619544763936,19054592,42426368,593,437
1619544764788,19054592,42426368,593,437
1619544765672,19054592,42426368,593,437
1619544766532,19054592,42426368,593,437
1619544767404,18956288,42229760,593,437
1619544768272,18956288,42229760,593,437
1619544769134,18956288,42229760,593,437
1619544770020,18956288,42229760,593,437
1619544770904,18956288,42229760,593,437
1619544771780,18956288,42229760,593,437
1619544772681,18956288,42229760,593,437
1619544773581,18956288,42229760,593,437
1619544774448,18956288,42229760,593,437
1619544775340,18956288,42229760,593,437
1619544776244,18956288,42229760,593,437
1619544777124,18956288,42229760,593,437
1619544777991,18956288,42229760,593,437
1619544778853,18956288,42229760,593,437
1619544779728,18956288,42229760,593,437
1619544780626,18956288,42229760,593,437
1619544781498,18956288,42229760,593,437
1619544782425,18956288,42229760,593,437
1619544783360,18956288,42229760,593,437
1619544784264,18956288,42229760,593,437
1619544785152,18956288,42229760,593,437
1619544786077,18956288,42229760,593,437
1619544787044,18956288,42229760,593,437
1619544787931,18956288,42229760,593,437
1619544788822,18956288,42229760,593,437
1619544789691,18956288,42229760,593,437
1619544790590,18956288,42229760,593,437
1619544791471,18956288,42229760,593,437
1619544792361,18956288,42229760,593,437
1619544793238,18956288,42229760,593,437
1619544794211,18956288,42229760,593,437
1619544795115,18956288,42229760,593,437
1619544796009,18956288,42229760,593,437
1619544796886,18956288,42229760,593,437
1619544797776,18956288,42229760,593,437
1619544798652,18956288,42229760,593,437
1619544799700,18956288,42229760,593,437
1619544800706,18956288,42229760,593,437
1619544801841,18956288,42229760,593,437
1619544802916,18956288,42229760,593,437
1619544803940,18956288,42229760,593,437
1619544804971,18956288,42229760,593,437
1619544806115,18956288,42229760,593,437
1619544807137,18956288,42229760,593,437
1619544808025,18956288,42229760,593,437
1619544808944,18956288,42229760,593,437
1619544809951,18956288,42229760,593,437
1619544810930,18956288,42229760,593,437
1619544811987,18956288,42229760,593,437
1619544812862,18956288,42229760,593,437
1619544813754,18956288,42229760,593,437
1619544814663,18956288,42229760,593,437
1619544815617,18956288,42229760,593,437
1619544816583,18956288,42229760,593,437
1619544817570,18956288,42229760,593,437
1619544818444,18956288,42229760,593,437
1619544819310,18956288,42229760,593,437
1619544820201,18956288,42229760,593,437
1619544821093,18956288,42229760,593,437
1619544821989,18956288,42229760,593,437
1619544822944,18956288,42229760,593,437
1619544823948,18956288,42229760,593,437
1619544824894,18956288,42229760,593,437
1619544825753,18956288,42229760,593,437
1619544826624,18956288,42229760,593,437
1619544827561,18956288,42229760,593,437
1619544828418,18956288,42229760,593,437
1619544829298,18956288,42229760,593,437
1619544830151,18956288,42229760,593,437
1619544831054,18956288,42229760,593,437
1619544831974,18956288,42229760,593,437
1619544832858,18956288,42229760,593,437
1619544833727,18956288,42229760,593,437
1619544834641,18956288,42229760,593,437
1619544835541,18956288,42229760,593,437
1619544836432,18956288,42229760,593,437
1619544837310,18956288,42229760,593,437
1619544838167,18956288,42229760,593,437
1619544839008,18956288,42229760,593,437
1619544839868,18956288,42229760,593,437
1619544840793,18956288,42229760,593,437
1619544841666,18956288,42229760,593,437
1619544842545,18956288,42229760,593,437
1619544843468,18956288,42229760,593,437
1619544844347,18956288,42229760,593,437
1619544845277,18956288,42229760,593,437
1619544846151,18956288,42229760,593,437
1619544847072,18956288,42229760,593,437
1619544848011,18956288,42229760,593,437
1619544848931,18956288,42229760,593,437
1619544849859,18956288,42229760,593,437
1619544850790,18956288,42229760,593,437
1619544851768,18956288,42229760,593,437
1619544852730,18956288,42229760,593,437
1619544853625,18956288,42229760,593,437
1619544854505,18956288,42229760,593,437
1619544855391,18956288,42229760,593,437
1619544856276,18956288,42229760,593,437
1619544857176,18956288,42229760,593,437
1619544858070,18956288,42229760,593,437
1619544859217,18956288,42229760,593,437
1619544860138,18956288,42229760,593,437
1619544861031,18956288,42229760,593,437
1619544861963,18956288,42229760,593,437
1619544862951,18956288,42229760,593,437
1619544863948,18956288,42229760,593,437
1619544864863,18956288,42229760,593,437
1619544865748,18956288,42229760,593,437
1619544866681,18956288,42229760,593,437
1619544867587,18956288,42229760,593,437
1619544868477,18956288,42229760,593,437
1619544869401,18956288,42229760,593,437
1619544870320,18956288,42229760,593,437
1619544871237,18956288,42229760,593,437
1619544872168,18956288,42229760,593,437
1619544873101,18956288,42229760,593,437
1619544874013,18956288,42229760,593,437
1619544874904,18956288,42229760,593,437
1619544875818,18956288,42229760,593,437
1619544876712,18956288,42229760,593,437
1619544877618,18956288,42229760,593,437
1619544878495,18956288,42229760,593,437
1619544879362,18956288,42229760,593,437
1619544880280,18956288,42229760,593,437
1619544881147,18956288,42229760,593,437
1619544882046,18956288,42229760,593,437
1619544882934,18956288,42229760,593,437
1619544883854,18956288,42229760,593,437
1619544884747,18956288,42229760,593,437
1619544885743,18956288,42229760,593,437
1619544886753,18956288,42229760,593,437
1619544887676,18661376,41639936,593,437
1619544888569,18210816,40738816,593,437
1619544889452,18210816,40738816,593,437
1619544890350,18210816,40738816,593,437
1619544891221,18210816,40738816,593,437
1619544892137,18210816,40738816,593,437
1619544893066,18210816,40738816,593,437
1619544893932,18210816,40738816,593,437
1619544894846,18210816,40738816,593,437
1619544895766,18210816,40738816,593,437
1619544896657,18210816,40738816,593,437
1619544897542,18210816,40738816,593,437
1619544898500,18210816,40738816,593,437
1619544899413,18210816,40738816,593,437
1619544900295,18210816,40738816,593,437
1619544901211,18210816,40738816,593,437
1619544902130,18210816,40738816,593,437
1619544903038,18210816,40738816,593,437
1619544903942,18210816,40738816,593,437
1619544904845,18210816,40738816,593,437
1619544905760,18210816,40738816,593,437
1619544906670,18210816,40738816,593,437
1619544907568,18210816,40738816,593,437
1619544908459,18210816,40738816,593,437
1619544909373,18210816,40738816,593,437
1619544910269,18210816,40738816,593,437
1619544911172,18210816,40738816,593,437
1619544912066,18210816,40738816,593,437
1619544912991,18210816,40738816,593,437
1619544913969,18210816,40738816,593,437
1619544915066,18210816,40738816,593,437
1619544916042,18210816,40738816,593,437
1619544916967,18210816,40738816,593,437
1619544917922,18210816,40738816,593,437
1619544918849,18210816,40738816,593,437
1619544919812,18210816,40738816,593,437
1619544920904,18210816,40738816,593,437
1619544921955,18210816,40738816,593,437
1619544923043,18210816,40738816,593,437
1619544924045,18210816,40738816,593,437
1619544925185,18210816,40738816,593,437
1619544926230,18210816,40738816,593,437
1619544927270,18210816,40738816,593,437
1619544928254,18210816,40738816,593,437
1619544929349,18210816,40738816,593,437
1619544930315,18210816,40738816,593,437
1619544931202,18210816,40738816,593,437
1619544932089,18210816,40738816,593,437
1619544932954,18210816,40738816,593,437
1619544933873,18210816,40738816,593,437
1619544934758,18210816,40738816,593,437
1619544935674,18210816,40738816,593,437
1619544936582,18210816,40738816,593,437
1619544937481,18210816,40738816,593,437
1619544938412,18210816,40738816,593,437
1619544939299,18210816,40738816,593,437
1619544940449,18210816,40738816,593,437
1619544941868,18210816,40738816,593,437
1619544943058,18210816,40738816,593,437
1619544944098,18210816,40738816,593,437
1619544945365,18210816,40738816,593,437
1619544946362,18210816,40738816,593,437
1619544947263,18210816,40738816,593,437
1619544948249,18210816,40738816,593,437
1619544949150,18309120,40935424,593,437
1619544950072,18309120,40935424,593,437
1619544950990,18309120,40935424,593,437
1619544951963,18309120,40935424,593,437
1619544952935,18309120,40935424,593,437
1619544953881,18309120,40935424,593,437
1619544954803,18309120,40935424,593,437
1619544955743,18309120,40935424,593,437
1619544956700,18309120,40935424,593,437
1619544957566,18309120,40935424,593,437
1619544958501,18309120,40935424,593,437
1619544959419,18309120,40935424,593,437
1619544960355,18309120,40935424,593,437
1619544961291,18309120,40935424,593,437
1619544962202,18309120,40935424,593,437
1619544963094,18309120,40935424,593,437
1619544963995,18309120,40935424,593,437
1619544964927,18309120,40935424,593,437
1619544965867,18309120,40935424,593,437
1619544966850,18309120,40935424,593,437
1619544967787,18309120,40935424,593,437
1619544968688,18309120,40935424,593,437
1619544969647,18309120,40935424,593,437
1619544970613,18309120,40935424,593,437
1619544971694,18309120,40935424,593,437
1619544972624,18309120,40935424,593,437
1619544973657,18309120,40935424,593,437
1619544974777,18309120,40935424,593,437
1619544975949,18309120,40935424,593,437
1619544977171,18309120,40935424,593,437
1619544978199,18309120,40935424,593,437
1619544979263,18309120,40935424,593,437
1619544980416,18309120,40935424,593,437
1619544981520,18309120,40935424,593,437
1619544982575,18309120,40935424,593,437
1619544983695,18309120,40935424,593,437
1619544984685,18309120,40935424,593,437
1619544985666,18309120,40935424,593,437
1619544986793,18309120,40935424,593,437
1619544987768,18309120,40935424,593,437
1619544988754,18309120,40935424,593,437
1619544989721,18309120,40935424,593,437
1619544990714,18309120,40935424,593,437
1619544991702,18309120,40935424,593,437
1619544992690,18309120,40935424,593,437
1619544993690,18309120,40935424,593,437
1619544994786,18309120,40935424,593,437
1619544995896,18309120,40935424,593,437
1619544997031,18309120,40935424,593,437
1619544998038,18309120,40935424,593,437
1619544998959,18309120,40935424,593,437
1619544999913,18309120,40935424,593,437
1619545000841,18309120,40935424,593,437
1619545001753,18309120,40935424,593,437
1619545002674,18309120,40935424,593,437
1619545003603,18309120,40935424,593,437
1619545004549,18309120,40935424,593,437
1619545005477,18309120,40935424,593,437
1619545006388,18309120,40935424,593,437
1619545007290,18309120,40935424,593,437
1619545008215,18309120,40935424,593,437
1619545009162,18309120,40935424,593,437
1619545010084,18309120,40935424,593,437
1619545010979,18309120,40935424,593,437
1619545011863,18309120,40935424,593,437
1619545012755,18309120,40935424,593,437
1619545013636,18309120,40935424,593,437
1619545014550,18309120,40935424,593,437
1619545015511,18309120,40935424,593,437
1619545016479,18309120,40935424,593,437
1619545017437,18309120,40935424,593,437
1619545018512,18309120,40935424,593,437
1619545019495,18309120,40935424,593,437
1619545020513,18309120,40935424,593,437
1619545021469,18309120,40935424,593,437
1619545022451,18309120,40935424,593,437
1619545023387,18309120,40935424,593,437
1619545024349,18309120,40935424,593,437
1619545025289,18309120,40935424,593,437
1619545026243,18309120,40935424,593,437
1619545027183,18309120,40935424,593,437
1619545028180,18309120,40935424,593,437
1619545029278,18309120,40935424,593,437
1619545030218,18309120,40935424,593,437
1619545031084,18309120,40935424,593,437
1619545031954,18309120,40935424,593,437
1619545032831,18309120,40935424,593,437
1619545033753,18309120,40935424,593,437
1619545034611,18309120,40935424,593,437
1619545035494,18309120,40935424,593,437
1619545036555,18309120,40935424,593,437
1619545037511,18309120,40935424,593,437
1619545038499,18309120,40935424,593,437
1619545039434,18309120,40935424,593,437
1619545040386,18309120,40935424,593,437
1619545041352,18309120,40935424,593,437
1619545042328,18309120,40935424,593,437
1619545043289,18309120,40935424,593,437
1619545044204,18309120,40935424,593,437
1619545045322,18309120,40935424,593,437
1619545046304,18309120,40935424,593,437
1619545047251,18309120,40935424,593,437
1619545048240,18309120,40935424,593,437
1619545049223,18309120,40935424,593,437
1619545050168,18309120,40935424,593,437
1619545051152,18309120,40935424,593,437
1619545052144,18309120,40935424,593,437
1619545053123,18309120,40935424,593,437
1619545054107,18309120,40935424,593,437
1619545055076,18309120,40935424,593,437
1619545056027,18309120,40935424,593,437
1619545056952,18309120,40935424,593,437
1619545057886,18309120,40935424,593,437
1619545058866,18309120,40935424,593,437
1619545059970,18309120,40935424,593,437
1619545061002,18309120,40935424,593,437
1619545062043,18309120,40935424,593,437
1619545062996,18309120,40935424,593,437
1619545063933,18309120,40935424,593,437
1619545064842,18309120,40935424,593,437
1619545065811,18309120,40935424,593,437
1619545066758,18309120,40935424,593,437
1619545067708,18309120,40935424,593,437
1619545068684,18309120,40935424,593,437
1619545069593,18309120,40935424,593,437
1619545070594,18309120,40935424,593,437
1619545071501,18309120,40935424,593,437
1619545072461,18309120,40935424,593,437
1619545073396,18309120,40935424,593,437
1619545074316,18309120,40935424,593,437
1619545075214,18309120,40935424,593,437
1619545076134,18309120,40935424,593,437
1619545076970,18309120,40935424,593,437
1619545077885,18309120,40935424,593,437
1619545078757,18309120,40935424,593,437
1619545079604,18309120,40935424,593,437
1619545080489,18309120,40935424,593,437
1619545081350,18309120,40935424,593,437
1619545082234,18309120,40935424,593,437
1619545083105,18309120,40935424,593,437
1619545083967,18309120,40935424,593,437
1619545084828,18309120,40935424,593,437
1619545085710,18309120,40935424,593,437
1619545086598,18309120,40935424,593,437
1619545087448,18309120,40935424,593,437
1619545088323,18309120,40935424,593,437
1619545089186,18309120,40935424,593,437
1619545090049,18309120,40935424,593,437
1619545090920,18309120,40935424,593,437
1619545091802,18309120,40935424,593,437
1619545092719,18309120,40935424,593,437
1619545093610,18309120,40935424,593,437
1619545094480,18309120,40935424,593,437
1619545095348,18309120,40935424,593,437
1619545096217,18309120,40935424,593,437
1619545097097,18309120,40935424,593,437
1619545097980,18309120,40935424,593,437
1619545098844,18309120,40935424,593,437
1619545099708,18309120,40935424,593,437
1619545100584,18309120,40935424,593,437
1619545101464,18309120,40935424,593,437
1619545102323,18309120,40935424,593,437
1619545103189,18309120,40935424,593,437
1619545104076,18309120,40935424,593,437
1619545104958,18309120,40935424,593,437
1619545105847,18309120,40935424,593,437
1619545106715,18309120,40935424,593,437
1619545107588,18309120,40935424,593,437
1619545108514,18309120,40935424,593,437
1619545109396,18309120,40935424,593,437
1619545110315,18309120,40935424,593,437
1619545111297,18309120,40935424,593,437
1619545112305,18309120,40935424,593,437
1619545113352,18309120,40935424,593,437
1619545114408,18309120,40935424,593,437
1619545115395,18309120,40935424,593,437
1619545116286,18309120,40935424,593,437
1619545117200,18309120,40935424,593,437
1619545118093,18309120,40935424,593,437
1619545119046,18309120,40935424,593,437
1619545120040,18309120,40935424,593,437
1619545121030,18309120,40935424,593,437
1619545122053,18309120,40935424,593,437
1619545123012,18309120,40935424,593,437
1619545124129,18309120,40935424,593,437
1619545125175,18309120,40935424,593,437
1619545126194,18309120,40935424,593,437
1619545127208,18309120,40935424,593,437
1619545128312,18309120,40935424,593,437
1619545129306,18194432,40706048,593,437
1619545130351,18194432,40706048,593,437
1619545131367,18194432,40706048,593,437
1619545132381,18194432,40706048,593,437
1619545133365,18194432,40706048,593,437
1619545134322,18194432,40706048,593,437
1619545135245,18194432,40706048,593,437
1619545136197,18194432,40706048,593,437
1619545137237,18194432,40706048,593,437
1619545138347,18194432,40706048,593,437
1619545139357,18194432,40706048,593,437
1619545140336,18194432,40706048,593,437
1619545141420,18194432,40706048,593,437
1619545142379,18194432,40706048,593,437
1619545143332,18194432,40706048,593,437
1619545144246,18194432,40706048,593,437
1619545145205,18194432,40706048,593,437
1619545146181,18194432,40706048,593,437
1619545147089,18194432,40706048,593,437
1619545148009,18194432,40706048,593,437
1619545148920,18194432,40706048,593,437
1619545149840,18194432,40706048,593,437
1619545150832,18194432,40706048,593,437
1619545151899,18194432,40706048,593,437
1619545152820,18194432,40706048,593,437
1619545153726,18194432,40706048,593,437
1619545154583,18194432,40706048,593,437
1619545155453,18194432,40706048,593,437
1619545156324,18194432,40706048,593,437
1619545157209,18194432,40706048,593,437
1619545158075,18194432,40706048,593,437
1619545158962,18194432,40706048,593,437
1619545159827,18194432,40706048,593,437
1619545160698,18194432,40706048,593,437
1619545161563,18194432,40706048,593,437
1619545162578,18194432,40706048,593,437
1619545163422,18194432,40706048,593,437
1619545164286,18194432,40706048,593,437
1619545165149,18194432,40706048,593,437
1619545166010,18194432,40706048,593,437
1619545166891,18194432,40706048,593,437
1619545167760,18194432,40706048,593,437
1619545168632,18194432,40706048,593,437
1619545169583,18194432,40706048,593,437
1619545170728,18194432,40706048,593,437
1619545171722,18194432,40706048,593,437
1619545172584,18194432,40706048,593,437
1619545173470,18194432,40706048,593,437
1619545174344,18194432,40706048,593,437
1619545175224,18194432,40706048,593,437
1619545176091,18194432,40706048,593,437
1619545177008,18194432,40706048,593,437
1619545177919,18194432,40706048,593,437
1619545178830,18194432,40706048,593,437
1619545179752,18194432,40706048,593,437
1619545180659,18194432,40706048,593,437
1619545181518,18194432,40706048,593,437
1619545182366,18194432,40706048,593,437
1619545183250,18194432,40706048,593,437
1619545184121,18194432,40706048,593,437
1619545184989,18194432,40706048,593,437
1619545185834,18194432,40706048,593,437
1619545186959,18194432,40706048,593,437
1619545188046,18194432,40706048,593,437
1619545189087,18194432,40706048,593,437
1619545190117,18194432,40706048,593,437
1619545191186,18194432,40706048,593,437
1619545192223,18194432,40706048,593,437
1619545193143,18194432,40706048,593,437
1619545194042,18194432,40706048,593,437
1619545194901,18194432,40706048,593,437
1619545195830,18194432,40706048,593,437
1619545196710,18194432,40706048,593,437
1619545197625,18194432,40706048,593,437
1619545198596,18194432,40706048,593,437
1619545199619,18194432,40706048,593,437
1619545200596,18194432,40706048,593,437
1619545201463,18194432,40706048,593,437
1619545202352,18194432,40706048,593,437
1619545203199,18194432,40706048,593,437
1619545204045,18194432,40706048,593,437
1619545204909,18194432,40706048,593,437
1619545205766,18194432,40706048,593,437
1619545206614,18194432,40706048,593,437
1619545207458,18194432,40706048,593,437
1619545208304,18194432,40706048,593,437
1619545209206,18194432,40706048,593,437
1619545210077,18194432,40706048,593,437
1619545210923,18194432,40706048,593,437
1619545211810,18194432,40706048,593,437
1619545212657,18194432,40706048,593,437
1619545213506,18194432,40706048,593,437
1619545214366,18194432,40706048,593,437
1619545215212,18194432,40706048,593,437
1619545216056,18194432,40706048,593,437
1619545216918,18194432,40706048,593,437
1619545217781,18194432,40706048,593,437
1619545218647,18194432,40706048,593,437
1619545219599,18194432,40706048,593,437
1619545220530,18194432,40706048,593,437
1619545221397,18194432,40706048,593,437
1619545222239,18194432,40706048,593,437
1619545223189,18194432,40706048,593,437
1619545224046,18194432,40706048,593,437
1619545224932,18194432,40706048,593,437
1619545225833,18194432,40706048,593,437
1619545226727,18194432,40706048,593,437
1619545227578,18194432,40706048,593,437
1619545228437,18194432,40706048,593,437
1619545229254,18194432,40706048,593,437
1619545230101,18194432,40706048,593,437
1619545230978,18194432,40706048,593,437
1619545231819,18194432,40706048,593,437
1619545232664,18194432,40706048,593,437
1619545233565,18194432,40706048,593,437
1619545234459,18194432,40706048,593,437
1619545235658,18194432,40706048,593,437
1619545236521,18194432,40706048,593,437
1619545237436,18194432,40706048,593,437
1619545238406,18194432,40706048,593,437
1619545239291,18194432,40706048,593,437
1619545240233,18194432,40706048,593,437
1619545241134,18194432,40706048,593,437
1619545241994,18194432,40706048,593,437
1619545242906,18194432,40706048,593,437
1619545243782,18194432,40706048,593,437
1619545244726,18194432,40706048,593,437
1619545245743,18194432,40706048,593,437
1619545246682,18194432,40706048,593,437
1619545247705,18194432,40706048,593,437
1619545248565,18194432,40706048,593,437
1619545249464,18194432,40706048,593,437
1619545250342,18194432,40706048,593,437
1619545251212,18194432,40706048,593,437
1619545252103,18194432,40706048,593,437
1619545252982,18194432,40706048,593,437
1619545253854,18194432,40706048,593,437
1619545254699,18194432,40706048,593,437
1619545255560,18194432,40706048,593,437
1619545256433,18194432,40706048,593,437
1619545257292,18194432,40706048,593,437
1619545258148,18194432,40706048,593,437
1619545259046,18194432,40706048,593,437
1619545259898,18194432,40706048,593,437
1619545260767,18194432,40706048,593,437
1619545261613,18194432,40706048,593,437
1619545262453,18194432,40706048,593,437
1619545263321,18194432,40706048,593,437
1619545264179,18194432,40706048,593,437
1619545265041,18194432,40706048,593,437
1619545265912,18194432,40706048,593,437
1619545266838,18194432,40706048,593,437
1619545267725,18194432,40706048,593,437
1619545268573,18194432,40706048,593,437
1619545269411,18194432,40706048,593,437
1619545270279,18194432,40706048,593,437
1619545271156,18194432,40706048,593,437
1619545272066,18194432,40706048,593,437
1619545272961,18194432,40706048,593,437
1619545273837,18194432,40706048,593,437
1619545274723,18194432,40706048,593,437
1619545275554,18194432,40706048,593,437
1619545276391,18194432,40706048,593,437
1619545277259,18194432,40706048,593,437
1619545278197,18194432,40706048,593,437
1619545279121,18194432,40706048,593,437
1619545280034,18194432,40706048,593,437
1619545280902,18194432,40706048,593,437
1619545281830,18194432,40706048,593,437
1619545282714,18194432,40706048,593,437
1619545283592,18194432,40706048,593,437
1619545284466,18194432,40706048,593,437
1619545285322,18194432,40706048,593,437
1619545286175,18194432,40706048,593,437
1619545287027,18194432,40706048,593,437
1619545287869,18194432,40706048,593,437
1619545288733,18194432,40706048,593,437
1619545289641,18194432,40706048,593,437
1619545290541,18194432,40706048,593,437
1619545291468,18194432,40706048,593,437
1619545292368,18194432,40706048,593,437
1619545293221,18194432,40706048,593,437
1619545294064,18194432,40706048,593,437
1619545295048,18194432,40706048,593,437
1619545295978,18194432,40706048,593,437
1619545296869,18194432,40706048,593,437
1619545297758,18194432,40706048,593,437
1619545298663,18194432,40706048,593,437
1619545299557,18194432,40706048,593,437
1619545300448,18194432,40706048,593,437
1619545301363,18194432,40706048,593,437
1619545302252,18194432,40706048,593,437
1619545303151,18194432,40706048,593,437
1619545304039,18194432,40706048,593,437
1619545304932,18194432,40706048,593,437
1619545305877,18194432,40706048,593,437
1619545306791,18194432,40706048,593,437
1619545307691,18194432,40706048,593,437
1619545308654,18194432,40706048,593,437
1619545309603,18227200,40771584,593,437
1619545310538,18227200,40771584,593,437
1619545311534,18227200,40771584,593,437
1619545312513,18227200,40771584,593,437
1619545313451,18227200,40771584,593,437
1619545314365,18227200,40771584,593,437
1619545315227,18227200,40771584,593,437
1619545316243,18227200,40771584,593,437
1619545317108,18227200,40771584,593,437
1619545317969,18227200,40771584,593,437
1619545318872,18227200,40771584,593,437
1619545319773,18227200,40771584,593,437
1619545320696,18227200,40771584,593,437
1619545321593,18227200,40771584,593,437
1619545322410,18227200,40771584,593,437
1619545323254,18227200,40771584,593,437
1619545324112,18227200,40771584,593,437
1619545324963,18227200,40771584,593,437
1619545325820,18227200,40771584,593,437
1619545326681,18227200,40771584,593,437
1619545327564,18227200,40771584,593,437
1619545328443,18227200,40771584,593,437
1619545329295,18227200,40771584,593,437
1619545330130,18227200,40771584,593,437
1619545331060,18227200,40771584,593,437
1619545331972,18227200,40771584,593,437
1619545332878,18227200,40771584,593,437
1619545333752,18227200,40771584,593,437
1619545334622,18227200,40771584,593,437
1619545335476,18227200,40771584,593,437
1619545336357,18227200,40771584,593,437
1619545337276,18227200,40771584,593,437
1619545338131,18227200,40771584,593,437
1619545339017,18227200,40771584,593,437
1619545339933,18227200,40771584,593,437
1619545340832,18227200,40771584,593,437
1619545341774,18227200,40771584,593,437
1619545342620,18227200,40771584,593,437
1619545343495,18227200,40771584,593,437
1619545344404,18227200,40771584,593,437
1619545345319,18227200,40771584,593,437
1619545346212,18227200,40771584,593,437
1619545347130,18227200,40771584,593,437
1619545348005,18227200,40771584,593,437
1619545348892,18227200,40771584,593,437
1619545349764,18227200,40771584,593,437
1619545350642,18227200,40771584,593,437
1619545351549,18227200,40771584,593,437
1619545352444,18227200,40771584,593,437
1619545353340,18227200,40771584,593,437
1619545354200,18227200,40771584,593,437
1619545355037,18227200,40771584,593,437
1619545355937,18227200,40771584,593,437
1619545356803,18227200,40771584,593,437
1619545357676,18227200,40771584,593,437
1619545358541,18227200,40771584,593,437
1619545359402,18227200,40771584,593,437
1619545360293,18227200,40771584,593,437
1619545361145,18227200,40771584,593,437
1619545362010,18227200,40771584,593,437
1619545362875,18227200,40771584,593,437
1619545363706,18227200,40771584,593,437
1619545364559,18227200,40771584,593,437
1619545365416,18227200,40771584,593,437
1619545366298,18227200,40771584,593,437
1619545367140,18227200,40771584,593,437
1619545368049,18227200,40771584,593,437
1619545368933,18227200,40771584,593,437
1619545369841,18227200,40771584,593,437
1619545370717,18227200,40771584,593,437
1619545371573,18227200,40771584,593,437
1619545372446,18227200,40771584,593,437
1619545373325,18227200,40771584,593,437
1619545374244,18227200,40771584,593,437
1619545375229,18227200,40771584,593,437
1619545376175,18227200,40771584,593,437
1619545377098,18227200,40771584,593,437
1619545378039,18227200,40771584,593,437
1619545378993,18227200,40771584,593,437
1619545379918,18227200,40771584,593,437
1619545380766,18227200,40771584,593,437
1619545381601,18227200,40771584,593,437
1619545382517,18227200,40771584,593,437
1619545383469,18227200,40771584,593,437
1619545384356,18227200,40771584,593,437
1619545385231,18227200,40771584,593,437
1619545386134,18227200,40771584,593,437
1619545387013,18227200,40771584,593,437
1619545387887,18227200,40771584,593,437
1619545388787,18227200,40771584,593,437
1619545389645,18227200,40771584,593,437
1619545390509,18227200,40771584,593,437
1619545391371,18227200,40771584,593,437
1619545392258,18227200,40771584,593,437
1619545393140,18227200,40771584,593,437
1619545394051,18227200,40771584,593,437
1619545394947,18227200,40771584,593,437
1619545395835,18227200,40771584,593,437
1619545396697,18227200,40771584,593,437
1619545397564,18227200,40771584,593,437
1619545398417,18227200,40771584,593,437
1619545399290,18227200,40771584,593,437
1619545400180,18227200,40771584,593,437
1619545401028,18227200,40771584,593,437
1619545401888,18227200,40771584,593,437
1619545402738,18227200,40771584,593,437
1619545403612,18227200,40771584,593,437
1619545404443,18227200,40771584,593,437
1619545405308,18227200,40771584,593,437
1619545406141,18227200,40771584,593,437
1619545406996,18227200,40771584,593,437
1619545407845,18227200,40771584,593,437
1619545408701,18227200,40771584,593,437
1619545409589,18227200,40771584,593,437
1619545410490,18227200,40771584,593,437
1619545411377,18227200,40771584,593,437
1619545412256,18227200,40771584,593,437
1619545413211,18227200,40771584,593,437
1619545414088,18227200,40771584,593,437
1619545414972,18227200,40771584,593,437
1619545415853,18227200,40771584,593,437
1619545416755,18227200,40771584,593,437
1619545417621,18227200,40771584,593,437
1619545418509,18227200,40771584,593,437
1619545419394,18227200,40771584,593,437
1619545420256,18227200,40771584,593,437
1619545421122,18227200,40771584,593,437
1619545422011,18227200,40771584,593,437
1619545422852,18227200,40771584,593,437
1619545423717,18227200,40771584,593,437
1619545424595,18227200,40771584,593,437
1619545425500,18227200,40771584,593,437
1619545426397,18227200,40771584,593,437
1619545427269,18227200,40771584,593,437
1619545428138,18227200,40771584,593,437
1619545429045,18227200,40771584,593,437
1619545429892,18227200,40771584,593,437
1619545430739,18227200,40771584,593,437
1619545431607,18227200,40771584,593,437
1619545432491,18227200,40771584,593,437
1619545433369,18227200,40771584,593,437
1619545434317,18227200,40771584,593,437
1619545435203,18227200,40771584,593,437
1619545436098,18227200,40771584,593,437
1619545436968,18227200,40771584,593,437
1619545437859,18227200,40771584,593,437
1619545438752,18227200,40771584,593,437
1619545439606,18227200,40771584,593,437
1619545440522,18227200,40771584,593,437
1619545441453,18227200,40771584,593,437
1619545442366,18227200,40771584,593,437
1619545443291,18227200,40771584,593,437
1619545444208,18227200,40771584,593,437
1619545445147,18227200,40771584,593,437
1619545446027,18227200,40771584,593,437
1619545446887,18227200,40771584,593,437
1619545447770,18227200,40771584,593,437
1619545448632,18227200,40771584,593,437
1619545449486,18227200,40771584,593,437
1619545450400,18227200,40771584,593,437
1619545451306,18227200,40771584,593,437
1619545452173,18227200,40771584,593,437
1619545453026,18227200,40771584,593,437
1619545453881,18227200,40771584,593,437
1619545454771,18227200,40771584,593,437
1619545455628,18227200,40771584,593,437
1619545456502,18227200,40771584,593,437
1619545457429,18227200,40771584,593,437
1619545458322,18227200,40771584,593,437
1619545459248,18227200,40771584,593,437
1619545460226,18227200,40771584,593,437
1619545461179,18227200,40771584,593,437
1619545462082,18227200,40771584,593,437
1619545462972,18227200,40771584,593,437
1619545463868,18227200,40771584,593,437
1619545464786,18227200,40771584,593,437
1619545465705,18227200,40771584,593,437
1619545466648,18227200,40771584,593,437
1619545467551,18227200,40771584,593,437
1619545468454,18227200,40771584,593,437
1619545469428,18227200,40771584,593,437
1619545470365,18227200,40771584,593,437
1619545471286,18227200,40771584,593,437
1619545472216,18227200,40771584,593,437
1619545473132,18227200,40771584,593,437
1619545474039,18227200,40771584,593,437
1619545474943,18227200,40771584,593,437
1619545475869,18227200,40771584,593,437
1619545476784,18227200,40771584,593,437
1619545477667,18227200,40771584,593,437
1619545478621,18227200,40771584,593,437
1619545479569,18227200,40771584,593,437
1619545480481,18227200,40771584,593,437
1619545481383,18227200,40771584,593,437
1619545482276,18227200,40771584,593,437
1619545483195,18227200,40771584,593,437
1619545484099,18227200,40771584,593,437
1619545485019,18227200,40771584,593,437
1619545485935,18227200,40771584,593,437
1619545486817,18227200,40771584,593,437
1619545487787,18227200,40771584,593,437
1619545488722,18227200,40771584,593,437
1619545489710,18227200,40771584,593,437
1619545490624,18227200,40771584,593,437
1619545491573,18227200,40771584,593,437
1619545492513,18227200,40771584,593,437
1619545493460,18227200,40771584,593,437
1619545494372,18227200,40771584,593,437
1619545495290,18227200,40771584,593,437
1619545496203,18227200,40771584,593,437
1619545497132,18227200,40771584,593,437
1619545498076,18227200,40771584,593,437
1619545499091,18227200,40771584,593,437
1619545500079,18227200,40771584,593,437
1619545501021,18227200,40771584,593,437
1619545501970,18227200,40771584,593,437
1619545502952,18227200,40771584,593,437
1619545503884,18227200,40771584,593,437
1619545504897,18227200,40771584,593,437
1619545505847,18227200,40771584,593,437
1619545506903,18227200,40771584,593,437
1619545507900,18227200,40771584,593,437
1619545508845,18227200,40771584,593,437
1619545509777,18227200,40771584,593,437
1619545510696,18227200,40771584,593,437
1619545511613,18227200,40771584,593,437
1619545512518,18227200,40771584,593,437
1619545513408,18227200,40771584,593,437
1619545514339,18227200,40771584,593,437
1619545515312,18227200,40771584,593,437
1619545516293,18227200,40771584,593,437
1619545517235,18227200,40771584,593,437
1619545518143,18227200,40771584,593,437
1619545519049,18227200,40771584,593,437
1619545519977,18227200,40771584,593,437
1619545520879,18227200,40771584,593,437
1619545521785,18227200,40771584,593,437
1619545522697,18227200,40771584,593,437
1619545523732,18227200,40771584,593,437
1619545524621,18227200,40771584,593,437
1619545525543,18227200,40771584,593,437
1619545526453,18227200,40771584,593,437
1619545527369,18227200,40771584,593,437
1619545528259,18227200,40771584,593,437
1619545529195,18227200,40771584,593,437
1619545530162,18227200,40771584,593,437
1619545531114,18227200,40771584,593,437
1619545532064,18227200,40771584,593,437
1619545532973,18227200,40771584,593,437
1619545533881,18227200,40771584,593,437
1619545534785,18227200,40771584,593,437
1619545535698,18227200,40771584,593,437
1619545536598,18227200,40771584,593,437
1619545537500,18227200,40771584,593,437
1619545538412,18227200,40771584,593,437
1619545539324,18227200,40771584,593,437
1619545540244,18227200,40771584,593,437
1619545541149,18227200,40771584,593,437
1619545542051,18227200,40771584,593,437
1619545542915,18227200,40771584,593,437
1619545543814,18227200,40771584,593,437
1619545544759,18227200,40771584,593,437
1619545545660,18227200,40771584,593,437
1619545546561,18227200,40771584,593,437
1619545547464,18227200,40771584,593,437
1619545548349,18227200,40771584,593,437
1619545549244,18227200,40771584,593,437
1619545550169,18227200,40771584,593,437
1619545551072,18227200,40771584,593,437
1619545551963,18227200,40771584,593,437
1619545552869,18227200,40771584,593,437
1619545553772,18227200,40771584,593,437
1619545554652,18227200,40771584,593,437
1619545555546,18227200,40771584,593,437
1619545556498,18227200,40771584,593,437
1619545557425,18227200,40771584,593,437
1619545558386,18227200,40771584,593,437
1619545559289,18227200,40771584,593,437
1619545560220,18227200,40771584,593,437
1619545561211,18227200,40771584,593,437
1619545562181,18227200,40771584,593,437
1619545563151,18227200,40771584,593,437
1619545564072,18227200,40771584,593,437
1619545565032,18227200,40771584,593,437
1619545565941,18227200,40771584,593,437
1619545566893,18227200,40771584,593,437
1619545567790,18227200,40771584,593,437
1619545568688,18227200,40771584,593,437
1619545569585,18227200,40771584,593,437
1619545570487,18227200,40771584,593,437
1619545571384,18227200,40771584,593,437
1619545572306,18227200,40771584,593,437
1619545573271,18227200,40771584,593,437
1619545574219,18227200,40771584,593,437
1619545575135,18227200,40771584,593,437
1619545576036,18227200,40771584,593,437
1619545576955,18227200,40771584,593,437
1619545577879,18227200,40771584,593,437
1619545578741,18227200,40771584,593,437
1619545579711,18227200,40771584,593,437
1619545580621,18227200,40771584,593,437
1619545581505,18227200,40771584,593,437
1619545582418,18227200,40771584,593,437
1619545583331,18227200,40771584,593,437
1619545584311,18227200,40771584,593,437
1619545585235,18227200,40771584,593,437
1619545586176,18227200,40771584,593,437
1619545587187,18227200,40771584,593,437
1619545588117,18227200,40771584,593,437
1619545589019,18227200,40771584,593,437
1619545589938,18227200,40771584,593,437
1619545590825,18227200,40771584,593,437
1619545591758,18227200,40771584,593,437
1619545592691,18227200,40771584,593,437
1619545593594,18227200,40771584,593,437
1619545594486,18227200,40771584,593,437
1619545595364,18227200,40771584,593,437
1619545596295,18227200,40771584,593,437
1619545597199,18227200,40771584,593,437
1619545598101,18227200,40771584,593,437
1619545598994,18227200,40771584,593,437
1619545599908,18227200,40771584,593,437
1619545600796,18227200,40771584,593,437
1619545601708,18227200,40771584,593,437
1619545602650,18227200,40771584,593,437
1619545603560,18227200,40771584,593,437
1619545604461,18227200,40771584,593,437
1619545605344,18227200,40771584,593,437
1619545606294,18227200,40771584,593,437
1619545607230,18227200,40771584,593,437
1619545608263,18227200,40771584,593,437
1619545609369,18227200,40771584,593,437
1619545610330,18227200,40771584,593,437
1619545611306,18227200,40771584,593,437
1619545612256,18227200,40771584,593,437
1619545613260,18227200,40771584,593,437
1619545614182,18227200,40771584,593,437
1619545615167,18227200,40771584,593,437
1619545616124,18227200,40771584,593,437
1619545617062,18227200,40771584,593,437
1619545618001,18227200,40771584,593,437
1619545618939,18227200,40771584,593,437
1619545619904,18227200,40771584,593,437
1619545620786,18227200,40771584,593,437
1619545621710,18227200,40771584,593,437
1619545622677,18227200,40771584,593,437
1619545623641,18227200,40771584,593,437
1619545624646,18227200,40771584,593,437
1619545625580,18227200,40771584,593,437
1619545626569,18227200,40771584,593,437
1619545627558,18227200,40771584,593,437
1619545628527,18227200,40771584,593,437
1619545629482,18227200,40771584,593,437
1619545630489,18227200,40771584,593,437
1619545631408,18227200,40771584,593,437
1619545632336,18227200,40771584,593,437
1619545633239,18227200,40771584,593,437
1619545634180,18227200,40771584,593,437
1619545635077,18227200,40771584,593,437
1619545635988,18227200,40771584,593,437
1619545636991,18227200,40771584,593,437
1619545638013,18227200,40771584,593,437
1619545639043,18227200,40771584,593,437
1619545639988,18227200,40771584,593,437
1619545641019,18227200,40771584,593,437
1619545642036,18227200,40771584,593,437
1619545643013,18227200,40771584,593,437
1619545643950,18227200,40771584,593,437
1619545644898,18227200,40771584,593,437
1619545645876,18227200,40771584,593,437
1619545646761,18227200,40771584,593,437
1619545647670,18227200,40771584,593,437
1619545648589,18227200,40771584,593,437
1619545649487,18227200,40771584,593,437
1619545650380,18227200,40771584,593,437
1619545651284,18227200,40771584,593,437
1619545652215,18227200,40771584,593,437
1619545653105,18227200,40771584,593,437
1619545653984,18227200,40771584,593,437
1619545654867,18227200,40771584,593,437
1619545655761,18227200,40771584,593,437
1619545656669,18227200,40771584,593,437
1619545657562,18227200,40771584,593,437
1619545658461,18227200,40771584,593,437
1619545659337,18227200,40771584,593,437
1619545660212,18227200,40771584,593,437
1619545661059,18227200,40771584,593,437
1619545661973,18227200,40771584,593,437
1619545662846,18227200,40771584,593,437
1619545663726,18227200,40771584,593,437
1619545664606,18227200,40771584,593,437
1619545665516,18227200,40771584,593,437
1619545666411,18227200,40771584,593,437
1619545667277,18227200,40771584,593,437
1619545668142,18227200,40771584,593,437
1619545669107,18227200,40771584,593,437
1619545670007,18227200,40771584,593,437
1619545671008,18227200,40771584,593,437
1619545671925,18227200,40771584,593,437
1619545672835,18227200,40771584,593,437
1619545673729,18227200,40771584,593,437
1619545674650,18227200,40771584,593,437
1619545675556,18227200,40771584,593,437
1619545676460,18227200,40771584,593,437
1619545677347,18227200,40771584,593,437
1619545678249,18227200,40771584,593,437
1619545679175,18227200,40771584,593,437
1619545680198,18227200,40771584,593,437
1619545681115,18227200,40771584,593,437
1619545682012,18227200,40771584,593,437
1619545682888,18227200,40771584,593,437
1619545683773,18227200,40771584,593,437
1619545684676,18227200,40771584,593,437
1619545685622,18227200,40771584,593,437
1619545686587,18227200,40771584,593,437
1619545687536,18227200,40771584,593,437
1619545688462,18227200,40771584,593,437
1619545689401,18227200,40771584,593,437
1619545690308,18227200,40771584,593,437
1619545691208,18227200,40771584,593,437
1619545692088,18227200,40771584,593,437
1619545692967,18227200,40771584,593,437
1619545693874,18227200,40771584,593,437
1619545694769,18227200,40771584,593,437
1619545695653,18227200,40771584,593,437
1619545696556,18227200,40771584,593,437
1619545697455,18227200,40771584,593,437
1619545698331,18227200,40771584,593,437
1619545699231,18227200,40771584,593,437
1619545700104,18227200,40771584,593,437
1619545701012,18227200,40771584,593,437
1619545701959,18227200,40771584,593,437
1619545702873,18227200,40771584,593,437
1619545703834,18227200,40771584,593,437
1619545704798,18227200,40771584,593,437
1619545705730,18227200,40771584,593,437
1619545706651,18227200,40771584,593,437
1619545707559,18227200,40771584,593,437
1619545708487,18227200,40771584,593,437
1619545709368,18227200,40771584,593,437
1619545710268,18227200,40771584,593,437
1619545711179,18227200,40771584,593,437
1619545712118,18227200,40771584,593,437
1619545713040,18227200,40771584,593,437
1619545713922,18227200,40771584,593,437
1619545714859,18227200,40771584,593,437
1619545715804,18227200,40771584,593,437
1619545716686,18227200,40771584,593,437
1619545717557,18227200,40771584,593,437
1619545718438,18227200,40771584,593,437
1619545719304,18227200,40771584,593,437
1619545720191,18227200,40771584,593,437
1619545721088,18227200,40771584,593,437
1619545721954,18227200,40771584,593,437
1619545722861,18227200,40771584,593,437
1619545723764,18227200,40771584,593,437
1619545724635,18227200,40771584,593,437
1619545725561,18227200,40771584,593,437
1619545726448,18227200,40771584,593,437
1619545727348,18227200,40771584,593,437
1619545728235,18227200,40771584,593,437
1619545729251,18227200,40771584,593,437
1619545730147,18227200,40771584,593,437
1619545731038,18227200,40771584,593,437
1619545731933,18227200,40771584,593,437
1619545732799,18227200,40771584,593,437
1619545733755,18227200,40771584,593,437
1619545734669,18227200,40771584,593,437
1619545735604,18227200,40771584,593,437
1619545736584,18227200,40771584,593,437
1619545737514,18227200,40771584,593,437
1619545738414,18227200,40771584,593,437
1619545739342,18227200,40771584,593,437
1619545740229,18227200,40771584,593,437
1619545741125,18227200,40771584,593,437
1619545741993,18227200,40771584,593,437
1619545742891,18227200,40771584,593,437
1619545743786,18227200,40771584,593,437
1619545744667,18227200,40771584,593,437
1619545745554,18227200,40771584,593,437
1619545746433,18227200,40771584,593,437
1619545747416,18227200,40771584,593,437
1619545748316,18227200,40771584,593,437
1619545749291,18227200,40771584,593,437
1619545750231,18227200,40771584,593,437
1619545751123,18227200,40771584,593,437
1619545752076,18227200,40771584,593,437
1619545753139,18227200,40771584,593,437
1619545754048,18227200,40771584,593,437
1619545755008,18227200,40771584,593,437
1619545755965,18227200,40771584,593,437
1619545756888,18227200,40771584,593,437
1619545757789,18227200,40771584,593,437
1619545758670,18227200,40771584,593,437
1619545759594,18227200,40771584,593,437
1619545760592,18227200,40771584,593,437
1619545761501,18227200,40771584,593,437
1619545762459,18227200,40771584,593,437
1619545763394,18227200,40771584,593,437
1619545764390,18227200,40771584,593,437
1619545765356,18227200,40771584,593,437
1619545766306,18227200,40771584,593,437
1619545767224,18227200,40771584,593,437
1619545768188,18227200,40771584,593,437
1619545769237,18227200,40771584,593,437
1619545770288,18227200,40771584,593,437
1619545771308,18227200,40771584,593,437
1619545772304,18227200,40771584,593,437
1619545773235,18227200,40771584,593,437
1619545774175,18227200,40771584,593,437
1619545775095,18227200,40771584,593,437
1619545776012,18227200,40771584,593,437
1619545776984,18227200,40771584,593,437
1619545777937,18227200,40771584,593,437
1619545778956,18227200,40771584,593,437
1619545779924,18227200,40771584,593,437
1619545780898,18227200,40771584,593,437
1619545781863,18227200,40771584,593,437
1619545782849,18227200,40771584,593,437
1619545783762,18227200,40771584,593,437
1619545784701,18227200,40771584,593,437
1619545785767,18227200,40771584,593,437
1619545786923,18227200,40771584,593,437
1619545788018,18227200,40771584,593,437
1619545788992,18227200,40771584,593,437
1619545789999,18227200,40771584,593,437
1619545790950,18227200,40771584,593,437
1619545791863,18227200,40771584,593,437
1619545792839,18227200,40771584,593,437
1619545793811,18227200,40771584,593,437
1619545794885,18227200,40771584,593,437
1619545795770,18227200,40771584,593,437
1619545796729,18227200,40771584,593,437
1619545797668,18227200,40771584,593,437
1619545798608,18227200,40771584,593,437
1619545799583,18227200,40771584,593,437
1619545800490,18227200,40771584,593,437
1619545801399,18227200,40771584,593,437
1619545802355,18227200,40771584,593,437
1619545803284,18227200,40771584,593,437
1619545804261,18227200,40771584,593,437
1619545805255,18227200,40771584,593,437
1619545806223,18227200,40771584,593,437
1619545807204,18227200,40771584,593,437
1619545808137,18227200,40771584,593,437
1619545809063,18227200,40771584,593,437
1619545809959,18227200,40771584,593,437
1619545810896,18227200,40771584,593,437
1619545811829,18227200,40771584,593,437
1619545812740,18227200,40771584,593,437
1619545813753,18227200,40771584,593,437
1619545814676,18227200,40771584,593,437
1619545815657,18227200,40771584,593,437
1619545816630,18227200,40771584,593,437
1619545817596,18227200,40771584,593,437
1619545818535,18227200,40771584,593,437
1619545819565,18227200,40771584,593,437
1619545820545,18227200,40771584,593,437
1619545821589,18227200,40771584,593,437
1619545822531,18227200,40771584,593,437
1619545823458,18227200,40771584,593,437
1619545824410,18227200,40771584,593,437
1619545825343,18227200,40771584,593,437
1619545826288,18227200,40771584,593,437
1619545827243,18227200,40771584,593,437
1619545828167,18227200,40771584,593,437
1619545829117,18227200,40771584,593,437
1619545830048,18227200,40771584,593,437
1619545831004,18227200,40771584,593,437
1619545831919,18227200,40771584,593,437
1619545832859,18227200,40771584,593,437
1619545833788,18227200,40771584,593,437
1619545834782,18227200,40771584,593,437
1619545835733,18227200,40771584,593,437
1619545836756,18227200,40771584,593,437
1619545837841,18227200,40771584,593,437
1619545838776,18227200,40771584,593,437
1619545839735,18227200,40771584,593,437
1619545840706,18227200,40771584,593,437
1619545841619,18227200,40771584,593,437
1619545842521,18227200,40771584,593,437
1619545843451,18227200,40771584,593,437
1619545844372,18227200,40771584,593,437
1619545845317,18227200,40771584,593,437
1619545846255,18227200,40771584,593,437
1619545847186,18227200,40771584,593,437
1619545848104,18227200,40771584,593,437
1619545849031,18227200,40771584,593,437
1619545849979,18227200,40771584,593,437
1619545850912,18227200,40771584,593,437
1619545851807,18227200,40771584,593,437
1619545852738,18227200,40771584,593,437
1619545853626,18227200,40771584,593,437
1619545854530,18227200,40771584,593,437
1619545855448,18227200,40771584,593,437
1619545856382,18227200,40771584,593,437
1619545857328,18227200,40771584,593,437
1