# timestamp,resident_bytes,total_bytes,system_millis,user_millis
1618425081393,23826432,52527104,546,390
1618425082398,23465984,51687424,578,390
1618425083360,22958080,50667520,578,390
1618425084324,22450176,49651712,578,390
1618425085500,21753856,48259072,578,390
1618425086537,21204992,47161344,578,390
1618425087550,20672512,46096384,578,406
1618425088701,20025344,44802048,578,406
1618425089888,19353600,43458560,578,421
1618425090957,19329024,43409408,578,421
1618425092021,19329024,43409408,578,421
1618425093148,19329024,43409408,578,421
1618425094348,19329024,43409408,578,421
1618425095414,19329024,43409408,578,421
1618425096488,19329024,43409408,578,421
1618425097521,19329024,43409408,578,421
1618425098603,19329024,43409408,578,421
1618425099661,19329024,43409408,578,421
1618425100707,19329024,43409408,578,421
1618425101788,19329024,43409408,578,421
1618425102910,19329024,43409408,578,421
1618425103986,19329024,43409408,578,421
1618425105054,19329024,43409408,578,421
1618425106118,19329024,43409408,578,421
1618425107268,19329024,43409408,578,421
1618425108343,19329024,43409408,578,421
1618425109413,19329024,43409408,578,421
1618425110489,19304448,43327488,578,421
1618425111561,19304448,43327488,578,421
1618425112656,19304448,43327488,578,421
1618425113750,19304448,43327488,578,421
1618425114836,19304448,43327488,578,421
1618425115902,19304448,43327488,578,421
1618425116984,19304448,43327488,578,421
1618425118092,19304448,43327488,578,421
1618425119171,19304448,43327488,578,421
1618425120276,19304448,43327488,578,421
1618425121354,19304448,43327488,578,421
1618425122455,19304448,43327488,578,421
1618425123521,19304448,43327488,578,421
1618425124601,19304448,43327488,578,421
1618425125711,19304448,43327488,578,421
1618425126802,19304448,43327488,578,421
1618425127900,19304448,43327488,578,421
1618425129032,19304448,43327488,578,421
1618425130134,19304448,43327488,578,421
1618425131246,19304448,43327488,578,421
1618425132314,19304448,43327488,578,421
1618425133366,19304448,43327488,578,421
1618425134418,19304448,43327488,578,421
1618425135506,19304448,43327488,578,421
1618425136660,19304448,43327488,578,421
1618425137855,19304448,43327488,578,421
1618425139009,19304448,43327488,578,421
1618425140190,19304448,43327488,578,421
1618425141341,19304448,43327488,578,421
1618425142435,19304448,43327488,578,421
1618425143517,19304448,43327488,578,421
1618425144619,19304448,43327488,578,421
1618425145694,19304448,43327488,578,421
1618425146764,19304448,43327488,578,421
1618425147867,19304448,43327488,578,421
1618425148986,19304448,43327488,578,421
1618425150085,19304448,43327488,578,421
1618425151192,19304448,43327488,578,421
1618425152264,19304448,43327488,578,421
1618425153365,19304448,43327488,578,421
1618425154437,19304448,43327488,578,421
1618425155535,19304448,43327488,578,421
1618425156613,19304448,43327488,578,421
1618425157674,19304448,43327488,578,421
1618425158761,19304448,43327488,578,421
1618425159854,19304448,43327488,578,421
1618425160915,19304448,43327488,578,421
1618425161996,19304448,43327488,578,421
1618425163063,19304448,43327488,578,421
1618425164172,19304448,43327488,578,421
1618425165268,19304448,43327488,578,421
1618425166355,19304448,43327488,578,421
1618425167417,19304448,43327488,578,421
1618425168476,19304448,43327488,578,421
1618425169567,19304448,43327488,578,421
1618425170625,19304448,43327488,578,421
1618425171687,19304448,43327488,578,421
1618425172738,19304448,43327488,578,421
1618425173810,19304448,43327488,578,421
1618425174872,19304448,43327488,578,421
1618425175928,19304448,43327488,578,421
1618425176985,19304448,43327488,578,421
1618425178075,19304448,43327488,578,421
1618425179208,19304448,43327488,578,421
1618425180321,19304448,43327488,578,421
1618425181415,19304448,43327488,578,421
1618425182493,19304448,43327488,578,421
1618425183600,19304448,43327488,578,421
1618425184676,19304448,43327488,578,421
1618425185808,19304448,43327488,578,421
1618425186886,19304448,43327488,578,421
1618425187983,19304448,43327488,578,421
1618425189058,19304448,43327488,578,421
1618425190184,19304448,43327488,578,421
1618425191322,19304448,43327488,578,421
1618425192443,19304448,43327488,578,421
1618425193553,19304448,43327488,578,421
1618425194663,19304448,43327488,578,421
1618425195855,19304448,43327488,578,421
1618425196919,19304448,43327488,578,421
1618425198004,19304448,43327488,578,421
1618425199113,19304448,43327488,578,421
1618425200278,19304448,43327488,578,421
1618425201387,19304448,43327488,578,421
1618425202550,19304448,43327488,578,421
1618425203691,19304448,43327488,578,421
1618425204820,19304448,43327488,578,421
1618425205974,19304448,43327488,578,421
1618425207053,19304448,43327488,578,421
1618425208156,19304448,43327488,578,421
1618425209247,19304448,43327488,578,421
1618425210313,19468288,43655168,578,421
1618425211390,19468288,43655168,578,421
1618425212486,19468288,43655168,578,421
1618425213608,19468288,43655168,578,421
1618425214698,19468288,43655168,578,421
1618425215838,19468288,43655168,578,421
1618425216975,19468288,43655168,578,421
1618425218074,19468288,43655168,578,421
1618425219169,19468288,43655168,578,421
1618425220251,19468288,43655168,578,421
1618425221333,19468288,43655168,578,421
1618425222409,19468288,43655168,578,421
1618425223503,19468288,43655168,578,421
1618425224612,19468288,43655168,578,421
1618425225748,19468288,43655168,578,421
1618425226807,19468288,43655168,578,421
1618425227851,19468288,43655168,578,421
1618425228923,19468288,43655168,578,421
1618425229990,19468288,43655168,578,421
1618425231072,19468288,43655168,578,421
1618425232221,19468288,43655168,578,421
1618425233340,19468288,43655168,578,421
1618425234413,19468288,43655168,578,421
1618425235488,19468288,43655168,578,421
1618425236589,19468288,43655168,578,421
1618425237674,19468288,43655168,578,421
1618425238766,19468288,43655168,578,421
1618425239854,19468288,43655168,578,421
1618425240960,19468288,43655168,578,421
1618425242036,19468288,43655168,578,421
1618425243118,19468288,43655168,578,421
1618425244186,19468288,43655168,578,421
1618425245349,19468288,43655168,578,421
1618425246445,19468288,43655168,578,421
1618425247507,19468288,43655168,578,421
1618425248584,19468288,43655168,578,421
1618425249625,19468288,43655168,578,421
1618425250685,19468288,43655168,578,421
1618425251743,19468288,43655168,578,421
1618425252787,19468288,43655168,578,421
1618425253836,19468288,43655168,578,421
1618425254885,19468288,43655168,578,421
1618425255946,19468288,43655168,578,421
1618425256987,19468288,43655168,578,421
1618425258031,19468288,43655168,578,421
1618425259086,19468288,43655168,578,421
1618425260140,19468288,43655168,578,421
1618425261184,19468288,43655168,578,421
1618425262227,19468288,43655168,578,421
1618425263312,19468288,43655168,578,421
1618425264443,19468288,43655168,578,421
1618425265644,19468288,43655168,578,421
1618425266802,19468288,43655168,578,421
1618425267926,19468288,43655168,578,421
1618425269039,19468288,43655168,578,421
1618425270115,19410944,43532288,578,421
1618425271216,18821120,42352640,578,421
1618425272316,18624512,41959424,578,421
1618425273400,18624512,41959424,578,421
1618425274439,18624512,41959424,578,421
1618425275524,18624512,41959424,578,421
1618425276630,18624512,41959424,578,421
1618425277707,18624512,41959424,578,421
1618425278793,18624512,41959424,578,421
1618425279889,18624512,41959424,578,421
1618425280921,18624512,41959424,578,421
1618425281990,18624512,41959424,578,421
1618425283051,18624512,41959424,578,421
1618425284086,18624512,41959424,578,421
1618425285187,18624512,41959424,578,421
1618425286238,18624512,41959424,578,421
1618425287311,18624512,41959424,578,421
1618425288353,18624512,41959424,578,421
1618425289423,18624512,41959424,578,421
1618425290476,18624512,41959424,578,421
1618425291542,18624512,41959424,578,421
1618425292616,18624512,41959424,578,421
1618425293661,18624512,41959424,578,421
1618425294708,18624512,41959424,578,421
1618425295783,18624512,41959424,578,421
1618425296896,18624512,41959424,578,421
1618425297938,18624512,41959424,578,421
1618425298994,18624512,41959424,578,421
1618425300086,18624512,41959424,578,421
1618425301181,18624512,41959424,578,421
1618425302244,18624512,41959424,578,421
1618425303307,18624512,41959424,578,421
1618425304363,18624512,41959424,578,421
1618425305450,18624512,41959424,578,421
1618425306498,18624512,41959424,578,421
1618425307553,18624512,41959424,578,421
1618425308623,18624512,41959424,578,421
1618425309662,18624512,41959424,578,421
1618425310719,18624512,41959424,578,421
1618425311781,18624512,41959424,578,421
1618425312824,18624512,41959424,578,421
1618425313899,18624512,41959424,578,421
1618425314922,18624512,41959424,578,421
1618425315976,18624512,41959424,578,421
1618425317016,18624512,41959424,578,421
1618425318088,18624512,41959424,578,421
1618425319159,18624512,41959424,578,421
1618425320235,18624512,41959424,578,421
1618425321283,18624512,41959424,578,421
1618425322365,18624512,41959424,578,421
1618425323436,18624512,41959424,578,421
1618425324497,18624512,41959424,578,421
1618425325593,18624512,41959424,578,421
1618425326675,18624512,41959424,578,421
1618425327738,18624512,41959424,578,421
1618425328820,18624512,41959424,578,421
1618425329910,18624512,41959424,578,421
1618425330985,18624512,41959424,578,421
1618425332037,18624512,41959424,578,421
1618425333150,18624512,41959424,578,421
1618425334299,18624512,41959424,578,421
1618425335365,18624512,41959424,578,421
1618425336492,18624512,41959424,578,421
1618425337635,18624512,41959424,578,421
1618425338736,18624512,41959424,578,421
1618425339878,18624512,41959424,578,421
1618425340986,18624512,41959424,578,421
1618425342044,18624512,41959424,578,421
1618425343198,18624512,41959424,578,421
1618425344391,18624512,41959424,578,421
1618425345488,18624512,41959424,578,421
1618425346561,18624512,41959424,578,421
1618425347679,18624512,41959424,578,421
1618425348763,18624512,41959424,578,421
1618425349963,18624512,41959424,578,421
1618425351085,18624512,41959424,578,421
1618425352186,18624512,41959424,578,421
1618425353309,18624512,41959424,578,421
1618425354390,18624512,41959424,578,421
1618425355469,18624512,41959424,578,421
1618425356549,18624512,41959424,578,421
1618425357692,18624512,41959424,578,421
1618425358800,18624512,41959424,578,421
1618425359974,18624512,41959424,578,421
1618425361144,18624512,41959424,578,421
1618425362265,18624512,41959424,578,421
1618425363390,18624512,41959424,578,421
1618425364482,18624512,41959424,578,421
1618425365639,18624512,41959424,578,421
1618425366715,18624512,41959424,578,421
1618425367793,18624512,41959424,578,421
1618425368916,18624512,41959424,578,421
1618425370007,18624512,41959424,578,421
1618425371095,18624512,41959424,578,421
1618425372200,18624512,41959424,578,421
1618425373279,18624512,41959424,578,421
1618425374350,18624512,41959424,578,421
1618425375441,18624512,41959424,578,421
1618425376532,18624512,41959424,578,421
1618425377644,18624512,41959424,578,421
1618425378692,18624512,41959424,578,421
1618425379788,18624512,41959424,578,421
1618425380883,18624512,41959424,578,421
1618425381997,18624512,41959424,578,421
1618425383141,18624512,41959424,578,421
1618425384365,18624512,41959424,578,421
1618425385466,18624512,41959424,578,421
1618425386541,18624512,41959424,578,421
1618425387640,18624512,41959424,578,421
1618425388704,18624512,41959424,578,421
1618425389772,18624512,41959424,578,421
1618425390860,18624512,41959424,578,421
1618425391945,18436096,41582592,578,421
1618425393040,18108416,40927232,578,421
1618425394123,18108416,40927232,578,421
1618425395204,18108416,40927232,578,421
1618425396319,18108416,40927232,578,421
1618425397395,18108416,40927232,578,421
1618425398509,18108416,40927232,578,421
1618425399631,18108416,40927232,578,421
1618425400803,18108416,40927232,578,421
1618425401929,18108416,40927232,578,421
1618425403073,18108416,40927232,578,421
1618425404177,18108416,40927232,578,421
1618425405463,18108416,40927232,578,421
1618425406570,18108416,40927232,578,421
1618425407749,18108416,40927232,578,421
1618425408874,18108416,40927232,578,421
1618425409951,18108416,40927232,578,421
1618425411035,18108416,40927232,578,421
1618425412110,18108416,40927232,578,421
1618425413202,18108416,40927232,578,421
1618425414276,18108416,40927232,578,421
1618425415460,18108416,40927232,578,421
1618425416603,18108416,40927232,578,421
1618425417662,18108416,40927232,578,421
1618425418764,18108416,40927232,578,421
1618425419841,18108416,40927232,578,421
1618425420944,18108416,40927232,578,421
1618425422171,18108416,40927232,578,421
1618425423253,18108416,40927232,578,421
1618425424342,18108416,40927232,578,421
1618425425484,18108416,40927232,578,421
1618425426558,18108416,40927232,578,421
1618425427616,18108416,40927232,578,421
1618425428761,18108416,40927232,578,421
1618425429838,18108416,40927232,578,421
1618425430975,18108416,40927232,578,421
1618425432079,18108416,40927232,578,421
1618425433161,18108416,40927232,578,421
1618425434295,18108416,40927232,578,421
1618425435392,18108416,40927232,578,421
1618425436499,18108416,40927232,578,421
1618425437649,18108416,40927232,578,421
1618425438735,18108416,40927232,578,421
1618425439868,18108416,40927232,578,421
1618425440955,18108416,40927232,578,421
1618425442068,18108416,40927232,578,421
1618425443169,18108416,40927232,578,421
1618425444304,18108416,40927232,578,421
1618425445514,18108416,40927232,578,421
1618425446608,18108416,40927232,578,421
1618425447729,18108416,40927232,578,421
1618425448824,18108416,40927232,578,421
1618425449955,18108416,40927232,578,421
1618425451091,18108416,40927232,578,421
1618425452195,18108416,40927232,578,421
1618425453294,18141184,40992768,578,421
1618425454425,18141184,40992768,578,421
1618425455554,18141184,40992768,578,421
1618425456669,18141184,40992768,578,421
1618425457784,18141184,40992768,578,421
1618425458898,18141184,40992768,578,421
1618425460001,18141184,40992768,578,421
1618425461111,18141184,40992768,578,421
1618425462204,18141184,40992768,578,421
1618425463315,18141184,40992768,578,421
1618425464403,18141184,40992768,578,421
1618425465538,18141184,40992768,578,421
1618425466724,18141184,40992768,578,421
1618425467859,18141184,40992768,578,421
1618425468999,18141184,40992768,578,421
1618425470155,18141184,40992768,578,421
1618425471236,18141184,40992768,578,421
1618425472327,18141184,40992768,578,421
1618425473430,18141184,40992768,578,421
1618425474552,18141184,40992768,578,421
1618425475644,18141184,40992768,578,421
1618425476754,18141184,40992768,578,421
1618425477846,18141184,40992768,578,421
1618425478952,18141184,40992768,578,421
1618425480048,18141184,40992768,578,421
1618425481166,18141184,40992768,578,421
1618425482251,18141184,40992768,578,421
1618425483346,18141184,40992768,578,421
1618425484402,18141184,40992768,578,421
1618425485523,18141184,40992768,578,421
1618425486626,18141184,40992768,578,421
1618425487692,18141184,40992768,578,421
1618425488807,18141184,40992768,578,421
1618425489885,18141184,40992768,578,421
1618425491007,18141184,40992768,578,421
1618425492081,18141184,40992768,578,421
1618425493179,18141184,40992768,578,421
1618425494264,18141184,40992768,578,421
1618425495365,18141184,40992768,578,421
1618425496457,18141184,40992768,578,421
1618425497568,18141184,40992768,578,421
1618425498670,18141184,40992768,578,421
1618425499820,18141184,40992768,578,421
1618425500917,18141184,40992768,578,421
1618425501992,18141184,40992768,578,421
1618425503102,18141184,40992768,578,421
1618425504198,18141184,40992768,578,421
1618425505371,18141184,40992768,578,421
1618425506471,18141184,40992768,578,421
1618425507609,18141184,40992768,578,421
1618425508788,18141184,40992768,578,421
1618425509931,18141184,40992768,578,421
1618425511113,18141184,40992768,578,421
1618425512209,18141184,40992768,578,421
1618425513272,18083840,40878080,578,421
1618425514335,18083840,40878080,578,421
1618425515440,18083840,40878080,578,421
1618425516614,18083840,40878080,578,421
1618425517753,18083840,40878080,578,421
1618425518847,18083840,40878080,578,421
1618425519957,18083840,40878080,578,421
1618425521097,18083840,40878080,578,421
1618425522236,18083840,40878080,578,421
1618425523472,18083840,40878080,578,421
1618425524574,18083840,40878080,578,421
1618425525654,18083840,40878080,578,421
1618425526767,18083840,40878080,578,421
1618425527909,18083840,40878080,578,421
1618425528974,18083840,40878080,578,421
1618425530078,18083840,40878080,578,421
1618425531191,18083840,40878080,578,421
1618425532418,18083840,40878080,578,421
1618425533621,18083840,40878080,578,421
1618425534779,18083840,40878080,578,421
1618425535909,18083840,40878080,578,421
1618425537003,18083840,40878080,578,421
1618425538065,18083840,40878080,578,421
1618425539191,18083840,40878080,578,421
1618425540271,18083840,40878080,578,421
1618425541360,18083840,40878080,578,421
1618425542436,18083840,40878080,578,421
1618425543511,18083840,40878080,578,421
1618425544580,18083840,40878080,578,421
1618425545726,18083840,40878080,578,421
1618425546821,18083840,40878080,578,421
1618425547915,18083840,40878080,578,421
1618425549034,18083840,40878080,578,421
1618425550163,18083840,40878080,578,421
1618425551281,18083840,40878080,578,421
1618425552394,18083840,40878080,578,421
1618425553506,18083840,40878080,578,421
1618425554634,18083840,40878080,578,421
1618425555723,18083840,40878080,578,421
1618425556765,18083840,40878080,578,421
1618425557866,18083840,40878080,578,421
1618425558983,18083840,40878080,578,421
1618425560075,18083840,40878080,578,421
1618425561142,18083840,40878080,578,421
1618425562224,18083840,40878080,578,421
1618425563296,18083840,40878080,578,421
1618425564392,18083840,40878080,578,421
1618425565482,18083840,40878080,578,421
1618425566588,18083840,40878080,578,421
1618425567672,18083840,40878080,578,421
1618425568777,18083840,40878080,578,421
1618425569875,18083840,40878080,578,421
1618425571010,18083840,40878080,578,421
1618425572131,18083840,40878080,578,421
1618425573246,18116608,40943616,578,421
1618425574381,18116608,40943616,578,421
1618425575492,18116608,40943616,578,421
1618425576604,18116608,40943616,578,421
1618425577699,18116608,40943616,578,421
1618425578779,18116608,40943616,578,421
1618425579889,18116608,40943616,578,421
1618425580981,18116608,40943616,578,421
1618425582042,18116608,40943616,578,421
1618425583142,18116608,40943616,578,421
1618425584231,18116608,40943616,578,421
1618425585312,18116608,40943616,578,421
1618425586421,18116608,40943616,578,421
1618425587520,18116608,40943616,578,421
1618425588611,18116608,40943616,578,421
1618425589778,18116608,40943616,578,421
1618425590947,18116608,40943616,578,421
1618425592048,18116608,40943616,578,421
1618425593140,18116608,40943616,578,421
1618425594252,18116608,40943616,578,421
1618425595341,18116608,40943616,578,421
1618425596432,18116608,40943616,578,421
1618425597552,18116608,40943616,578,421
1618425598685,18116608,40943616,578,421
1618425599805,18116608,40943616,578,421
1618425600972,18116608,40943616,578,421
1618425602117,18116608,40943616,578,421
1618425603220,18116608,40943616,578,421
1618425604307,18116608,40943616,578,421
1618425605501,18116608,40943616,578,421
1618425606654,18116608,40943616,578,421
1618425607708,18116608,40943616,578,421
1618425608793,18116608,40943616,578,421
1618425609886,18116608,40943616,578,421
1618425610994,18116608,40943616,578,421
1618425612138,18116608,40943616,578,421
1618425613256,18116608,40943616,578,421
1618425614352,18116608,40943616,578,421
1618425615573,18116608,40943616,578,421
1618425616692,18116608,40943616,578,421
1618425617860,18116608,40943616,578,421
1618425619090,18116608,40943616,578,421
1618425620432,18116608,40943616,578,421
1618425621765,18116608,40943616,578,421
1618425623104,18116608,40943616,578,421
1618425624606,18116608,40943616,578,421
1618425626061,18116608,40943616,578,421
1618425627320,18116608,40943616,578,421
1618425628448,18116608,40943616,578,421
1618425629595,18116608,40943616,578,421
1618425630701,18116608,40943616,578,421
1618425631807,18116608,40943616,578,421
1618425632900,18116608,40943616,578,421
1618425633999,18116608,40943616,578,421
1618425635142,18116608,40943616,578,421
1618425636360,18116608,40943616,578,421
1618425637451,18116608,40943616,578,421
1618425638576,18116608,40943616,578,421
1618425639699,18116608,40943616,578,421
1618425640791,18116608,40943616,578,421
1618425641939,18116608,40943616,578,421
1618425643046,18116608,40943616,578,421
1618425644144,18116608,40943616,578,421
1618425645235,18116608,40943616,578,421
1618425646316,18116608,40943616,578,421
1618425647415,18116608,40943616,578,421
1618425648496,18116608,40943616,578,421
1618425649581,18116608,40943616,578,421
1618425650679,18116608,40943616,578,421
1618425651753,18116608,40943616,578,421
1618425652830,18116608,40943616,578,421
1618425653895,18116608,40943616,578,421
1618425654965,18116608,40943616,578,421
1618425656039,18116608,40943616,578,421
1618425657101,18116608,40943616,578,421
1618425658195,18116608,40943616,578,421
1618425659283,18116608,40943616,578,421
1618425660493,18116608,40943616,578,421
1618425661690,18116608,40943616,578,421
1618425662780,18116608,40943616,578,421
1618425663951,18116608,40943616,578,421
1618425665152,18116608,40943616,578,421
1618425666293,18116608,40943616,578,421
1618425667409,18116608,40943616,578,421
1618425668497,18116608,40943616,578,421
1618425669575,18116608,40943616,578,421
1618425670649,18116608,40943616,578,421
1618425671763,18116608,40943616,578,421
1618425672861,18116608,40943616,578,421
1618425673945,18116608,40943616,578,421
1618425675084,18116608,40943616,578,421
1618425676194,18116608,40943616,578,421
1618425677300,18116608,40943616,578,421
1618425678435,18116608,40943616,578,421
1618425679523,18116608,40943616,578,421
1618425680605,18116608,40943616,578,421
1618425681685,18116608,40943616,578,421
1618425682782,18116608,40943616,578,421
1618425683910,18116608,40943616,578,421
1618425685037,18116608,40943616,578,421
1618425686105,18116608,40943616,578,421
1618425687208,18116608,40943616,578,421
1618425688296,18116608,40943616,578,421
1618425689395,18116608,40943616,578,421
1618425690489,18116608,40943616,578,421
1618425691611,18116608,40943616,578,421
1618425692732,18116608,40943616,578,421
1618425693838,18149376,41009152,578,421
1618425694977,18149376,41009152,578,421
1618425696185,18149376,41009152,578,421
1618425697414,18149376,41009152,578,421
1618425698632,18149376,41009152,578,421
1618425699733,18149376,41009152,578,421
1618425700853,18149376,41009152,578,421
1618425701936,18149376,41009152,578,421
1618425703050,18149376,41009152,578,421
1618425704166,18149376,41009152,578,421
1618425705257,18149376,41009152,578,421
1618425706411,18149376,41009152,578,421
1618425707505,18149376,41009152,578,421
1618425708709,18149376,41009152,578,421
1618425709919,18149376,41009152,578,421
1618425711093,18149376,41009152,578,421
1618425712234,18149376,41009152,578,421
1618425713406,18149376,41009152,578,421
1618425714558,18149376,41009152,578,421
1618425715752,18149376,41009152,578,421
1618425716948,18149376,41009152,578,421
1618425718119,18149376,41009152,578,421
1618425719317,18149376,41009152,578,421
1618425720515,18149376,41009152,578,421
1618425721676,18149376,41009152,578,421
1618425722969,18149376,41009152,578,421
1618425724283,18149376,41009152,578,421
1618425725460,18149376,41009152,578,421
1618425726697,18149376,41009152,578,421
1618425727938,18149376,41009152,578,421
1618425729175,18149376,41009152,578,421
1618425730579,18149376,41009152,578,421
1618425731931,18149376,41009152,578,421
1618425733186,18149376,41009152,578,421
1618425734359,18149376,41009152,578,421
1618425735556,18149376,41009152,578,421
1618425736738,18149376,41009152,578,421
1618425738035,18149376,41009152,578,421
1618425739235,18149376,41009152,578,421
1618425740389,18149376,41009152,578,421
1618425741562,18149376,41009152,578,421
1618425742771,18149376,41009152,578,421
1618425743967,18149376,41009152,578,421
1618425745234,18149376,41009152,578,421
1618425746375,18149376,41009152,578,421
1618425747502,18149376,41009152,578,421
1618425748659,18149376,41009152,578,421
1618425749831,18149376,41009152,578,421
1618425751001,18149376,41009152,578,421
1618425752174,18149376,41009152,578,421
1618425753340,18149376,41009152,578,421
1618425754498,18149376,41009152,578,421
1618425755652,18149376,41009152,578,421
1618425756793,18149376,41009152,578,421
1618425757981,18149376,41009152,578,421
1618425759191,18149376,41009152,578,421
1618425760396,18149376,41009152,578,421
1618425761533,18149376,41009152,578,421
1618425762680,18149376,41009152,578,421
1618425763817,18149376,41009152,578,421
1618425764986,18149376,41009152,578,421
1618425766145,18149376,41009152,578,421
1618425767320,18149376,41009152,578,421
1618425768511,18149376,41009152,578,421
1618425769722,18149376,41009152,578,421
1618425770909,18149376,41009152,578,421
1618425772080,18149376,41009152,578,421
1618425773253,18149376,41009152,578,421
1618425774417,18149376,41009152,578,421
1618425775589,18149376,41009152,578,421
1618425776748,18149376,41009152,578,421
1618425777900,18149376,41009152,578,421
1618425779048,18149376,41009152,578,421
1618425780204,18149376,41009152,578,421
1618425781376,18149376,41009152,578,421
1618425782527,18149376,41009152,578,421
1618425783691,18149376,41009152,578,421
1618425784852,18149376,41009152,578,421
1618425786034,18149376,41009152,578,421
1618425787199,18149376,41009152,578,421
1618425788386,18149376,41009152,578,421
1618425789560,18149376,41009152,578,421
1618425790711,18149376,41009152,578,421
1618425791861,18149376,41009152,578,421
1618425793031,18149376,41009152,578,421
1618425794187,18149376,41009152,578,421
1618425795418,18149376,41009152,578,421
1618425796617,18149376,41009152,578,421
1618425797875,18149376,41009152,578,421
1618425799168,18149376,41009152,578,421
1618425800381,18149376,41009152,578,421
1618425801533,18149376,41009152,578,421
1618425802681,18149376,41009152,578,421
1618425803873,18149376,41009152,578,421
1618425805076,18149376,41009152,578,421
1618425806323,18149376,41009152,578,421
1618425807506,18149376,41009152,578,421
1618425808679,18149376,41009152,578,421
1618425809914,18149376,41009152,578,421
1618425811170,18149376,41009152,578,421
1618425812383,18149376,41009152,578,421
1618425813517,18149376,41009152,578,421
1618425814724,18149376,41009152,578,421
1618425815911,18149376,41009152,578,421
1618425817122,18149376,41009152,578,421
1618425818347,18149376,41009152,578,421
1618425819547,18149376,41009152,578,421
1618425820703,18149376,41009152,578,421
1618425821861,18149376,41009152,578,421
1618425823098,18149376,41009152,578,421
1618425824273,18149376,41009152,578,421
1618425825467,18149376,41009152,578,421
1618425826641,18149376,41009152,578,421
1618425827895,18149376,41009152,578,421
1618425829093,18149376,41009152,578,421
1618425830292,18149376,41009152,578,421
1618425831447,18149376,41009152,578,421
1618425832627,18149376,41009152,578,421
1618425833852,18149376,41009152,578,421
1618425835025,18149376,41009152,578,421
1618425836243,18149376,41009152,578,421
1618425837482,18149376,41009152,578,421
1618425838682,18149376,41009152,578,421
1618425839918,18149376,41009152,578,421
1618425841099,18149376,41009152,578,421
1618425842279,18149376,41009152,578,421
1618425843444,18149376,41009152,578,421
1618425844605,18149376,41009152,578,421
1618425845788,18149376,41009152,578,421
1618425846987,18149376,41009152,578,421
1618425848198,18149376,41009152,578,421
1618425849389,18149376,41009152,578,421
1618425850591,18149376,41009152,578,421
1618425851760,18149376,41009152,578,421
1618425852978,18149376,41009152,578,421
1618425854218,18149376,41009152,578,421
1618425855383,18149376,41009152,578,421
1618425856535,18149376,41009152,578,421
1618425857759,18149376,41009152,578,421
1618425858936,18149376,41009152,578,421
1618425860218,18149376,41009152,578,421
1618425861447,18149376,41009152,578,421
1618425862709,18149376,41009152,578,421
1618425863969,18149376,41009152,578,421
1618425865188,18149376,41009152,578,421
1618425866398,18149376,41009152,578,421
1618425867543,18149376,41009152,578,421
1618425868760,18149376,41009152,578,421
1618425869950,18149376,41009152,578,421
1618425871161,18149376,41009152,578,421
1618425872337,18149376,41009152,578,421
1618425873589,18083840,40878080,578,421
1618425874753,18083840,40878080,578,421
1618425875879,18083840,40878080,578,421
1618425877000,18083840,40878080,578,421
1618425878121,18083840,40878080,578,421
1618425879274,18083840,40878080,578,421
1618425880436,18083840,40878080,578,421
1618425881616,18083840,40878080,578,421
1618425882749,18083840,40878080,578,421
1618425883870,18083840,40878080,578,421
1618425885000,18083840,40878080,578,421
1618425886142,18083840,40878080,578,421
1618425887305,18083840,40878080,578,421
1618425888485,18083840,40878080,578,421
1618425889638,18083840,40878080,578,421
1618425890829,18083840,40878080,578,421
1618425891983,18083840,40878080,578,421
1618425893174,18083840,40878080,578,421
1618425894319,18083840,40878080,578,421
1618425895510,18083840,40878080,578,421
1618425896637,18083840,40878080,578,421
1618425897788,18083840,40878080,578,421
1618425898931,18083840,40878080,578,421
1618425900086,18083840,40878080,578,421
1618425901233,18083840,40878080,578,421
1618425902377,18083840,40878080,578,421
1618425903518,18083840,40878080,578,421
1618425904664,18083840,40878080,578,421
1618425905828,18083840,40878080,578,421
1618425906972,18083840,40878080,578,421
1618425908109,18083840,40878080,578,421
1618425909247,18083840,40878080,578,421
1618425910409,18083840,40878080,578,421
1618425911559,18083840,40878080,578,421
1618425912683,18083840,40878080,578,421
1618425913817,18083840,40878080,578,421
1618425914942,18083840,40878080,578,421
1618425916098,18083840,40878080,578,421
1618425917237,18083840,40878080,578,421
1618425918358,18083840,40878080,578,421
1618425919490,18083840,40878080,578,421
1618425920638,18083840,40878080,578,421
1618425921784,18083840,40878080,578,421
1618425922902,18083840,40878080,578,421
1618425924033,18083840,40878080,578,421
1618425925171,18083840,40878080,578,421
1618425926305,18083840,40878080,578,421
1618425927540,18083840,40878080,578,421
1618425928743,18083840,40878080,578,421
1618425929951,18083840,40878080,578,421
1618425931118,18083840,40878080,578,421
1618425932264,18083840,40878080,578,421
1618425933422,18149376,41009152,578,421
1618425934564,18149376,41009152,578,421
1618425935676,18149376,41009152,578,421
1618425936850,18149376,41009152,578,421
1618425937981,18149376,41009152,578,421
1618425939126,18149376,41009152,578,421
1618425940274,18149376,41009152,578,421
1618425941390,18149376,41009152,578,421
1618425942526,18149376,41009152,578,421
1618425943630,18149376,41009152,578,421
1618425944750,18149376,41009152,578,421
1618425945915,18149376,41009152,578,421
1618425947036,18149376,41009152,578,421
1618425948175,18149376,41009152,578,421
1618425949317,18149376,41009152,578,421
1618425950433,18149376,41009152,578,421
1618425951572,18149376,41009152,578,421
1618425952727,18149376,41009152,578,421
1618425953845,18149376,41009152,578,421
1618425954942,18149376,41009152,578,421
1618425956084,18149376,41009152,578,421
1618425957202,18149376,41009152,578,421
1618425958341,18149376,41009152,578,421
1618425959475,18149376,41009152,578,421
1618425960655,18149376,41009152,578,421
1618425961850,18149376,41009152,578,421
1618425963017,18149376,41009152,578,421
1618425964150,18149376,41009152,578,421
1618425965279,18149376,41009152,578,421
1618425966446,18149376,41009152,578,421
1618425967616,18149376,41009152,578,421
1618425968791,18149376,41009152,578,421
1618425969946,18149376,41009152,578,421
1618425971141,18149376,41009152,578,421
1618425972281,18149376,41009152,578,421
1618425973444,18149376,41009152,578,421
1618425974603,18149376,41009152,578,421
1618425975788,18149376,41009152,578,421
1618425976939,18149376,41009152,578,421
1618425978102,18149376,41009152,578,421
1618425979230,18149376,41009152,578,421
1618425980390,18149376,41009152,578,421
1618425981538,18149376,41009152,578,421
1618425982690,18149376,41009152,578,421
1618425983857,18149376,41009152,578,421
1618425985023,18149376,41009152,578,421
1618425986157,18149376,41009152,578,421
1618425987284,18149376,41009152,578,421
1618425988453,18149376,41009152,578,421
1618425989620,18149376,41009152,578,421
1618425990786,18149376,41009152,578,421
1618425991944,18149376,41009152,578,421
1618425993084,18149376,41009152,578,421
1618425994287,18149376,41009152,578,421
1618425995466,18149376,41009152,578,421
1618425996638,18149376,41009152,578,421
1618425997796,18149376,41009152,578,421
1618425998974,18149376,41009152,578,421
1618426000140,18149376,41009152,578,421
1618426001299,18149376,41009152,578,421
1618426002445,18149376,41009152,578,421
1618426003641,18149376,41009152,578,421
1618426004909,18149376,41009152,578,421
1618426006081,18149376,41009152,578,421
1618426007357,18149376,41009152,578,421
1618426008574,18149376,41009152,578,421
1618426009720,18149376,41009152,578,421
1618426010845,18149376,41009152,578,421
1618426011970,18149376,41009152,578,421
1618426013112,18149376,41009152,578,421
1618426014337,18149376,41009152,578,421
1618426015566,18149376,41009152,578,421
1618426016722,18149376,41009152,578,421
1618426017903,18149376,41009152,578,421
1618426019082,18149376,41009152,578,421
1618426020309,18149376,41009152,578,421
1618426021477,18149376,41009152,578,421
1618426022643,18149376,41009152,578,421
1618426023806,18149376,41009152,578,421
1618426024988,18149376,41009152,578,421
1618426026162,18149376,41009152,578,421
1618426027318,18149376,41009152,578,421
1618426028470,18149376,41009152,578,421
1618426029605,18149376,41009152,578,421
1618426030781,18149376,41009152,578,421
1618426031927,18149376,41009152,578,421
1618426033092,18149376,41009152,578,421
1618426034245,18149376,41009152,578,421
1618426035394,18149376,41009152,578,421
1618426036545,18149376,41009152,578,421
1618426037750,18149376,41009152,578,421
1618426038949,18149376,41009152,578,421
1618426040095,18149376,41009152,578,421
1618426041250,18149376,41009152,578,421
1618426042406,18149376,41009152,578,421
1618426043603,18149376,41009152,578,421
1618426044804,18149376,41009152,578,421
1618426046005,18149376,41009152,578,421
1618426047177,18149376,41009152,578,421
1618426048356,18149376,41009152,578,421
1618426049520,18149376,41009152,578,421
1618426050698,18149376,41009152,578,421
1618426051862,18149376,41009152,578,421
1618426053048,18149376,41009152,578,421
1618426054326,18149376,41009152,578,468
1618426055501,18149376,41009152,578,468
1618426056683,18149376,41009152,578,468
1618426057840,18149376,41009152,578,468
1618426059106,18149376,41009152,578,468
1618426060348,18149376,41009152,578,468
1618426061590,18149376,41009152,578,468
1618426062859,18149376,41009152,578,468
1618426064085,18149376,41009152,578,468
1618426065268,18149376,41009152,578,468
1618426066445,18149376,41009152,578,468
1618426067620,18149376,41009152,578,468
1618426068809,18149376,41009152,578,468
1618426069995,18149376,41009152,578,468
1618426071155,18149376,41009152,578,468
1618426072320,18149376,41009152,578,468
1618426073496,18149376,41009152,578,468
1618426074651,18149376,41009152,578,468
1618426075830,18149376,41009152,578,468
1618426076993,18149376,41009152,578,468
1618426078186,18149376,41009152,578,468
1618426079403,18149376,41009152,578,468
1618426080615,18149376,41009152,578,468
1618426081770,18149376,41009152,578,468
1618426082935,18149376,41009152,578,468
1618426084083,18149376,41009152,578,468
1618426085309,18149376,41009152,578,468
1618426086482,18149376,41009152,578,468
1618426087691,18149376,41009152,578,468
1618426088942,18149376,41009152,578,468
1618426090104,18149376,41009152,578,468
1618426091311,18149376,41009152,578,468
1618426092486,18149376,41009152,578,468
1618426093658,18149376,41009152,578,468
1618426094803,18149376,41009152,578,468
1618426095989,18149376,41009152,578,468
1618426097169,18149376,41009152,578,468
1618426098345,18149376,41009152,578,468
1618426099511,18149376,41009152,578,468
1618426100686,18149376,41009152,578,468
1618426101866,18149376,41009152,578,468
1618426103028,18149376,41009152,578,468
1618426104204,18149376,41009152,578,468
1618426105343,18149376,41009152,578,468
1618426106471,18149376,41009152,578,468
1618426107618,18149376,41009152,578,468
1618426108766,18149376,41009152,578,468
1618426109931,18149376,41009152,578,468
1618426111097,18149376,41009152,578,468
1618426112280,18149376,41009152,578,468
1618426113424,18083840,40878080,578,468
1618426114583,18083840,40878080,578,468
1618426115734,18083840,40878080,578,468
1618426116876,18083840,40878080,578,468
1618426118028,18083840,40878080,578,468
1618426119200,18083840,40878080,578,468
1618426120351,18083840,40878080,578,468
1618426121486,18083840,40878080,578,468
1618426122633,18083840,40878080,578,468
1618426123782,18083840,40878080,578,468
1618426125018,18083840,40878080,578,468
1618426126234,18083840,40878080,578,468
1618426127439,18083840,40878080,578,468
1618426128776,18083840,40878080,578,468
1618426130074,18083840,40878080,578,468
1618426131349,18083840,40878080,578,468
1618426132596,18083840,40878080,578,468
1618426133819,18083840,40878080,578,468
1618426134980,18083840,40878080,578,468
1618426136163,18083840,40878080,578,468
1618426137388,18083840,40878080,578,468
1618426138603,18083840,40878080,578,468
1618426139790,18083840,40878080,578,468
1618426141027,18083840,40878080,578,468
1618426142251,18083840,40878080,578,468
1618426143478,18083840,40878080,578,468
1618426144667,18083840,40878080,578,468
1618426145851,18083840,40878080,578,468
1618426147016,18083840,40878080,578,468
1618426148185,18083840,40878080,578,468
1618426149345,18083840,40878080,578,468
1618426150517,18083840,40878080,578,468
1618426151685,18083840,40878080,578,468
1618426152884,18083840,40878080,578,468
1618426154086,18083840,40878080,578,468
1618426155384,18083840,40878080,578,468
1618426156616,18083840,40878080,578,468
1618426157786,18083840,40878080,578,468
1618426158964,18083840,40878080,578,468
1618426160134,18083840,40878080,578,468
1618426161317,18083840,40878080,578,468
1618426162586,18083840,40878080,578,468
1618426163745,18083840,40878080,578,468
1618426164969,18083840,40878080,578,468
1618426166137,18083840,40878080,578,468
1618426167350,18083840,40878080,578,468
1618426168511,18083840,40878080,578,468
1618426169715,18083840,40878080,578,468
1618426170923,18083840,40878080,578,468
1618426172093,18083840,40878080,578,468
1618426173253,18083840,40878080,578,468
1618426174419,18149376,41009152,578,468
1618426175584,18149376,41009152,578,468
1618426176828,18149376,41009152,578,468
1618426178017,18149376,41009152,578,468
1618426179188,18149376,41009152,578,468
1618426180380,18149376,41009152,578,468
1618426181527,18149376,41009152,578,468
1618426182677,18149376,41009152,578,468
1618426183820,18149376,41009152,578,468
1618426184997,18149376,41009152,578,468
1618426186154,18149376,41009152,578,468
1618426187368,18149376,41009152,578,468
1618426188784,18149376,41009152,578,468
1618426189988,18149376,41009152,578,468
1618426191270,18149376,41009152,578,468
1618426192495,18149376,41009152,578,468
1618426193742,18149376,41009152,578,468
1618426194956,18149376,41009152,578,468
1618426196132,18149376,41009152,578,468
1618426197315,18149376,41009152,578,468
1618426198514,18149376,41009152,578,468
1618426199682,18149376,41009152,578,468
1618426200809,18149376,41009152,578,468
1618426201982,18149376,41009152,578,468
1618426203146,18149376,41009152,578,468
1618426204302,18149376,41009152,578,468
1618426205518,18149376,41009152,578,468
1618426206675,18149376,41009152,578,468
1618426207849,18149376,41009152,578,468
1618426209046,18149376,41009152,578,468
1618426210265,18149376,41009152,578,468
1618426211426,18149376,41009152,578,468
1618426212590,18149376,41009152,578,468
1618426213843,18149376,41009152,578,468
1618426215038,181