# timestamp,resident_bytes,total_bytes,system_millis,user_millis
1618425709380,6086656,7421952,31,15
1618425710646,6086656,7421952,31,15
1618425711895,6086656,7421952,31,15
1618425713148,6086656,7421952,31,15
1618425714428,6086656,7421952,31,15
1618425715753,6086656,7421952,31,15
1618425717026,6086656,7421952,31,15
1618425718278,6086656,7421952,31,15
1618425719573,6086656,7421952,46,15
1618425720859,6086656,7421952,46,15
1618425722145,6086656,7421952,46,15
1618425723649,6086656,7421952,46,15
1618425724925,6086656,7421952,46,15
1618425726166,6086656,7421952,46,15
1618425727564,6086656,7421952,46,15
1618425728843,6086656,7421952,46,15
1618425730295,6086656,7421952,46,15
1618425731711,6086656,7421952,46,15
1618425733058,6086656,7421952,46,15
1618425734312,6086656,7421952,46,15
1618425735593,6086656,7421952,46,15
1618425736862,6086656,7421952,46,15
1618425738270,6053888,7344128,46,15
1618425739486,6053888,7344128,46,15
1618425740770,6053888,7344128,46,15
1618425742063,6053888,7344128,46,15
1618425743341,6053888,7344128,46,15
1618425744684,6053888,7344128,46,15
1618425745938,6053888,7344128,46,15
1618425747162,6053888,7344128,46,15
1618425748426,6053888,7344128,46,15
1618425749660,6053888,7344128,46,15
1618425750921,6053888,7344128,46,15
1618425752171,6053888,7344128,46,15
1618425753433,6053888,7344128,46,15
1618425754691,6053888,7344128,46,15
1618425755947,6053888,7344128,46,15
1618425757190,6053888,7344128,46,15
1618425758434,6053888,7344128,46,15
1618425759771,6053888,7344128,46,15
1618425761009,6053888,7344128,46,15
1618425762236,6053888,7344128,46,15
1618425763481,6053888,7344128,46,15
1618425764713,6053888,7344128,46,15
1618425765974,6053888,7344128,46,15
1618425767224,6053888,7344128,46,15
1618425768493,6053888,7344128,46,15
1618425769786,6053888,7344128,46,15
1618425771079,6053888,7344128,46,15
1618425772346,6053888,7344128,46,15
1618425773602,6053888,7344128,46,15
1618425774821,6053888,7344128,46,15
1618425776054,6053888,7344128,46,15
1618425777284,6053888,7344128,46,15
1618425778527,6053888,7344128,46,15
1618425779732,6053888,7344128,46,15
1618425780997,6053888,7344128,46,15
1618425782244,6053888,7344128,46,15
1618425783514,6053888,7344128,46,15
1618425784758,6053888,7344128,46,15
1618425785987,6053888,7344128,46,15
1618425787247,6053888,7344128,46,15
1618425788511,6053888,7344128,46,15
1618425789747,6053888,7344128,46,15
1618425790968,6053888,7344128,46,15
1618425792174,6053888,7344128,46,15
1618425793409,6053888,7344128,46,15
1618425794628,6053888,7344128,46,15
1618425795935,6053888,7344128,46,15
1618425797247,6053888,7344128,46,15
1618425798648,6053888,7344128,46,15
1618425799980,6053888,7344128,46,15
1618425801214,6053888,7344128,46,15
1618425802458,6053888,7344128,46,15
1618425803725,6053888,7344128,46,15
1618425804963,6053888,7344128,46,15
1618425806266,6053888,7344128,46,15
1618425807524,6053888,7344128,46,15
1618425808816,6053888,7344128,46,15
1618425810102,6053888,7344128,46,15
1618425811423,6053888,7344128,46,15
1618425812681,6053888,7344128,46,15
1618425813894,6053888,7344128,46,15
1618425815120,6053888,7344128,46,15
1618425816421,6053888,7344128,46,15
1618425817668,6053888,7344128,46,15
1618425818932,6053888,7344128,46,15
1618425820195,6053888,7344128,46,15
1618425821458,6053888,7344128,46,15
1618425822816,6053888,7344128,46,15
1618425824059,6053888,7344128,46,15
1618425825326,6053888,7344128,46,15
1618425826597,6053888,7344128,46,15
1618425827939,6053888,7344128,46,15
1618425829208,6053888,7344128,46,15
1618425830463,6053888,7344128,46,31
1618425831698,6053888,7344128,46,31
1618425832979,6053888,7344128,46,31
1618425834270,6053888,7344128,46,31
1618425835517,6053888,7344128,46,31
1618425836787,6053888,7344128,46,31
1618425838093,6053888,7344128,46,31
1618425839365,6053888,7344128,46,31
1618425840614,6053888,7344128,46,31
1618425841827,6053888,7344128,46,31
1618425843080,6033408,7266304,46,31
1618425844295,6033408,7266304,46,31
1618425845547,6033408,7266304,46,31
1618425846793,6033408,7266304,46,31
1618425848090,6033408,7266304,46,31
1618425849330,6033408,7266304,46,31
1618425850599,6033408,7266304,46,31
1618425851869,6033408,7266304,46,31
1618425853157,6033408,7266304,46,31
1618425854436,6033408,7266304,46,31
1618425855654,6033408,7266304,46,31
1618425856866,6033408,7266304,46,31
1618425858182,6033408,7266304,46,31
1618425859472,6033408,7266304,46,31
1618425860796,6033408,7266304,46,31
1618425862153,6033408,7266304,46,31
1618425863514,6033408,7266304,46,31
1618425864825,6033408,7266304,46,31
1618425866136,6033408,7266304,46,31
1618425867385,6033408,7266304,46,31
1618425868641,6033408,7266304,46,31
1618425869925,6033408,7266304,46,31
1618425871211,6033408,7266304,46,31
1618425872464,6033408,7266304,46,31
1618425873748,6033408,7266304,46,31
1618425875009,6033408,7266304,46,31
1618425876221,6033408,7266304,46,31
1618425877407,6033408,7266304,46,31
1618425878673,6033408,7266304,46,31
1618425879911,6033408,7266304,46,31
1618425881175,6033408,7266304,46,31
1618425882447,6033408,7266304,46,31
1618425883687,6033408,7266304,46,31
1618425884894,6033408,7266304,46,31
1618425886116,6033408,7266304,46,31
1618425887316,6033408,7266304,46,31
1618425888545,6033408,7266304,46,31
1618425889795,6033408,7266304,46,31
1618425891040,6033408,7266304,46,31
1618425892307,6033408,7266304,46,31
1618425893538,6033408,7266304,46,31
1618425894773,6033408,7266304,46,31
1618425896063,6033408,7266304,46,31
1618425897293,6033408,7266304,46,31
1618425898515,6033408,7266304,46,31
1618425899736,6033408,7266304,46,31
1618425900979,6033408,7266304,46,31
1618425902207,6033408,7266304,46,31
1618425903448,6033408,7266304,46,31
1618425904709,6033408,7266304,46,31
1618425905961,6033408,7266304,46,31
1618425907157,6033408,7266304,46,31
1618425908376,6033408,7266304,46,31
1618425909592,6033408,7266304,46,31
1618425910868,6033408,7266304,46,31
1618425912078,6033408,7266304,46,31
1618425913294,6033408,7266304,46,31
1618425914514,6033408,7266304,46,31
1618425915756,6033408,7266304,46,31
1618425916974,6033408,7266304,46,31
1618425918195,6033408,7266304,46,31
1618425919408,6033408,7266304,46,31
1618425920651,6033408,7266304,46,31
1618425921893,6033408,7266304,46,31
1618425923088,6033408,7266304,46,31
1618425924273,6033408,7266304,46,31
1618425925496,6033408,7266304,46,31
1618425926721,6033408,7266304,46,31
1618425928056,6033408,7266304,46,31
1618425929373,6033408,7266304,46,31
1618425930658,6033408,7266304,46,31
1618425931936,6033408,7266304,46,31
1618425933163,6033408,7266304,46,31
1618425934380,6033408,7266304,46,31
1618425935624,6033408,7266304,46,31
1618425936881,6033408,7266304,46,31
1618425938103,6033408,7266304,46,31
1618425939302,6033408,7266304,46,31
1618425940543,6033408,7266304,46,31
1618425941773,6033408,7266304,46,31
1618425942981,6033408,7266304,46,31
1618425944192,6033408,7266304,46,31
1618425945419,6033408,7266304,46,31
1618425946626,6033408,7266304,46,31
1618425947847,6033408,7266304,46,31
1618425949077,6033408,7266304,46,31
1618425950307,6033408,7266304,46,31
1618425951538,6033408,7266304,46,31
1618425952780,6033408,7266304,46,31
1618425954012,6033408,7266304,46,31
1618425955251,6033408,7266304,46,31
1618425956465,6033408,7266304,46,31
1618425957689,6033408,7266304,46,31
1618425958908,6033408,7266304,46,31
1618425960138,6033408,7266304,46,31
1618425961396,6033408,7266304,46,31
1618425962722,6033408,7266304,46,31
1618425963936,6033408,7266304,46,31
1618425965180,6033408,7266304,46,31
1618425966424,6033408,7266304,46,31
1618425967638,6033408,7266304,46,31
1618425968872,6033408,7266304,46,31
1618425970124,6033408,7266304,46,31
1618425971350,6033408,7266304,46,31
1618425972583,6033408,7266304,46,31
1618425973824,6033408,7266304,46,31
1618425975082,6033408,7266304,46,31
1618425976330,6033408,7266304,46,31
1618425977570,6033408,7266304,46,31
1618425978794,6033408,7266304,46,31
1618425980054,6033408,7266304,46,31
1618425981290,6033408,7266304,46,31
1618425982522,6033408,7266304,46,31
1618425983752,6033408,7266304,46,31
1618425984996,6033408,7266304,46,31
1618425986237,6033408,7266304,46,31
1618425987464,6033408,7266304,46,31
1618425988714,6033408,7266304,46,31
1618425989958,6033408,7266304,46,31
1618425991177,6033408,7266304,46,31
1618425992430,6033408,7266304,46,31
1618425993756,6033408,7266304,46,31
1618425995067,6033408,7266304,46,31
1618425996336,6033408,7266304,46,31
1618425997613,6033408,7266304,46,31
1618425998876,6033408,7266304,46,31
1618426000096,6033408,7266304,46,31
1618426001324,6033408,7266304,46,31
1618426002562,6033408,7266304,46,31
1618426003785,6033408,7266304,46,31
1618426005127,6033408,7266304,46,31
1618426006463,6033408,7266304,46,31
1618426007864,6033408,7266304,46,31
1618426009104,6021120,7221248,46,31
1618426010327,6021120,7221248,46,31
1618426011548,6021120,7221248,46,31
1618426012780,6021120,7221248,46,31
1618426014093,6021120,7221248,46,31
1618426015439,6021120,7221248,46,31
1618426016700,6021120,7221248,46,31
1618426017970,6021120,7221248,46,31
1618426019236,6021120,7221248,46,31
1618426020488,6021120,7221248,46,31
1618426021748,6021120,7221248,46,31
1618426023013,6021120,7221248,46,31
1618426024287,6021120,7221248,46,31
1618426025574,6021120,7221248,46,31
1618426026839,6021120,7221248,46,31
1618426028080,6021120,7221248,46,31
1618426029358,6021120,7221248,46,31
1618426030645,6021120,7221248,46,31
1618426031900,6021120,7221248,46,31
1618426033127,6021120,7221248,46,31
1618426034402,6021120,7221248,46,31
1618426035647,6021120,7221248,46,31
1618426036949,6021120,7221248,46,31
1618426038243,6021120,7221248,46,31
1618426039501,6021120,7221248,46,31
1618426040763,6021120,7221248,46,31
1618426042052,6021120,7221248,46,31
1618426043339,6021120,7221248,46,31
1618426044637,6021120,7221248,46,31
1618426045901,6021120,7221248,46,31
1618426047145,6021120,7221248,46,31
1618426048421,6021120,7221248,46,31
1618426049697,6021120,7221248,46,31
1618426050952,6021120,7221248,46,31
1618426052225,6021120,7221248,46,31
1618426053642,6021120,7221248,46,31
1618426054920,6021120,7221248,46,31
1618426056215,6021120,7221248,46,31
1618426057509,6021120,7221248,46,31
1618426058839,6021120,7221248,46,31
1618426060179,6021120,7221248,46,31
1618426061498,6021120,7221248,46,31
1618426062861,6021120,7221248,46,31
1618426064167,6021120,7221248,46,31
1618426065432,6021120,7221248,46,31
1618426066672,6021120,7221248,46,31
1618426067926,6021120,7221248,46,31
1618426069176,6021120,7221248,46,31
1618426070454,6021120,7221248,46,31
1618426071737,6021120,7221248,46,31
1618426072995,6021120,7221248,46,31
1618426074231,6021120,7221248,46,31
1618426075494,6021120,7221248,46,31
1618426076780,6021120,7221248,46,31
1618426078048,6021120,7221248,46,31
1618426079342,6021120,7221248,46,31
1618426080640,6021120,7221248,46,31
1618426081885,6021120,7221248,46,31
1618426083128,6021120,7221248,46,31
1618426084376,6021120,7221248,46,31
1618426085720,6021120,7221248,46,31
1618426087055,6021120,7221248,46,31
1618426088364,6021120,7221248,46,31
1618426089644,6021120,7221248,46,31
1618426090927,6021120,7221248,46,31
1618426092215,6021120,7221248,46,31
1618426093472,6021120,7221248,46,31
1618426094724,6021120,7221248,46,31
1618426095977,6021120,7221248,46,31
1618426097235,6021120,7221248,46,31
1618426098478,6021120,7221248,46,31
1618426099783,6021120,7221248,46,31
1618426101096,6021120,7221248,46,31
1618426102340,6021120,7221248,46,31
1618426103606,6021120,7221248,46,31
1618426104859,6021120,7221248,46,31
1618426106134,6021120,7221248,46,31
1618426107405,6021120,7221248,46,31
1618426108631,6021120,7221248,46,31
1618426109851,6021120,7221248,46,31
1618426111099,6021120,7221248,46,31
1618426112371,6021120,7221248,46,31
1618426113584,6021120,7221248,46,31
1618426114824,6021120,7221248,46,31
1618426116053,6021120,7221248,46,31
1618426117289,6021120,7221248,46,31
1618426118567,6021120,7221248,46,31
1618426119824,6021120,7221248,46,31
1618426121055,6021120,7221248,46,31
1618426122302,6021120,7221248,46,31
1618426123552,6021120,7221248,46,31
1618426124833,6021120,7221248,46,31
1618426126122,6021120,7221248,46,31
1618426127418,6021120,7221248,46,31
1618426128832,6021120,7221248,46,31
1618426130200,6021120,7221248,46,31
1618426131578,6021120,7221248,46,31
1618426132964,6021120,7221248,46,31
1618426134235,6021120,7221248,46,31
1618426135504,6021120,7221248,46,31
1618426136841,6021120,7221248,46,31
1618426138146,6021120,7221248,46,31
1618426139428,6021120,7221248,46,31
1618426140718,6021120,7221248,46,31
1618426142007,6021120,7221248,46,31
1618426143334,6021120,7221248,46,31
1618426144610,6021120,7221248,46,31
1618426145911,6021120,7221248,46,31
1618426147180,6021120,7221248,46,31
1618426148454,6021120,7221248,46,31
1618426149737,6021120,7221248,46,31
1618426151004,6021120,7221248,46,31
1618426152290,6021120,7221248,46,31
1618426153571,6021120,7221248,46,31
1618426154947,6021120,7221248,46,31
1618426156252,6021120,7221248,46,31
1618426157547,6021120,7221248,46,31
1618426158828,6021120,7221248,46,31
1618426160097,6021120,7221248,46,31
1618426161388,6021120,7221248,46,31
1618426162747,6021120,7221248,46,31
1618426164031,6021120,7221248,46,31
1618426165336,6021120,7221248,46,31
1618426166601,6021120,7221248,46,31
1618426167870,6021120,7221248,46,31
1618426169190,6021120,7221248,46,31
1618426170481,6021120,7221248,46,31
1618426171760,6021120,7221248,46,31
1618426173016,6021120,7221248,46,31
1618426174278,6021120,7221248,46,31
1618426175538,6021120,7221248,46,31
1618426176852,6021120,7221248,46,31
1618426178138,6021120,7221248,46,31
1618426179417,6021120,7221248,46,31
1618426180679,6021120,7221248,46,31
1618426181932,6021120,7221248,46,31
1618426183189,6021120,7221248,46,31
1618426184448,6021120,7221248,46,31
1618426185725,6021120,7221248,46,31
1618426187041,6021120,7221248,46,31
1618426188510,6021120,7221248,46,31
1618426189790,6021120,7221248,46,31
1618426191155,6021120,7221248,46,31
1618426192478,6021120,7221248,46,31
1618426193787,6021120,7221248,46,31
1618426195082,6021120,7221248,46,31
1618426196325,6021120,7221248,46,31
1618426197612,6021120,7221248,46,31
1618426198914,6021120,7221248,46,31
1618426200178,6021120,7221248,46,31
1618426201439,6021120,7221248,46,31
1618426202710,6021120,7221248,46,31
1618426203993,6021120,7221248,46,31
1618426205295,6021120,7221248,46,31
1618426206541,6021120,7221248,46,31
1618426207801,6021120,7221248,46,31
1618426209083,6021120,7221248,46,31
1618426210371,6021120,7221248,46,31
1618426211657,6021120,7221248,46,31
1618426212941,6021120,7221248,46,31
1618426214326,6021120,7221248,46,31
1618426215618,6021120,7221248,46,31
1618426216895,6021120,7221248,46,31
1618426218197,6021120,7221248,46,31
1618426219532,6021120,7221248,46,31
1618426220875,6021120,7221248,46,31
1618426222195,6021120,7221248,46,31
1618426223523,6021120,7221248,46,31
1618426224793,6021120,7221248,46,31
1618426226147,6021120,7221248,46,31
1618426227384,6021120,7221248,46,31
1618426228606,6021120,7221248,46,31
1618426229891,6021120,7221248,46,31
1618426231145,6021120,7221248,46,31
1618426232441,6021120,7221248,46,31
1618426233717,6021120,7221248,46,31
1618426235028,6021120,7221248,46,31
1618426236517,6021120,7221248,62,31
1618426237924,6021120,7221248,62,31
1618426239281,6021120,7221248,62,31
1618426240574,6021120,7221248,62,31
1618426241902,6021120,7221248,62,31
1618426243279,6021120,7221248,62,31
1618426244651,6021120,7221248,62,31
1618426245961,6021120,7221248,62,31
1618426247315,6021120,7221248,62,31
1618426248616,6021120,7221248,62,31
1618426250010,6021120,7221248,62,31
1618426251532,6021120,7221248,62,31
1618426252802,6021120,7221248,62,31
1618426254085,6021120,7221248,62,31
1618426255640,6021120,7221248,62,31
1618426257099,6021120,7221248,62,31
1618426258556,6021120,7221248,62,31
1618426260025,6021120,7221248,62,31
1618426261513,6021120,7221248,62,31
1618426262974,6021120,7221248,62,31
1618426264401,6021120,7221248,62,31
1618426265761,6021120,7221248,62,31
1618426267024,6021120,7221248,62,31
1618426268309,6021120,7221248,62,31
1618426269691,6021120,7221248,62,31
1618426271086,6021120,7221248,62,31
1