# timestamp,resident_bytes,total_bytes,system_millis,user_millis
1619544628115,23740416,52248576,546,359
1619544629042,23322624,51298304,562,390
1619544629904,22863872,50380800,562,390
1619544630736,22421504,49496064,562,390
1619544631583,21970944,48594944,562,390
1619544632418,21536768,47726592,562,390
1619544633244,21102592,46850048,562,390
1619544634129,20643840,45932544,562,390
1619544634946,20217856,45080576,562,390
1619544635783,19783680,44212224,562,390
1619544636608,19341312,43327488,562,390
1619544637429,19161088,42967040,562,390
1619544638260,19161088,42967040,562,390
1619544639118,19161088,42967040,562,390
1619544639945,19161088,42967040,562,390
1619544640785,19161088,42967040,562,390
1619544641657,19161088,42967040,562,390
1619544642471,19161088,42967040,562,390
1619544643294,19161088,42967040,562,390
1619544644113,19161088,42967040,562,390
1619544644923,19161088,42967040,562,390
1619544645767,19161088,42967040,562,390
1619544646581,19161088,42967040,562,390
1619544647429,19161088,42967040,562,390
1619544648276,19161088,42967040,562,390
1619544649136,19161088,42967040,562,390
1619544650031,19161088,42967040,562,390
1619544650937,19161088,42967040,562,390
1619544651857,19161088,42967040,562,390
1619544652916,19161088,42967040,562,390
1619544653854,19161088,42967040,562,390
1619544654776,19161088,42967040,562,390
1619544655656,19161088,42967040,562,390
1619544656493,19161088,42967040,562,390
1619544657350,19132416,42876928,562,390
1619544658473,19132416,42876928,562,390
1619544659413,19132416,42876928,562,390
1619544660356,19132416,42876928,562,390
1619544661240,19132416,42876928,562,390
1619544662115,19132416,42876928,562,390
1619544662999,19132416,42876928,562,390
1619544663967,19132416,42876928,562,390
1619544664862,19132416,42876928,562,390
1619544665763,19132416,42876928,562,390
1619544666787,19132416,42876928,562,390
1619544667725,19132416,42876928,562,390
1619544668667,19132416,42876928,562,390
1619544669587,19132416,42876928,562,390
1619544670550,19132416,42876928,562,390
1619544671507,19132416,42876928,562,390
1619544672405,19132416,42876928,562,390
1619544673256,19132416,42876928,562,390
1619544674228,19132416,42876928,562,390
1619544675251,19132416,42876928,562,390
1619544676228,19132416,42876928,562,390
1619544677187,19132416,42876928,562,390
1619544678069,19132416,42876928,562,390
1619544679011,19132416,42876928,562,390
1619544679928,19132416,42876928,562,390
1619544680808,19132416,42876928,562,390
1619544681677,19132416,42876928,562,390
1619544682563,19132416,42876928,562,390
1619544683419,19132416,42876928,562,390
1619544684270,19132416,42876928,562,390
1619544685134,19132416,42876928,562,390
1619544686056,19132416,42876928,562,390
1619544686935,19132416,42876928,562,390
1619544687784,19132416,42876928,562,390
1619544688640,19132416,42876928,562,390
1619544689455,19132416,42876928,562,390
1619544690317,19132416,42876928,562,390
1619544691218,19132416,42876928,562,390
1619544692092,19132416,42876928,562,390
1619544692951,19132416,42876928,562,390
1619544693895,19132416,42876928,562,390
1619544694746,19132416,42876928,562,390
1619544695707,19132416,42876928,562,390
1619544696548,19132416,42876928,562,390
1619544697431,19132416,42876928,562,390
1619544698385,19132416,42876928,562,390
1619544699205,19132416,42876928,562,390
1619544700100,19132416,42876928,562,390
1619544701110,19132416,42876928,562,390
1619544702016,19132416,42876928,562,390
1619544702886,19132416,42876928,562,390
1619544703750,19132416,42876928,562,390
1619544704596,19132416,42876928,562,390
1619544705449,19132416,42876928,562,390
1619544706268,19132416,42876928,562,390
1619544707123,19132416,42876928,562,390
1619544707961,19132416,42876928,562,390
1619544708781,19132416,42876928,562,390
1619544709616,19132416,42876928,562,390
1619544710551,19132416,42876928,562,390
1619544711399,19132416,42876928,562,390
1619544712234,19132416,42876928,562,390
1619544713064,19132416,42876928,562,390
1619544713915,19132416,42876928,562,390
1619544714816,19132416,42876928,562,390
1619544715711,19132416,42876928,562,390
1619544716579,19132416,42876928,562,390
1619544717470,19132416,42876928,562,390
1619544718334,19132416,42876928,562,390
1619544719240,19132416,42876928,562,390
1619544720167,19132416,42876928,562,390
1619544721069,19132416,42876928,562,390
1619544721943,19132416,42876928,562,390
1619544722799,19132416,42876928,562,390
1619544723646,19132416,42876928,562,390
1619544724497,19132416,42876928,562,390
1619544725362,19132416,42876928,562,390
1619544726207,19132416,42876928,562,390
1619544727079,19132416,42876928,562,390
1619544727924,19132416,42876928,562,390
1619544728766,19132416,42876928,562,390
1619544729619,19132416,42876928,562,390
1619544730457,19132416,42876928,562,390
1619544731281,19132416,42876928,562,390
1619544732115,19132416,42876928,562,390
1619544732976,19132416,42876928,562,390
1619544733807,19132416,42876928,562,390
1619544734659,19132416,42876928,562,390
1619544735636,19132416,42876928,562,390
1619544736540,19132416,42876928,562,390
1619544737492,19132416,42876928,562,390
1619544738408,19132416,42876928,562,390
1619544739251,19132416,42876928,562,390
1619544740137,19132416,42876928,562,390
1619544741038,19132416,42876928,562,390
1619544741942,19132416,42876928,562,390
1619544742869,19132416,42876928,562,390
1619544743756,19132416,42876928,562,390
1619544744624,19132416,42876928,562,390
1619544745476,19132416,42876928,562,390
1619544746361,19132416,42876928,562,390
1619544747209,19132416,42876928,562,390
1619544748095,19132416,42876928,562,390
1619544748954,19132416,42876928,562,390
1619544749864,19132416,42876928,562,390
1619544750788,19132416,42876928,562,390
1619544751636,19132416,42876928,562,390
1619544752537,19132416,42876928,562,390
1619544753442,19132416,42876928,562,390
1619544754334,19132416,42876928,562,390
1619544755205,19132416,42876928,562,390
1619544756146,19132416,42876928,562,390
1619544757165,19132416,42876928,562,390
1619544758028,19132416,42876928,562,390
1619544758880,19132416,42876928,562,390
1619544759772,19132416,42876928,562,390
1619544760663,19132416,42876928,562,390
1619544761549,19132416,42876928,562,390
1619544762420,19132416,42876928,562,390
1619544763303,19132416,42876928,562,390
1619544764193,19132416,42876928,562,390
1619544765062,19132416,42876928,562,390
1619544765947,19132416,42876928,562,390
1619544766840,19132416,42876928,562,390
1619544767745,19132416,42876928,562,390
1619544768608,19132416,42876928,562,390
1619544769496,19132416,42876928,562,390
1619544770381,19132416,42876928,562,390
1619544771281,19132416,42876928,562,390
1619544772172,19132416,42876928,562,390
1619544773078,19132416,42876928,562,390
1619544773971,19132416,42876928,562,390
1619544774861,19132416,42876928,562,390
1619544775756,19132416,42876928,562,390
1619544776624,19132416,42876928,562,390
1619544777513,19132416,42876928,562,390
1619544778392,19132416,42876928,562,390
1619544779256,19132416,42876928,562,390
1619544780170,19132416,42876928,562,390
1619544781066,19132416,42876928,562,390
1619544781974,19132416,42876928,562,390
1619544782895,19132416,42876928,562,390
1619544783788,19132416,42876928,562,390
1619544784707,19132416,42876928,562,390
1619544785637,19132416,42876928,562,390
1619544786594,19132416,42876928,562,390
1619544787523,19132416,42876928,562,390
1619544788433,19132416,42876928,562,390
1619544789315,19132416,42876928,562,390
1619544790186,19132416,42876928,562,390
1619544791064,19132416,42876928,562,390
1619544791959,19132416,42876928,562,390
1619544792845,19132416,42876928,562,390
1619544793739,19132416,42876928,562,390
1619544794595,19132416,42876928,562,390
1619544795494,19132416,42876928,562,390
1619544796378,19132416,42876928,562,390
1619544797233,19132416,42876928,562,390
1619544798105,19132416,42876928,562,390
1619544799119,19132416,42876928,562,390
1619544800073,19132416,42876928,562,390
1619544801148,19132416,42876928,562,390
1619544802261,19132416,42876928,562,390
1619544803303,19132416,42876928,562,390
1619544804392,19132416,42876928,562,390
1619544805425,19132416,42876928,562,390
1619544806700,19132416,42876928,562,390
1619544807603,19132416,42876928,562,390
1619544808513,19132416,42876928,562,390
1619544809479,19132416,42876928,562,390
1619544810495,19132416,42876928,562,390
1619544811412,19132416,42876928,562,390
1619544812408,19132416,42876928,562,390
1619544813311,19132416,42876928,562,390
1619544814206,19132416,42876928,562,390
1619544815130,19132416,42876928,562,390
1619544816121,19132416,42876928,562,390
1619544817115,19107840,42827776,562,390
1619544818039,18722816,42057728,562,390
1619544818914,18722816,42057728,562,390
1619544819817,18722816,42057728,562,390
1619544820705,18722816,42057728,562,390
1619544821620,18722816,42057728,562,390
1619544822501,18722816,42057728,562,390
1619544823450,18722816,42057728,562,390
1619544824394,18722816,42057728,562,390
1619544825259,18722816,42057728,562,390
1619544826152,18722816,42057728,562,390
1619544827024,18722816,42057728,562,390
1619544827931,18722816,42057728,562,390
1619544828836,18722816,42057728,562,390
1619544829713,18722816,42057728,562,390
1619544830579,18722816,42057728,562,390
1619544831576,18722816,42057728,562,390
1619544832482,18722816,42057728,562,390
1619544833377,18722816,42057728,562,390
1619544834291,18722816,42057728,562,390
1619544835192,18722816,42057728,562,390
1619544836083,18722816,42057728,562,390
1619544836979,18722816,42057728,562,390
1619544837893,18722816,42057728,562,390
1619544838780,18722816,42057728,562,390
1619544839645,18722816,42057728,562,390
1619544840557,18722816,42057728,562,390
1619544841439,18722816,42057728,562,390
1619544842352,18722816,42057728,562,390
1619544843262,18722816,42057728,562,390
1619544844127,18722816,42057728,562,390
1619544845057,18722816,42057728,562,390
1619544845940,18722816,42057728,562,390
1619544846884,18722816,42057728,562,390
1619544847862,18722816,42057728,562,390
1619544848811,18722816,42057728,562,390
1619544849771,18722816,42057728,562,390
1619544850747,18722816,42057728,562,390
1619544851727,18722816,42057728,562,390
1619544852720,18722816,42057728,562,390
1619544853595,18722816,42057728,562,390
1619544854487,18722816,42057728,562,390
1619544855364,18722816,42057728,562,390
1619544856261,18722816,42057728,562,390
1619544857162,18722816,42057728,562,390
1619544858049,18722816,42057728,562,390
1619544859202,18722816,42057728,562,390
1619544860155,18722816,42057728,562,390
1619544861028,18722816,42057728,562,390
1619544861961,18722816,42057728,562,390
1619544862957,18722816,42057728,562,390
1619544863937,18722816,42057728,562,390
1619544864875,18722816,42057728,562,390
1619544865759,18722816,42057728,562,390
1619544866686,18722816,42057728,562,390
1619544867578,18722816,42057728,562,390
1619544868463,18722816,42057728,562,390
1619544869388,18722816,42057728,562,390
1619544870322,18722816,42057728,562,390
1619544871213,18722816,42057728,562,390
1619544872150,18722816,42057728,562,390
1619544873075,18722816,42057728,562,390
1619544873980,18722816,42057728,562,390
1619544874887,18722816,42057728,562,390
1619544875785,18722816,42057728,562,390
1619544876705,18722816,42057728,562,390
1619544877622,18722816,42057728,562,390
1619544878511,18722816,42057728,562,390
1619544879399,18722816,42057728,562,390
1619544880293,18722816,42057728,562,390
1619544881208,18722816,42057728,562,390
1619544882098,18722816,42057728,562,390
1619544882990,18722816,42057728,562,390
1619544883886,18722816,42057728,562,390
1619544884768,18722816,42057728,562,390
1619544885744,18722816,42057728,562,390
1619544886734,18722816,42057728,562,390
1619544887674,18722816,42057728,562,390
1619544888574,18722816,42057728,562,390
1619544889465,18722816,42057728,562,390
1619544890377,18722816,42057728,562,390
1619544891234,18722816,42057728,562,390
1619544892116,18722816,42057728,562,390
1619544893036,18722816,42057728,562,390
1619544893938,18722816,42057728,562,390
1619544894853,18722816,42057728,562,390
1619544895765,18722816,42057728,562,390
1619544896647,18722816,42057728,562,390
1619544897562,18722816,42057728,562,390
1619544898503,18722816,42057728,562,390
1619544899401,18722816,42057728,562,390
1619544900302,18722816,42057728,562,390
1619544901196,18722816,42057728,562,390
1619544902119,18722816,42057728,562,390
1619544903027,18722816,42057728,562,390
1619544903941,18722816,42057728,562,390
1619544904836,18722816,42057728,562,390
1619544905740,18722816,42057728,562,390
1619544906648,18722816,42057728,562,390
1619544907553,18722816,42057728,562,390
1619544908447,18722816,42057728,562,390
1619544909329,18722816,42057728,562,390
1619544910249,18722816,42057728,562,390
1619544911191,18722816,42057728,562,390
1619544912097,18722816,42057728,562,390
1619544913002,18722816,42057728,562,390
1619544913977,18722816,42057728,562,390
1619544915067,18722816,42057728,562,390
1619544916027,18722816,42057728,562,390
1619544916955,18722816,42057728,562,390
1619544917913,18722816,42057728,562,390
1619544918834,18722816,42057728,562,390
1619544919775,18722816,42057728,562,390
1619544920842,18722816,42057728,562,390
1619544921898,18722816,42057728,562,390
1619544922997,18722816,42057728,562,390
1619544923975,18722816,42057728,562,390
1619544925138,18722816,42057728,562,390
1619544926176,18722816,42057728,562,390
1619544927197,18722816,42057728,562,390
1619544928203,18722816,42057728,562,390
1619544929272,18722816,42057728,562,390
1619544930251,18722816,42057728,562,390
1619544931147,18722816,42057728,562,390
1619544932015,18722816,42057728,562,390
1619544932905,18722816,42057728,562,390
1619544933815,18722816,42057728,562,390
1619544934729,18722816,42057728,562,390
1619544935647,18722816,42057728,562,390
1619544936566,18722816,42057728,562,390
1619544937482,18722816,42057728,562,390
1619544938444,18386944,41385984,562,390
1619544939348,18214912,41041920,562,390
1619544940463,18214912,41041920,562,390
1619544941899,18214912,41041920,562,390
1619544943070,18214912,41041920,562,390
1619544944089,18214912,41041920,562,390
1619544945320,18214912,41041920,562,390
1619544946314,18214912,41041920,562,390
1619544947254,18214912,41041920,562,390
1619544948240,18214912,41041920,562,390
1619544949131,18214912,41041920,562,390
1619544950085,18214912,41041920,562,390
1619544950969,18214912,41041920,562,390
1619544951952,18214912,41041920,562,390
1619544952937,18214912,41041920,562,390
1619544953901,18214912,41041920,562,390
1619544954818,18214912,41041920,562,390
1619544955758,18214912,41041920,562,390
1619544956695,18214912,41041920,562,390
1619544957596,18214912,41041920,562,390
1619544958509,18214912,41041920,562,390
1619544959422,18214912,41041920,562,390
1619544960344,18214912,41041920,562,390
1619544961228,18214912,41041920,562,390
1619544962167,18214912,41041920,562,390
1619544963103,18214912,41041920,562,390
1619544964034,18214912,41041920,562,390
1619544964961,18214912,41041920,562,390
1619544965855,18214912,41041920,562,390
1619544966822,18214912,41041920,562,390
1619544967780,18214912,41041920,562,390
1619544968707,18214912,41041920,562,390
1619544969647,18214912,41041920,562,390
1619544970607,18214912,41041920,562,390
1619544971683,18214912,41041920,562,390
1619544972616,18214912,41041920,562,390
1619544973662,18214912,41041920,562,390
1619544974789,18214912,41041920,562,390
1619544975980,18214912,41041920,562,390
1619544977212,18214912,41041920,562,390
1619544978215,18214912,41041920,562,390
1619544979294,18214912,41041920,562,390
1619544980429,18214912,41041920,562,390
1619544981519,18214912,41041920,562,390
1619544982586,18214912,41041920,562,390
1619544983712,18214912,41041920,562,390
1619544984687,18214912,41041920,562,390
1619544985662,18214912,41041920,562,390
1619544986774,18214912,41041920,562,390
1619544987746,18214912,41041920,562,390
1619544988725,18214912,41041920,562,390
1619544989710,18214912,41041920,562,390
1619544990680,18214912,41041920,562,390
1619544991684,18214912,41041920,562,390
1619544992657,18214912,41041920,562,390
1619544993668,18214912,41041920,562,390
1619544994799,18214912,41041920,562,390
1619544995943,18214912,41041920,562,390
1619544997052,18214912,41041920,562,390
1619544998014,18214912,41041920,562,390
1619544998921,18280448,41172992,562,390
1619544999848,18280448,41172992,562,390
1619545000754,18280448,41172992,562,390
1619545001658,18280448,41172992,562,390
1619545002569,18280448,41172992,562,390
1619545003464,18280448,41172992,562,390
1619545004371,18280448,41172992,562,390
1619545005281,18280448,41172992,562,390
1619545006157,18280448,41172992,562,390
1619545007038,18280448,41172992,562,390
1619545007941,18280448,41172992,562,390
1619545008866,18280448,41172992,562,390
1619545009798,18280448,41172992,562,390
1619545010695,18280448,41172992,562,390
1619545011570,18280448,41172992,562,390
1619545012467,18280448,41172992,562,390
1619545013343,18280448,41172992,562,390
1619545014254,18280448,41172992,562,390
1619545015185,18280448,41172992,562,390
1619545016122,18280448,41172992,562,390
1619545017073,18280448,41172992,562,390
1619545018215,18280448,41172992,562,390
1619545019197,18280448,41172992,562,390
1619545020167,18280448,41172992,562,390
1619545021136,18280448,41172992,562,390
1619545022143,18280448,41172992,562,390
1619545023129,18280448,41172992,562,390
1619545024094,18280448,41172992,562,390
1619545025018,18280448,41172992,562,390
1619545025964,18280448,41172992,562,390
1619545026889,18280448,41172992,562,390
1619545027943,18280448,41172992,562,390
1619545029099,18280448,41172992,562,390
1619545030030,18280448,41172992,562,390
1619545030911,18280448,41172992,562,390
1619545031777,18280448,41172992,562,390
1619545032651,18280448,41172992,562,390
1619545033562,18280448,41172992,562,390
1619545034425,18280448,41172992,562,390
1619545035309,18280448,41172992,562,390
1619545036291,18280448,41172992,562,390
1619545037236,18280448,41172992,562,390
1619545038213,18280448,41172992,562,390
1619545039163,18280448,41172992,562,390
1619545040074,18280448,41172992,562,390
1619545041022,18280448,41172992,562,390
1619545042029,18280448,41172992,562,390
1619545042953,18280448,41172992,562,390
1619545043929,18280448,41172992,562,390
1619545045014,18280448,41172992,562,390
1619545046117,18280448,41172992,562,390
1619545047087,18280448,41172992,562,390
1619545048087,18280448,41172992,562,390
1619545049093,18280448,41172992,562,390
1619545050059,18280448,41172992,562,390
1619545051047,18280448,41172992,562,390
1619545052068,18280448,41172992,562,390
1619545053083,18280448,41172992,562,390
1619545054050,18280448,41172992,562,390
1619545055022,18280448,41172992,562,390
1619545055996,18280448,41172992,562,390
1619545056928,18280448,41172992,562,390
1619545057884,18280448,41172992,562,390
1619545058832,18280448,41172992,562,390
1619545059959,18280448,41172992,562,390
1619545060994,18280448,41172992,562,390
1619545062022,18280448,41172992,562,390
1619545062988,18280448,41172992,562,390
1619545063906,18280448,41172992,562,390
1619545064828,18280448,41172992,562,390
1619545065820,18280448,41172992,562,390
1619545066768,18280448,41172992,562,390
1619545067716,18280448,41172992,562,390
1619545068711,18280448,41172992,562,390
1619545069633,18280448,41172992,562,390
1619545070645,18280448,41172992,562,390
1619545071571,18280448,41172992,562,390
1619545072514,18280448,41172992,562,390
1619545073478,18280448,41172992,562,390
1619545074409,18280448,41172992,562,390
1619545075260,18280448,41172992,562,390
1619545076194,18280448,41172992,562,390
1619545077058,18280448,41172992,562,390
1619545077983,18280448,41172992,562,390
1619545078889,18280448,41172992,562,390
1619545079743,18280448,41172992,562,390
1619545080623,18280448,41172992,562,390
1619545081485,18280448,41172992,562,390
1619545082364,18280448,41172992,562,390
1619545083238,18280448,41172992,562,390
1619545084113,18280448,41172992,562,390
1619545084969,18280448,41172992,562,390
1619545085838,18280448,41172992,562,390
1619545086730,18280448,41172992,562,390
1619545087593,18280448,41172992,562,390
1619545088463,18280448,41172992,562,390
1619545089335,18280448,41172992,562,390
1619545090210,18280448,41172992,562,390
1619545091087,18280448,41172992,562,390
1619545091943,18280448,41172992,562,390
1619545092847,18280448,41172992,562,390
1619545093722,18280448,41172992,562,390
1619545094609,18280448,41172992,562,390
1619545095462,18280448,41172992,562,390
1619545096332,18280448,41172992,562,390
1619545097207,18280448,41172992,562,390
1619545098086,18280448,41172992,562,390
1619545098983,18280448,41172992,562,390
1619545099904,18280448,41172992,562,390
1619545100827,18280448,41172992,562,390
1619545101703,18280448,41172992,562,390
1619545102565,18280448,41172992,562,390
1619545103404,18280448,41172992,562,390
1619545104263,18280448,41172992,562,390
1619545105127,18280448,41172992,562,390
1619545106016,18280448,41172992,562,390
1619545106872,18280448,41172992,562,390
1619545107719,18280448,41172992,562,390
1619545108623,18280448,41172992,562,390
1619545109482,18280448,41172992,562,390
1619545110383,18280448,41172992,562,390
1619545111382,18280448,41172992,562,390
1619545112340,18280448,41172992,562,390
1619545113350,18280448,41172992,562,390
1619545114428,18280448,41172992,562,390
1619545115402,18280448,41172992,562,390
1619545116323,18280448,41172992,562,390
1619545117230,18280448,41172992,562,390
1619545118155,18280448,41172992,562,390
1619545119112,18280448,41172992,562,390
1619545120126,18280448,41172992,562,390
1619545121096,18280448,41172992,562,390
1619545122178,18280448,41172992,562,390
1619545123149,18280448,41172992,562,390
1619545124272,18280448,41172992,562,390
1619545125271,18280448,41172992,562,390
1619545126299,18280448,41172992,562,390
1619545127302,18280448,41172992,562,390
1619545128385,18280448,41172992,562,390
1619545129382,18280448,41172992,562,390
1619545130430,18280448,41172992,562,390
1619545131466,18280448,41172992,562,390
1619545132487,18280448,41172992,562,390
1619545133455,18280448,41172992,562,390
1619545134407,18280448,41172992,562,390
1619545135340,18280448,41172992,562,390
1619545136310,18280448,41172992,562,390
1619545137392,18280448,41172992,562,390
1619545138487,18280448,41172992,562,390
1619545139475,18280448,41172992,562,390
1619545140450,18280448,41172992,562,390
1619545141568,18280448,41172992,562,390
1619545142508,18280448,41172992,562,390
1619545143461,18280448,41172992,562,390
1619545144393,18280448,41172992,562,390
1619545145322,18280448,41172992,562,390
1619545146331,18280448,41172992,562,390
1619545147247,18280448,41172992,562,390
1619545148176,18280448,41172992,562,390
1619545149107,18280448,41172992,562,390
1619545150048,18280448,41172992,562,390
1619545151109,18280448,41172992,562,390
1619545152150,18280448,41172992,562,390
1619545153068,18280448,41172992,562,390
1619545153969,18280448,41172992,562,390
1619545154834,18280448,41172992,562,390
1619545155693,18280448,41172992,562,390
1619545156571,18280448,41172992,562,390
1619545157469,18280448,41172992,562,390
1619545158371,18280448,41172992,562,390
1619545159249,18280448,41172992,562,390
1619545160106,18280448,41172992,562,390
1619545160990,18280448,41172992,562,390
1619545161897,18280448,41172992,562,390
1619545162762,18280448,41172992,562,390
1619545163611,18280448,41172992,562,390
1619545164453,18280448,41172992,562,390
1619545165301,18280448,41172992,562,390
1619545166155,18280448,41172992,562,390
1619545167035,18280448,41172992,562,390
1619545167884,18280448,41172992,562,390
1619545168764,18280448,41172992,562,390
1619545169709,18280448,41172992,562,390
1619545170834,18280448,41172992,562,390
1619545171764,18280448,41172992,562,390
1619545172634,18280448,41172992,562,390
1619545173506,18280448,41172992,562,390
1619545174385,18280448,41172992,562,390
1619545175253,18280448,41172992,562,390
1619545176151,18280448,41172992,562,390
1619545177067,18280448,41172992,562,390
1619545177969,18280448,41172992,562,390
1619545178896,18247680,41107456,562,390
1619545179777,18214912,41041920,562,390
1619545180682,18214912,41041920,562,390
1619545181558,18214912,41041920,562,390
1619545182416,18214912,41041920,562,390
1619545183305,18214912,41041920,562,390
1619545184180,18214912,41041920,562,390
1619545185057,18214912,41041920,562,390
1619545185942,18214912,41041920,562,390
1619545186981,18214912,41041920,562,390
1619545188080,18214912,41041920,562,390
1619545189140,18214912,41041920,562,390
1619545190139,18214912,41041920,562,390
1619545191215,18214912,41041920,562,390
1619545192251,18214912,41041920,562,390
1619545193177,18214912,41041920,562,390
1619545194079,18214912,41041920,562,390
1619545194941,18214912,41041920,562,390
1619545195863,18214912,41041920,562,390
1619545196737,18214912,41041920,562,390
1619545197677,18214912,41041920,562,390
1619545198689,18214912,41041920,562,390
1619545199732,18214912,41041920,562,390
1619545200658,18214912,41041920,562,390
1619545201574,18214912,41041920,562,390
1619545202457,18214912,41041920,562,390
1619545203309,18214912,41041920,562,390
1619545204158,18214912,41041920,562,390
1619545205029,18214912,41041920,562,390
1619545205942,18214912,41041920,562,390
1619545206817,18214912,41041920,562,390
1619545207672,18214912,41041920,562,390
1619545208548,18214912,41041920,562,390
1619545209406,18214912,41041920,562,390
1619545210304,18214912,41041920,562,390
1619545211139,18214912,41041920,562,390
1619545211973,18214912,41041920,562,390
1619545212808,18214912,41041920,562,390
1619545213668,18214912,41041920,562,390
1619545214508,18214912,41041920,562,390
1619545215389,18214912,41041920,562,390
1619545216247,18214912,41041920,562,390
1619545217089,18214912,41041920,562,390
1619545217949,18214912,41041920,562,390
1619545218802,18214912,41041920,562,390
1619545219755,18214912,41041920,562,390
1619545220711,18214912,41041920,562,390
1619545221565,18214912,41041920,562,390
1619545222473,18214912,41041920,562,390
1619545223362,18214912,41041920,562,390
1619545224212,18214912,41041920,562,390
1619545225113,18214912,41041920,562,390
1619545225995,18214912,41041920,562,390
1619545226912,18214912,41041920,562,390
1619545227793,18214912,41041920,562,390
1619545228623,18214912,41041920,562,390
1619545229471,18214912,41041920,562,390
1619545230307,18214912,41041920,562,390
1619545231165,18214912,41041920,562,390
1619545232019,18214912,41041920,562,390
1619545232884,18214912,41041920,562,390
1619545233776,18214912,41041920,562,390
1619545234666,18214912,41041920,562,390
1619545235797,18214912,41041920,562,390
1619545236677,18214912,41041920,562,390
1619545237666,18214912,41041920,562,390
1619545238595,18214912,41041920,562,390
1619545239517,18247680,41107456,562,390
1619545240395,18247680,41107456,562,390
1619545241272,18247680,41107456,562,390
1619545242146,18247680,41107456,562,390
1619545243063,18247680,41107456,562,390
1619545243944,18247680,41107456,562,390
1619545244889,18247680,41107456,562,390
1619545245884,18247680,41107456,562,390
1619545246822,18247680,41107456,562,390
1619545247809,18247680,41107456,562,390
1619545248656,18247680,41107456,562,390
1619545249550,18247680,41107456,562,390
1619545250403,18247680,41107456,562,390
1619545251279,18247680,41107456,562,390
1619545252186,18247680,41107456,562,390
1619545253070,18247680,41107456,562,390
1619545253929,18247680,41107456,562,390
1619545254795,18247680,41107456,562,390
1619545255678,18247680,41107456,562,390
1619545256556,18247680,41107456,562,390
1619545257412,18247680,41107456,562,390
1619545258251,18247680,41107456,562,390
1619545259139,18247680,41107456,562,390
1619545259992,18247680,41107456,562,390
1619545260871,18247680,41107456,562,390
1619545261747,18247680,41107456,562,390
1619545262589,18247680,41107456,562,390
1619545263448,18247680,41107456,562,390
1619545264322,18247680,41107456,562,390
1619545265157,18247680,41107456,562,390
1619545266038,18247680,41107456,562,390
1619545266937,18247680,41107456,562,390
1619545267789,18247680,41107456,562,390
1619545268645,18247680,41107456,562,390
1619545269492,18247680,41107456,562,390
1619545270374,18247680,41107456,562,390
1619545271258,18247680,41107456,562,390
1619545272200,18247680,41107456,562,390
1619545273079,18247680,41107456,562,390
1619545273952,18247680,41107456,562,390
1619545274812,18247680,41107456,562,390
1619545275677,18247680,41107456,562,390
1619545276516,18247680,41107456,562,390
1619545277379,18247680,41107456,562,390
1619545278265,18247680,41107456,562,390
1619545279187,18247680,41107456,562,390
1619545280061,18247680,41107456,562,390
1619545280938,18247680,41107456,562,390
1619545281843,18247680,41107456,562,390
1619545282708,18247680,41107456,562,390
1619545283609,18247680,41107456,562,390
1619545284475,18247680,41107456,562,390
1619545285322,18247680,41107456,562,390
1619545286172,18247680,41107456,562,390
1619545287010,18247680,41107456,562,390
1619545287897,18247680,41107456,562,390
1619545288754,18247680,41107456,562,390
1619545289634,18247680,41107456,562,390
1619545290527,18247680,41107456,562,390
1619545291455,18247680,41107456,562,390
1619545292363,18247680,41107456,562,390
1619545293234,18247680,41107456,562,390
1619545294061,18247680,41107456,562,390
1619545295038,18247680,41107456,562,390
1619545295962,18247680,41107456,562,390
1619545296869,18247680,41107456,562,390
1619545297739,18247680,41107456,562,390
1619545298661,18247680,41107456,562,390
1619545299560,18247680,41107456,562,390
1619545300418,18247680,41107456,562,390
1619545301333,18247680,41107456,562,390
1619545302198,18247680,41107456,562,390
1619545303117,18247680,41107456,562,390
1619545304003,18247680,41107456,562,390
1619545304918,18247680,41107456,562,390
1619545305880,18247680,41107456,562,390
1619545306793,18247680,41107456,562,390
1619545307676,18247680,41107456,562,390
1619545308646,18247680,41107456,562,390
1619545309578,18247680,41107456,562,390
1619545310536,18247680,41107456,562,390
1619545311535,18247680,41107456,562,390
1619545312502,18247680,41107456,562,390
1619545313455,18247680,41107456,562,390
1619545314379,18247680,41107456,562,390
1619545315240,18247680,41107456,562,390
1619545316264,18247680,41107456,562,390
1619545317143,18247680,41107456,562,390
1619545318006,18247680,41107456,562,390
1619545318930,18247680,41107456,562,390
1619545319864,18247680,41107456,562,390
1619545320767,18247680,41107456,562,390
1619545321723,18247680,41107456,562,390
1619545322583,18247680,41107456,562,390
1619545323461,18247680,41107456,562,390
1619545324296,18247680,41107456,562,390
1619545325145,18247680,41107456,562,390
1619545325990,18247680,41107456,562,390
1619545326857,18247680,41107456,562,390
1619545327741,18247680,41107456,562,390
1619545328631,18247680,41107456,562,390
1619545329487,18247680,41107456,562,390
1619545330336,18247680,41107456,562,390
1619545331256,18247680,41107456,562,390
1619545332138,18247680,41107456,562,390
1619545333031,18247680,41107456,562,390
1619545333938,18247680,41107456,562,390
1619545334792,18247680,41107456,562,390
1619545335653,18247680,41107456,562,390
1619545336544,18247680,41107456,562,390
1619545337435,18247680,41107456,562,390
1619545338277,18247680,41107456,562,390
1619545339164,18247680,41107456,562,390
1619545340048,18247680,41107456,562,390
1619545340942,18247680,41107456,562,390
1619545341874,18247680,41107456,562,390
1619545342736,18247680,41107456,562,390
1619545343592,18247680,41107456,562,390
1619545344488,18247680,41107456,562,390
1619545345397,18247680,41107456,562,390
1619545346274,18247680,41107456,562,390
1619545347169,18247680,41107456,562,390
1619545348053,18247680,41107456,562,390
1619545348919,18247680,41107456,562,390
1619545349795,18247680,41107456,562,390
1619545350684,18247680,41107456,562,390
1619545351600,18247680,41107456,562,390
1619545352506,18247680,41107456,562,390
1619545353398,18247680,41107456,562,390
1619545354279,18247680,41107456,562,390
1619545355136,18247680,41107456,562,390
1619545356026,18247680,41107456,562,390
1619545356887,18247680,41107456,562,390
1619545357806,18247680,41107456,562,390
1619545358700,18247680,41107456,562,390
1619545359580,18247680,41107456,562,390
1619545360480,18247680,41107456,562,390
1619545361332,18247680,41107456,562,390
1619545362198,18247680,41107456,562,390
1619545363077,18247680,41107456,562,390
1619545363927,18247680,41107456,562,390
1619545364802,18247680,41107456,562,390
1619545365669,18247680,41107456,562,390
1619545366544,18247680,41107456,562,390
1619545367396,18247680,41107456,562,390
1619545368298,18247680,41107456,562,390
1619545369195,18247680,41107456,562,390
1619545370134,18247680,41107456,562,390
1619545370988,18247680,41107456,562,390
1619545371869,18247680,41107456,562,390
1619545372719,18247680,41107456,562,390
1619545373599,18247680,41107456,562,390
1619545374543,18247680,41107456,562,390
1619545375476,18247680,41107456,562,390
1619545376457,18247680,41107456,562,390
1619545377381,18247680,41107456,562,390
1619545378300,18247680,41107456,562,390
1619545379222,18247680,41107456,562,390
1619545380156,18247680,41107456,562,390
1619545381009,18247680,41107456,562,390
1619545381869,18247680,41107456,562,390
1619545382791,18247680,41107456,562,390
1619545383700,18247680,41107456,562,390
1619545384604,18247680,41107456,562,390
1619545385498,18247680,41107456,562,390
1619545386391,18247680,41107456,562,390
1619545387240,18247680,41107456,562,390
1619545388192,18247680,41107456,562,390
1619545389070,18247680,41107456,562,390
1619545389909,18247680,41107456,562,390
1619545390753,18247680,41107456,562,390
1619545391601,18247680,41107456,562,390
1619545392504,18247680,41107456,562,390
1619545393386,18247680,41107456,562,390
1619545394277,18247680,41107456,562,390
1619545395158,18247680,41107456,562,390
1619545396034,18247680,41107456,562,390
1619545396889,18247680,41107456,562,390
1619545397738,18247680,41107456,562,390
1619545398617,18247680,41107456,562,390
1619545399460,18247680,41107456,562,390
1619545400329,18247680,41107456,562,390
1619545401182,18247680,41107456,562,390
1619545402045,18247680,41107456,562,390
1619545402916,18247680,41107456,562,390
1619545403793,18247680,41107456,562,390
1619545404651,18247680,41107456,562,390
1619545405483,18247680,41107456,562,390
1619545406305,18247680,41107456,562,390
1619545407147,18247680,41107456,562,390
1619545408040,18247680,41107456,562,390
1619545408937,18247680,41107456,562,390
1619545409798,18247680,41107456,562,390
1619545410672,18247680,41107456,562,390
1619545411578,18247680,41107456,562,390
1619545412456,18247680,41107456,562,390
1619545413428,18247680,41107456,562,390
1619545414299,18247680,41107456,562,390
1619545415177,18247680,41107456,562,390
1619545416062,18247680,41107456,562,390
1619545416987,18247680,41107456,562,390
1619545417862,18247680,41107456,562,390
1619545418734,18247680,41107456,562,390
1619545419605,18247680,41107456,562,390
1619545420504,18247680,41107456,562,390
1619545421353,18247680,41107456,562,390
1619545422239,18247680,41107456,562,390
1619545423075,18247680,41107456,562,390
1619545423956,18247680,41107456,562,390
1619545424820,18247680,41107456,562,390
1619545425704,18247680,41107456,562,390
1619545426589,18247680,41107456,562,390
1619545427466,18247680,41107456,562,390
1619545428330,18247680,41107456,562,390
1619545429211,18247680,41107456,562,390
1619545430092,18247680,41107456,562,390
1619545430945,18247680,41107456,562,390
1619545431798,18247680,41107456,562,390
1619545432712,18247680,41107456,562,390
1619545433599,18247680,41107456,562,390
1619545434497,18247680,41107456,562,390
1619545435413,18247680,41107456,562,390
1619545436303,18247680,41107456,562,390
1619545437163,18247680,41107456,562,390
1619545438086,18247680,41107456,562,390
1619545438988,18247680,41107456,562,390
1619545439864,18247680,41107456,562,390
1619545440794,18247680,41107456,562,390
1619545441757,18247680,41107456,562,390
1619545442626,18247680,41107456,562,390
1619545443526,18247680,41107456,562,390
1619545444451,18247680,41107456,562,390
1619545445347,18247680,41107456,562,390
1619545446225,18247680,41107456,562,390
1619545447078,18247680,41107456,562,390
1619545447946,18247680,41107456,562,390
1619545448792,18247680,41107456,562,390
1619545449632,18247680,41107456,562,390
1619545450528,18247680,41107456,562,390
1619545451439,18247680,41107456,562,390
1619545452293,18247680,41107456,562,390
1619545453129,18247680,41107456,562,390
1619545453996,18247680,41107456,562,390
1619545454885,18247680,41107456,562,390
1619545455763,18247680,41107456,562,390
1619545456625,18247680,41107456,562,390
1619545457562,18247680,41107456,562,390
1619545458464,18247680,41107456,562,390
1619545459341,18247680,41107456,562,390
1619545460278,18247680,41107456,562,390
1619545461199,18247680,41107456,562,390
1619545462089,18247680,41107456,562,390
1619545463002,18247680,41107456,562,390
1619545463896,18247680,41107456,562,390
1619545464819,18247680,41107456,562,390
1619545465719,18247680,41107456,562,390
1619545466649,18247680,41107456,562,390
1619545467550,18247680,41107456,562,390
1619545468443,18247680,41107456,562,390
1619545469417,18247680,41107456,562,390
1619545470344,18247680,41107456,562,390
1619545471266,18247680,41107456,562,390
1619545472200,18247680,41107456,562,390
1619545473107,18247680,41107456,562,390
1619545474026,18247680,41107456,562,390
1619545474955,18247680,41107456,562,390
1619545475845,18247680,41107456,562,390
1619545476755,18247680,41107456,562,390
1619545477655,18247680,41107456,562,390
1619545478581,18247680,41107456,562,390
1619545479503,18247680,41107456,562,390
1619545480448,18247680,41107456,562,390
1619545481338,18247680,41107456,562,390
1619545482246,18247680,41107456,562,390
1619545483176,18247680,41107456,562,390
1619545484106,18247680,41107456,562,390
1619545485007,18247680,41107456,562,390
1619545485928,18247680,41107456,562,390
1619545486841,18247680,41107456,562,390
1619545487789,18247680,41107456,562,390
1619545488719,18247680,41107456,562,390
1619545489720,18247680,41107456,562,390
1619545490644,18247680,41107456,562,390
1619545491581,18247680,41107456,562,390
1619545492552,18247680,41107456,562,390
1619545493479,18247680,41107456,562,390
1619545494391,18247680,41107456,562,390
1619545495307,18247680,41107456,562,390
1619545496224,18247680,41107456,562,390
1619545497162,18247680,41107456,562,390
1619545498085,18247680,41107456,562,390
1619545499098,18247680,41107456,562,390
1619545500080,18247680,41107456,562,390
1619545501035,18247680,41107456,562,390
1619545502006,18247680,41107456,562,390
1619545502948,18247680,41107456,562,390
1619545503885,18247680,41107456,562,390
1619545504879,18247680,41107456,562,390
1619545505838,18247680,41107456,562,390
1619545506879,18247680,41107456,562,390
1619545507854,18247680,41107456,562,390
1619545508802,18247680,41107456,562,390
1619545509715,18247680,41107456,562,390
1619545510666,18247680,41107456,562,390
1619545511602,18247680,41107456,562,390
1619545512506,18247680,41107456,562,390
1619545513413,18247680,41107456,562,390
1619545514326,18247680,41107456,562,390
1619545515254,18247680,41107456,562,390
1619545516221,18247680,41107456,562,390
1619545517189,18247680,41107456,562,390
1619545518117,18247680,41107456,562,390
1619545519018,18247680,41107456,562,390
1619545519954,18247680,41107456,562,390
1619545520881,18247680,41107456,562,390
1619545521785,18247680,41107456,562,390
1619545522704,18247680,41107456,562,390
1619545523706,18247680,41107456,562,390
1619545524629,18247680,41107456,562,390
1619545525573,18247680,41107456,562,390
1619545526467,18247680,41107456,562,390
1619545527371,18247680,41107456,562,390
1619545528280,18247680,41107456,562,390
1619545529195,18247680,41107456,562,390
1619545530152,18247680,41107456,562,390
1619545531100,18247680,41107456,562,390
1619545532036,18247680,41107456,562,390
1619545532961,18247680,41107456,562,390
1619545533897,18247680,41107456,562,390
1619545534796,18247680,41107456,562,390
1619545535681,18247680,41107456,562,390
1619545536610,18247680,41107456,562,390
1619545537509,18247680,41107456,562,390
1619545538428,18247680,41107456,562,390
1619545539320,18247680,41107456,562,390
1619545540211,18247680,41107456,562,390
1619545541117,18247680,41107456,562,390
1619545542029,18247680,41107456,562,390
1619545542914,18247680,41107456,562,390
1619545543823,18247680,41107456,562,390
1619545544749,18247680,41107456,562,390
1619545545653,18247680,41107456,562,390
1619545546534,18247680,41107456,562,390
1619545547425,18247680,41107456,562,390
1619545548345,18247680,41107456,562,390
1619545549251,18247680,41107456,562,390
1619545550177,18247680,41107456,562,390
1619545551062,18247680,41107456,562,390
1619545551986,18247680,41107456,562,390
1619545552896,18247680,41107456,562,390
1619545553806,18247680,41107456,562,390
1619545554695,18247680,41107456,562,390
1619545555592,18247680,41107456,562,390
1619545556533,18247680,41107456,562,390
1619545557460,18247680,41107456,562,390
1619545558376,18247680,41107456,562,390
1619545559277,18247680,41107456,562,390
1619545560220,18247680,41107456,562,390
1619545561193,18247680,41107456,562,390
1619545562147,18247680,41107456,562,390
1619545563143,18247680,41107456,562,390
1619545564076,18247680,41107456,562,390
1619545565025,18247680,41107456,562,390
1619545565920,18247680,41107456,562,390
1619545566866,18247680,41107456,562,390
1619545567775,18247680,41107456,562,390
1619545568661,18247680,41107456,562,390
1619545569551,18247680,41107456,562,390
1619545570473,18247680,41107456,562,390
1619545571391,18247680,41107456,562,390
1619545572312,18247680,41107456,562,390
1619545573271,18247680,41107456,562,390
1619545574227,18247680,41107456,562,390
1619545575123,18247680,41107456,562,390
1619545576019,18247680,41107456,562,390
1619545576954,18247680,41107456,562,390
1619545577832,18247680,41107456,562,390
1619545578732,18247680,41107456,562,390
1619545579699,18247680,41107456,562,390
1619545580604,18247680,41107456,562,390
1619545581486,18247680,41107456,562,390
1619545582420,18247680,41107456,562,390
1619545583318,18247680,41107456,562,390
1619545584327,18247680,41107456,562,390
1619545585272,18247680,41107456,562,390
1619545586209,18247680,41107456,562,390
1619545587250,18247680,41107456,562,390
1619545588178,18247680,41107456,562,390
1619545589054,18247680,41107456,562,390
1619545589951,18247680,41107456,562,390
1619545590840,18247680,41107456,562,390
1619545591753,18247680,41107456,562,390
1619545592693,18247680,41107456,562,390
1619545593589,18247680,41107456,562,390
1619545594483,18247680,41107456,562,390
1619545595380,18247680,41107456,562,390
1619545596277,18247680,41107456,562,390
1619545597176,18247680,41107456,562,390
1619545598074,18247680,41107456,562,390
1619545598983,18247680,41107456,562,390
1619545599885,18313216,41238528,578,484
1619545600793,18313216,41238528,578,484
1619545601696,18313216,41238528,578,484
1619545602613,18313216,41238528,578,484
1619545603523,18313216,41238528,578,484
1619545604447,18313216,41238528,578,484
1619545605371,18313216,41238528,578,484
1619545606312,18313216,41238528,578,484
1619545607248,18313216,41238528,578,484
1619545608275,18313216,41238528,578,484
1619545609362,18313216,41238528,578,484
1619545610334,18313216,41238528,578,484
1619545611305,18313216,41238528,578,484
1619545612253,18313216,41238528,578,484
1619545613245,18313216,41238528,578,484
1619545614193,18313216,41238528,578,484
1619545615166,18313216,41238528,578,484
1619545616131,18313216,41238528,578,484
1619545617082,18313216,41238528,578,484
1619545618021,18313216,41238528,578,484
1619545618926,18313216,41238528,578,484
1619545619883,18313216,41238528,578,484
1619545620768,18313216,41238528,578,484
1619545621722,18313216,41238528,578,484
1619545622669,18313216,41238528,578,484
1619545623642,18313216,41238528,578,484
1619545624673,18313216,41238528,578,484
1619545625602,18313216,41238528,578,484
1619545626583,18313216,41238528,578,484
1619545627555,18313216,41238528,578,484
1619545628514,18313216,41238528,578,484
1619545629490,18313216,41238528,578,484
1619545630472,18313216,41238528,578,484
1619545631416,18313216,41238528,578,484
1619545632381,18313216,41238528,578,484
1619545633289,18313216,41238528,578,484
1619545634195,18313216,41238528,578,484
1619545635088,18313216,41238528,578,484
1619545636017,18313216,41238528,578,484
1619545637002,18313216,41238528,578,484
1619545638050,18313216,41238528,578,484
1619545639088,18313216,41238528,578,484
1619545640055,18313216,41238528,578,484
1619545641102,18313216,41238528,578,484
1619545642143,18313216,41238528,578,484
1619545643119,18313216,41238528,578,484
1619545644032,18313216,41238528,578,484
1619545644989,18313216,41238528,578,484
1619545645967,18313216,41238528,578,484
1619545646897,18313216,41238528,578,484
1619545647790,18313216,41238528,578,484
1619545648730,18313216,41238528,578,484
1619545649633,18313216,41238528,578,484
1619545650565,18313216,41238528,578,484
1619545651475,18313216,41238528,578,484
1619545652398,18313216,41238528,578,484
1619545653294,18313216,41238528,578,484
1619545654182,18313216,41238528,578,484
1619545655087,18313216,41238528,578,484
1619545655954,18313216,41238528,578,484
1619545656863,18313216,41238528,578,484
1619545657750,18313216,41238528,578,484
1619545658639,18313216,41238528,578,484
1619545659523,18313216,41238528,578,484
1619545660416,18313216,41238528,578,484
1619545661260,18313216,41238528,578,484
1619545662141,18313216,41238528,578,484
1619545663016,18313216,41238528,578,484
1619545663909,18313216,41238528,578,484
1619545664806,18313216,41238528,578,484
1619545665728,18313216,41238528,578,484
1619545666643,18313216,41238528,578,484
1619545667506,18313216,41238528,578,484
1619545668366,18313216,41238528,578,484
1619545669287,18313216,41238528,578,484
1619545670178,18313216,41238528,578,484
1619545671118,18313216,41238528,578,484
1619545672015,18313216,41238528,578,484
1619545672919,18313216,41238528,578,484
1619545673810,18313216,41238528,578,484
1619545674725,18313216,41238528,578,484
1619545675624,18313216,41238528,578,484
1619545676528,18313216,41238528,578,484
1619545677429,18313216,41238528,578,484
1619545678338,18313216,41238528,578,484
1619545679257,18313216,41238528,578,484
1619545680249,18313216,41238528,578,484
1619545681167,18313216,41238528,578,484
1619545682047,18313216,41238528,578,484
1619545682925,18313216,41238528,578,484
1619545683817,18313216,41238528,578,484
1619545684701,18313216,41238528,578,484
1619545685668,18313216,41238528,578,484
1619545686593,18313216,41238528,578,484
1619545687536,18313216,41238528,578,484
1619545688469,18313216,41238528,578,484
1619545689382,18313216,41238528,578,484
1619545690296,18313216,41238528,578,484
1619545691211,18313216,41238528,578,484
1619545692095,18313216,41238528,578,484
1619545692997,18313216,41238528,578,484
1619545693905,18313216,41238528,578,484
1619545694806,18313216,41238528,578,484
1619545695715,18313216,41238528,578,484
1619545696604,18313216,41238528,578,484
1619545697504,18313216,41238528,578,484
1619545698393,18313216,41238528,578,484
1619545699284,18313216,41238528,578,484
1619545700165,18313216,41238528,578,484
1619545701060,18313216,41238528,578,484
1619545702013,18313216,41238528,578,484
1619545702942,18313216,41238528,578,484
1619545703914,18313216,41238528,578,484
1619545704907,18313216,41238528,578,484
1619545705836,18313216,41238528,578,484
1619545706771,18313216,41238528,578,484
1619545707716,18313216,41238528,578,484
1619545708674,18313216,41238528,578,484
1619545709552,18313216,41238528,578,484
1619545710500,18313216,41238528,578,484
1619545711441,18313216,41238528,578,484
1619545712378,18313216,41238528,578,484
1619545713322,18313216,41238528,578,484
1619545714253,18313216,41238528,578,484
1619545715215,18313216,41238528,578,484
1619545716150,18313216,41238528,578,484
1619545717038,18313216,41238528,578,484
1619545717940,18313216,41238528,578,484
1619545718843,18313216,41238528,578,484
1619545719723,18313216,41238528,578,484
1619545720636,18313216,41238528,578,484
1619545721504,18313216,41238528,578,484
1619545722416,18313216,41238528,578,484
1619545723351,18313216,41238528,578,484
1619545724248,18313216,41238528,578,484
1619545725168,18313216,41238528,578,484
161954572